{"/home/taba/myorders-pro/app/app.js": {"path":"/home/taba/myorders-pro/app/app.js","statementMap":{"0":{"start":{"line":1,"column":16},"end":{"line":1,"column":34}},"1":{"start":{"line":2,"column":12},"end":{"line":2,"column":21}},"2":{"start":{"line":4,"column":23},"end":{"line":4,"column":53}},"3":{"start":{"line":5,"column":21},"end":{"line":5,"column":49}},"4":{"start":{"line":7,"column":14},"end":{"line":7,"column":35}},"5":{"start":{"line":8,"column":17},"end":{"line":8,"column":41}},"6":{"start":{"line":9,"column":16},"end":{"line":9,"column":39}},"7":{"start":{"line":10,"column":18},"end":{"line":10,"column":43}},"8":{"start":{"line":11,"column":16},"end":{"line":11,"column":39}},"9":{"start":{"line":12,"column":19},"end":{"line":12,"column":45}},"10":{"start":{"line":13,"column":15},"end":{"line":13,"column":37}},"11":{"start":{"line":14,"column":18},"end":{"line":14,"column":43}},"12":{"start":{"line":15,"column":16},"end":{"line":15,"column":39}},"13":{"start":{"line":16,"column":26},"end":{"line":16,"column":59}},"14":{"start":{"line":18,"column":15},"end":{"line":18,"column":44}},"15":{"start":{"line":23,"column":26},"end":{"line":63,"column":1}},"16":{"start":{"line":24,"column":2},"end":{"line":61,"column":3}},"17":{"start":{"line":27,"column":10},"end":{"line":35,"column":11}},"18":{"start":{"line":28,"column":14},"end":{"line":28,"column":81}},"19":{"start":{"line":29,"column":14},"end":{"line":29,"column":44}},"20":{"start":{"line":30,"column":14},"end":{"line":30,"column":63}},"21":{"start":{"line":33,"column":14},"end":{"line":33,"column":33}},"22":{"start":{"line":34,"column":14},"end":{"line":34,"column":122}},"23":{"start":{"line":37,"column":10},"end":{"line":45,"column":11}},"24":{"start":{"line":38,"column":12},"end":{"line":38,"column":86}},"25":{"start":{"line":39,"column":12},"end":{"line":39,"column":48}},"26":{"start":{"line":40,"column":12},"end":{"line":40,"column":58}},"27":{"start":{"line":43,"column":14},"end":{"line":43,"column":33}},"28":{"start":{"line":44,"column":14},"end":{"line":44,"column":114}},"29":{"start":{"line":47,"column":10},"end":{"line":55,"column":11}},"30":{"start":{"line":48,"column":12},"end":{"line":48,"column":83}},"31":{"start":{"line":49,"column":12},"end":{"line":49,"column":50}},"32":{"start":{"line":50,"column":12},"end":{"line":50,"column":64}},"33":{"start":{"line":53,"column":14},"end":{"line":53,"column":33}},"34":{"start":{"line":54,"column":14},"end":{"line":54,"column":121}},"35":{"start":{"line":57,"column":10},"end":{"line":57,"column":72}},"36":{"start":{"line":59,"column":4},"end":{"line":59,"column":32}},"37":{"start":{"line":62,"column":2},"end":{"line":62,"column":9}},"38":{"start":{"line":66,"column":0},"end":{"line":66,"column":27}},"39":{"start":{"line":71,"column":0},"end":{"line":71,"column":24}},"40":{"start":{"line":72,"column":0},"end":{"line":72,"column":48}},"41":{"start":{"line":77,"column":0},"end":{"line":77,"column":63}},"42":{"start":{"line":79,"column":0},"end":{"line":79,"column":39}},"43":{"start":{"line":84,"column":0},"end":{"line":87,"column":2}},"44":{"start":{"line":85,"column":4},"end":{"line":85,"column":43}},"45":{"start":{"line":86,"column":4},"end":{"line":86,"column":10}},"46":{"start":{"line":92,"column":0},"end":{"line":92,"column":44}},"47":{"start":{"line":102,"column":0},"end":{"line":102,"column":32}},"48":{"start":{"line":117,"column":0},"end":{"line":117,"column":25}},"49":{"start":{"line":118,"column":0},"end":{"line":118,"column":31}},"50":{"start":{"line":119,"column":0},"end":{"line":119,"column":29}},"51":{"start":{"line":120,"column":0},"end":{"line":120,"column":33}},"52":{"start":{"line":121,"column":0},"end":{"line":121,"column":29}},"53":{"start":{"line":122,"column":0},"end":{"line":122,"column":35}},"54":{"start":{"line":123,"column":0},"end":{"line":123,"column":27}},"55":{"start":{"line":124,"column":0},"end":{"line":124,"column":33}},"56":{"start":{"line":125,"column":0},"end":{"line":125,"column":29}},"57":{"start":{"line":126,"column":0},"end":{"line":126,"column":49}},"58":{"start":{"line":129,"column":0},"end":{"line":132,"column":3}},"59":{"start":{"line":130,"column":4},"end":{"line":130,"column":20}},"60":{"start":{"line":131,"column":4},"end":{"line":131,"column":37}},"61":{"start":{"line":134,"column":0},"end":{"line":134,"column":21}}},"fnMap":{"0":{"name":"(anonymous_0)","decl":{"start":{"line":23,"column":26},"end":{"line":23,"column":27}},"loc":{"start":{"line":23,"column":51},"end":{"line":63,"column":1}},"line":23},"1":{"name":"(anonymous_1)","decl":{"start":{"line":84,"column":8},"end":{"line":84,"column":9}},"loc":{"start":{"line":84,"column":26},"end":{"line":87,"column":1}},"line":84},"2":{"name":"(anonymous_2)","decl":{"start":{"line":129,"column":8},"end":{"line":129,"column":9}},"loc":{"start":{"line":129,"column":22},"end":{"line":132,"column":1}},"line":129}},"branchMap":{"0":{"loc":{"start":{"line":24,"column":2},"end":{"line":61,"column":3}},"type":"if","locations":[{"start":{"line":24,"column":2},"end":{"line":61,"column":3}},{"start":{},"end":{}}],"line":24},"1":{"loc":{"start":{"line":77,"column":28},"end":{"line":77,"column":60}},"type":"binary-expr","locations":[{"start":{"line":77,"column":28},"end":{"line":77,"column":48}},{"start":{"line":77,"column":52},"end":{"line":77,"column":60}}],"line":77}},"s":{"0":2,"1":2,"2":2,"3":2,"4":2,"5":2,"6":2,"7":2,"8":2,"9":2,"10":2,"11":2,"12":2,"13":2,"14":2,"15":2,"16":3,"17":2,"18":2,"19":2,"20":2,"21":0,"22":0,"23":2,"24":2,"25":2,"26":2,"27":0,"28":0,"29":2,"30":2,"31":2,"32":2,"33":0,"34":0,"35":2,"36":2,"37":3,"38":2,"39":2,"40":2,"41":2,"42":2,"43":2,"44":2,"45":2,"46":2,"47":2,"48":2,"49":2,"50":2,"51":2,"52":2,"53":2,"54":2,"55":2,"56":2,"57":2,"58":2,"59":0,"60":0,"61":2},"f":{"0":3,"1":2,"2":0},"b":{"0":[2,1],"1":[2,2]},"_coverageSchema":"1a1c01bbd47fc00a2c39e90264f33305004495a9","hash":"aaa920f83f92486a6c208da4c56d10775f5e19aa"}
,"/home/taba/myorders-pro/app/articoli.js": {"path":"/home/taba/myorders-pro/app/articoli.js","statementMap":{"0":{"start":{"line":1,"column":16},"end":{"line":1,"column":34}},"1":{"start":{"line":2,"column":15},"end":{"line":2,"column":31}},"2":{"start":{"line":4,"column":12},"end":{"line":4,"column":33}},"3":{"start":{"line":5,"column":11},"end":{"line":5,"column":24}},"4":{"start":{"line":7,"column":15},"end":{"line":7,"column":32}},"5":{"start":{"line":9,"column":17},"end":{"line":9,"column":48}},"6":{"start":{"line":12,"column":0},"end":{"line":26,"column":2}},"7":{"start":{"line":13,"column":4},"end":{"line":25,"column":5}},"8":{"start":{"line":14,"column":32},"end":{"line":14,"column":53}},"9":{"start":{"line":15,"column":9},"end":{"line":15,"column":38}},"10":{"start":{"line":16,"column":9},"end":{"line":20,"column":10}},"11":{"start":{"line":17,"column":10},"end":{"line":17,"column":62}},"12":{"start":{"line":19,"column":10},"end":{"line":19,"column":36}},"13":{"start":{"line":23,"column":8},"end":{"line":23,"column":27}},"14":{"start":{"line":24,"column":8},"end":{"line":24,"column":104}},"15":{"start":{"line":29,"column":0},"end":{"line":42,"column":5}},"16":{"start":{"line":30,"column":4},"end":{"line":41,"column":5}},"17":{"start":{"line":31,"column":17},"end":{"line":31,"column":30}},"18":{"start":{"line":32,"column":23},"end":{"line":32,"column":50}},"19":{"start":{"line":33,"column":6},"end":{"line":37,"column":7}},"20":{"start":{"line":34,"column":8},"end":{"line":34,"column":27}},"21":{"start":{"line":36,"column":8},"end":{"line":36,"column":86}},"22":{"start":{"line":39,"column":6},"end":{"line":39,"column":27}},"23":{"start":{"line":40,"column":6},"end":{"line":40,"column":102}},"24":{"start":{"line":45,"column":0},"end":{"line":62,"column":5}},"25":{"start":{"line":46,"column":4},"end":{"line":61,"column":5}},"26":{"start":{"line":47,"column":28},"end":{"line":47,"column":50}},"27":{"start":{"line":48,"column":24},"end":{"line":48,"column":50}},"28":{"start":{"line":49,"column":6},"end":{"line":58,"column":9}},"29":{"start":{"line":60,"column":6},"end":{"line":60,"column":52}},"30":{"start":{"line":65,"column":0},"end":{"line":72,"column":3}},"31":{"start":{"line":66,"column":2},"end":{"line":71,"column":3}},"32":{"start":{"line":67,"column":28},"end":{"line":67,"column":67}},"33":{"start":{"line":68,"column":4},"end":{"line":68,"column":42}},"34":{"start":{"line":70,"column":4},"end":{"line":70,"column":51}},"35":{"start":{"line":75,"column":0},"end":{"line":86,"column":3}},"36":{"start":{"line":76,"column":2},"end":{"line":85,"column":3}},"37":{"start":{"line":77,"column":28},"end":{"line":81,"column":5}},"38":{"start":{"line":82,"column":4},"end":{"line":82,"column":42}},"39":{"start":{"line":84,"column":4},"end":{"line":84,"column":51}},"40":{"start":{"line":89,"column":0},"end":{"line":96,"column":3}},"41":{"start":{"line":90,"column":2},"end":{"line":95,"column":3}},"42":{"start":{"line":91,"column":28},"end":{"line":91,"column":57}},"43":{"start":{"line":92,"column":4},"end":{"line":92,"column":42}},"44":{"start":{"line":94,"column":4},"end":{"line":94,"column":51}},"45":{"start":{"line":100,"column":0},"end":{"line":107,"column":3}},"46":{"start":{"line":101,"column":2},"end":{"line":106,"column":3}},"47":{"start":{"line":102,"column":28},"end":{"line":102,"column":75}},"48":{"start":{"line":103,"column":4},"end":{"line":103,"column":42}},"49":{"start":{"line":105,"column":4},"end":{"line":105,"column":51}},"50":{"start":{"line":111,"column":15},"end":{"line":111,"column":43}},"51":{"start":{"line":113,"column":0},"end":{"line":130,"column":3}},"52":{"start":{"line":114,"column":2},"end":{"line":129,"column":3}},"53":{"start":{"line":115,"column":17},"end":{"line":115,"column":25}},"54":{"start":{"line":117,"column":4},"end":{"line":125,"column":9}},"55":{"start":{"line":120,"column":8},"end":{"line":120,"column":36}},"56":{"start":{"line":123,"column":8},"end":{"line":123,"column":54}},"57":{"start":{"line":124,"column":8},"end":{"line":124,"column":30}},"58":{"start":{"line":127,"column":4},"end":{"line":127,"column":54}},"59":{"start":{"line":128,"column":4},"end":{"line":128,"column":50}},"60":{"start":{"line":133,"column":2},"end":{"line":142,"column":3}},"61":{"start":{"line":134,"column":4},"end":{"line":134,"column":65}},"62":{"start":{"line":135,"column":4},"end":{"line":135,"column":65}},"63":{"start":{"line":136,"column":4},"end":{"line":136,"column":47}},"64":{"start":{"line":138,"column":4},"end":{"line":138,"column":28}},"65":{"start":{"line":139,"column":4},"end":{"line":139,"column":57}},"66":{"start":{"line":141,"column":4},"end":{"line":141,"column":52}},"67":{"start":{"line":145,"column":0},"end":{"line":145,"column":24}}},"fnMap":{"0":{"name":"(anonymous_0)","decl":{"start":{"line":12,"column":15},"end":{"line":12,"column":16}},"loc":{"start":{"line":12,"column":31},"end":{"line":26,"column":1}},"line":12},"1":{"name":"(anonymous_1)","decl":{"start":{"line":29,"column":19},"end":{"line":29,"column":20}},"loc":{"start":{"line":29,"column":39},"end":{"line":42,"column":3}},"line":29},"2":{"name":"(anonymous_2)","decl":{"start":{"line":45,"column":16},"end":{"line":45,"column":17}},"loc":{"start":{"line":45,"column":36},"end":{"line":62,"column":3}},"line":45},"3":{"name":"(anonymous_3)","decl":{"start":{"line":65,"column":15},"end":{"line":65,"column":16}},"loc":{"start":{"line":65,"column":35},"end":{"line":72,"column":1}},"line":65},"4":{"name":"(anonymous_4)","decl":{"start":{"line":75,"column":19},"end":{"line":75,"column":20}},"loc":{"start":{"line":75,"column":39},"end":{"line":86,"column":1}},"line":75},"5":{"name":"(anonymous_5)","decl":{"start":{"line":89,"column":18},"end":{"line":89,"column":19}},"loc":{"start":{"line":89,"column":38},"end":{"line":96,"column":1}},"line":89},"6":{"name":"(anonymous_6)","decl":{"start":{"line":100,"column":22},"end":{"line":100,"column":23}},"loc":{"start":{"line":100,"column":42},"end":{"line":107,"column":1}},"line":100},"7":{"name":"(anonymous_7)","decl":{"start":{"line":113,"column":49},"end":{"line":113,"column":50}},"loc":{"start":{"line":113,"column":63},"end":{"line":130,"column":1}},"line":113},"8":{"name":"(anonymous_8)","decl":{"start":{"line":119,"column":18},"end":{"line":119,"column":19}},"loc":{"start":{"line":119,"column":28},"end":{"line":121,"column":7}},"line":119},"9":{"name":"(anonymous_9)","decl":{"start":{"line":122,"column":17},"end":{"line":122,"column":18}},"loc":{"start":{"line":122,"column":23},"end":{"line":125,"column":7}},"line":122},"10":{"name":"insertRecordToMongoDB","decl":{"start":{"line":132,"column":15},"end":{"line":132,"column":36}},"loc":{"start":{"line":132,"column":45},"end":{"line":143,"column":1}},"line":132}},"branchMap":{"0":{"loc":{"start":{"line":16,"column":9},"end":{"line":20,"column":10}},"type":"if","locations":[{"start":{"line":16,"column":9},"end":{"line":20,"column":10}},{"start":{"line":18,"column":14},"end":{"line":20,"column":10}}],"line":16},"1":{"loc":{"start":{"line":33,"column":6},"end":{"line":37,"column":7}},"type":"if","locations":[{"start":{"line":33,"column":6},"end":{"line":37,"column":7}},{"start":{"line":35,"column":13},"end":{"line":37,"column":7}}],"line":33}},"s":{"0":2,"1":2,"2":2,"3":2,"4":2,"5":2,"6":2,"7":0,"8":0,"9":0,"10":0,"11":0,"12":0,"13":0,"14":0,"15":2,"16":0,"17":0,"18":0,"19":0,"20":0,"21":0,"22":0,"23":0,"24":2,"25":0,"26":0,"27":0,"28":0,"29":0,"30":2,"31":0,"32":0,"33":0,"34":0,"35":2,"36":0,"37":0,"38":0,"39":0,"40":2,"41":0,"42":0,"43":0,"44":0,"45":2,"46":0,"47":0,"48":0,"49":0,"50":2,"51":2,"52":0,"53":0,"54":0,"55":0,"56":0,"57":0,"58":0,"59":0,"60":0,"61":0,"62":0,"63":0,"64":0,"65":0,"66":0,"67":2},"f":{"0":0,"1":0,"2":0,"3":0,"4":0,"5":0,"6":0,"7":0,"8":0,"9":0,"10":0},"b":{"0":[0,0],"1":[0,0]},"_coverageSchema":"1a1c01bbd47fc00a2c39e90264f33305004495a9","hash":"eba5e2d3e1c6e93f186d6210c83aa868ba5aaa6d"}
,"/home/taba/myorders-pro/app/authentication.js": {"path":"/home/taba/myorders-pro/app/authentication.js","statementMap":{"0":{"start":{"line":1,"column":16},"end":{"line":1,"column":34}},"1":{"start":{"line":2,"column":15},"end":{"line":2,"column":31}},"2":{"start":{"line":3,"column":13},"end":{"line":3,"column":37}},"3":{"start":{"line":4,"column":12},"end":{"line":4,"column":35}},"4":{"start":{"line":9,"column":0},"end":{"line":62,"column":3}},"5":{"start":{"line":11,"column":16},"end":{"line":11,"column":39}},"6":{"start":{"line":13,"column":1},"end":{"line":13,"column":39}},"7":{"start":{"line":16,"column":12},"end":{"line":18,"column":10}},"8":{"start":{"line":20,"column":1},"end":{"line":38,"column":2}},"9":{"start":{"line":21,"column":2},"end":{"line":35,"column":3}},"10":{"start":{"line":22,"column":3},"end":{"line":25,"column":4}},"11":{"start":{"line":23,"column":4},"end":{"line":23,"column":96}},"12":{"start":{"line":24,"column":4},"end":{"line":24,"column":11}},"13":{"start":{"line":27,"column":3},"end":{"line":34,"column":4}},"14":{"start":{"line":28,"column":4},"end":{"line":31,"column":5}},"15":{"start":{"line":29,"column":5},"end":{"line":29,"column":94}},"16":{"start":{"line":30,"column":5},"end":{"line":30,"column":12}},"17":{"start":{"line":33,"column":4},"end":{"line":33,"column":84}},"18":{"start":{"line":37,"column":2},"end":{"line":37,"column":81}},"19":{"start":{"line":41,"column":15},"end":{"line":45,"column":2}},"20":{"start":{"line":47,"column":15},"end":{"line":49,"column":2}},"21":{"start":{"line":51,"column":13},"end":{"line":51,"column":49}},"22":{"start":{"line":53,"column":1},"end":{"line":60,"column":4}},"23":{"start":{"line":64,"column":0},"end":{"line":64,"column":24}}},"fnMap":{"0":{"name":"(anonymous_0)","decl":{"start":{"line":9,"column":16},"end":{"line":9,"column":17}},"loc":{"start":{"line":9,"column":41},"end":{"line":62,"column":1}},"line":9}},"branchMap":{"0":{"loc":{"start":{"line":20,"column":1},"end":{"line":38,"column":2}},"type":"if","locations":[{"start":{"line":20,"column":1},"end":{"line":38,"column":2}},{"start":{"line":36,"column":6},"end":{"line":38,"column":2}}],"line":20},"1":{"loc":{"start":{"line":21,"column":2},"end":{"line":35,"column":3}},"type":"if","locations":[{"start":{"line":21,"column":2},"end":{"line":35,"column":3}},{"start":{"line":26,"column":7},"end":{"line":35,"column":3}}],"line":21},"2":{"loc":{"start":{"line":22,"column":3},"end":{"line":25,"column":4}},"type":"if","locations":[{"start":{"line":22,"column":3},"end":{"line":25,"column":4}},{"start":{},"end":{}}],"line":22},"3":{"loc":{"start":{"line":27,"column":3},"end":{"line":34,"column":4}},"type":"if","locations":[{"start":{"line":27,"column":3},"end":{"line":34,"column":4}},{"start":{"line":32,"column":8},"end":{"line":34,"column":4}}],"line":27},"4":{"loc":{"start":{"line":28,"column":4},"end":{"line":31,"column":5}},"type":"if","locations":[{"start":{"line":28,"column":4},"end":{"line":31,"column":5}},{"start":{},"end":{}}],"line":28}},"s":{"0":2,"1":2,"2":2,"3":2,"4":2,"5":0,"6":0,"7":0,"8":0,"9":0,"10":0,"11":0,"12":0,"13":0,"14":0,"15":0,"16":0,"17":0,"18":0,"19":0,"20":0,"21":0,"22":0,"23":2},"f":{"0":0},"b":{"0":[0,0],"1":[0,0],"2":[0,0],"3":[0,0],"4":[0,0]},"_coverageSchema":"1a1c01bbd47fc00a2c39e90264f33305004495a9","hash":"34a121763b1584edf078a6a066806ed6d97ae136"}
,"/home/taba/myorders-pro/app/aziende.js": {"path":"/home/taba/myorders-pro/app/aziende.js","statementMap":{"0":{"start":{"line":1,"column":16},"end":{"line":1,"column":34}},"1":{"start":{"line":2,"column":15},"end":{"line":2,"column":31}},"2":{"start":{"line":4,"column":16},"end":{"line":4,"column":43}},"3":{"start":{"line":7,"column":0},"end":{"line":17,"column":2}},"4":{"start":{"line":8,"column":4},"end":{"line":16,"column":5}},"5":{"start":{"line":9,"column":31},"end":{"line":9,"column":51}},"6":{"start":{"line":11,"column":8},"end":{"line":12,"column":75}},"7":{"start":{"line":11,"column":27},"end":{"line":11,"column":52}},"8":{"start":{"line":12,"column":13},"end":{"line":12,"column":75}},"9":{"start":{"line":14,"column":8},"end":{"line":14,"column":27}},"10":{"start":{"line":15,"column":8},"end":{"line":15,"column":103}},"11":{"start":{"line":20,"column":0},"end":{"line":31,"column":3}},"12":{"start":{"line":21,"column":4},"end":{"line":30,"column":5}},"13":{"start":{"line":22,"column":19},"end":{"line":22,"column":32}},"14":{"start":{"line":23,"column":24},"end":{"line":23,"column":50}},"15":{"start":{"line":25,"column":8},"end":{"line":26,"column":90}},"16":{"start":{"line":25,"column":21},"end":{"line":25,"column":39}},"17":{"start":{"line":26,"column":13},"end":{"line":26,"column":90}},"18":{"start":{"line":28,"column":8},"end":{"line":28,"column":29}},"19":{"start":{"line":29,"column":8},"end":{"line":29,"column":103}},"20":{"start":{"line":34,"column":0},"end":{"line":51,"column":3}},"21":{"start":{"line":35,"column":2},"end":{"line":50,"column":3}},"22":{"start":{"line":36,"column":25},"end":{"line":36,"column":46}},"23":{"start":{"line":37,"column":22},"end":{"line":37,"column":47}},"24":{"start":{"line":38,"column":4},"end":{"line":47,"column":7}},"25":{"start":{"line":49,"column":4},"end":{"line":49,"column":50}},"26":{"start":{"line":54,"column":0},"end":{"line":61,"column":3}},"27":{"start":{"line":55,"column":2},"end":{"line":60,"column":3}},"28":{"start":{"line":56,"column":27},"end":{"line":56,"column":65}},"29":{"start":{"line":57,"column":4},"end":{"line":57,"column":41}},"30":{"start":{"line":59,"column":4},"end":{"line":59,"column":51}},"31":{"start":{"line":64,"column":0},"end":{"line":73,"column":3}},"32":{"start":{"line":65,"column":2},"end":{"line":72,"column":3}},"33":{"start":{"line":66,"column":22},"end":{"line":66,"column":35}},"34":{"start":{"line":67,"column":25},"end":{"line":67,"column":33}},"35":{"start":{"line":68,"column":22},"end":{"line":68,"column":93}},"36":{"start":{"line":69,"column":4},"end":{"line":69,"column":36}},"37":{"start":{"line":71,"column":4},"end":{"line":71,"column":50}},"38":{"start":{"line":76,"column":0},"end":{"line":83,"column":3}},"39":{"start":{"line":77,"column":2},"end":{"line":82,"column":3}},"40":{"start":{"line":78,"column":27},"end":{"line":78,"column":55}},"41":{"start":{"line":79,"column":4},"end":{"line":79,"column":41}},"42":{"start":{"line":81,"column":4},"end":{"line":81,"column":51}},"43":{"start":{"line":86,"column":0},"end":{"line":94,"column":3}},"44":{"start":{"line":87,"column":2},"end":{"line":93,"column":3}},"45":{"start":{"line":88,"column":22},"end":{"line":88,"column":35}},"46":{"start":{"line":89,"column":22},"end":{"line":89,"column":64}},"47":{"start":{"line":90,"column":4},"end":{"line":90,"column":36}},"48":{"start":{"line":92,"column":4},"end":{"line":92,"column":50}},"49":{"start":{"line":96,"column":0},"end":{"line":96,"column":24}}},"fnMap":{"0":{"name":"(anonymous_0)","decl":{"start":{"line":7,"column":15},"end":{"line":7,"column":16}},"loc":{"start":{"line":7,"column":31},"end":{"line":17,"column":1}},"line":7},"1":{"name":"(anonymous_1)","decl":{"start":{"line":20,"column":19},"end":{"line":20,"column":20}},"loc":{"start":{"line":20,"column":39},"end":{"line":31,"column":1}},"line":20},"2":{"name":"(anonymous_2)","decl":{"start":{"line":34,"column":16},"end":{"line":34,"column":17}},"loc":{"start":{"line":34,"column":36},"end":{"line":51,"column":1}},"line":34},"3":{"name":"(anonymous_3)","decl":{"start":{"line":54,"column":15},"end":{"line":54,"column":16}},"loc":{"start":{"line":54,"column":35},"end":{"line":61,"column":1}},"line":54},"4":{"name":"(anonymous_4)","decl":{"start":{"line":64,"column":19},"end":{"line":64,"column":20}},"loc":{"start":{"line":64,"column":39},"end":{"line":73,"column":1}},"line":64},"5":{"name":"(anonymous_5)","decl":{"start":{"line":76,"column":18},"end":{"line":76,"column":19}},"loc":{"start":{"line":76,"column":38},"end":{"line":83,"column":1}},"line":76},"6":{"name":"(anonymous_6)","decl":{"start":{"line":86,"column":30},"end":{"line":86,"column":31}},"loc":{"start":{"line":86,"column":50},"end":{"line":94,"column":1}},"line":86}},"branchMap":{"0":{"loc":{"start":{"line":11,"column":8},"end":{"line":12,"column":75}},"type":"if","locations":[{"start":{"line":11,"column":8},"end":{"line":12,"column":75}},{"start":{"line":12,"column":13},"end":{"line":12,"column":75}}],"line":11},"1":{"loc":{"start":{"line":25,"column":8},"end":{"line":26,"column":90}},"type":"if","locations":[{"start":{"line":25,"column":8},"end":{"line":26,"column":90}},{"start":{"line":26,"column":13},"end":{"line":26,"column":90}}],"line":25}},"s":{"0":2,"1":2,"2":2,"3":2,"4":0,"5":0,"6":0,"7":0,"8":0,"9":0,"10":0,"11":2,"12":0,"13":0,"14":0,"15":0,"16":0,"17":0,"18":0,"19":0,"20":2,"21":0,"22":0,"23":0,"24":0,"25":0,"26":2,"27":0,"28":0,"29":0,"30":0,"31":2,"32":0,"33":0,"34":0,"35":0,"36":0,"37":0,"38":2,"39":0,"40":0,"41":0,"42":0,"43":2,"44":0,"45":0,"46":0,"47":0,"48":0,"49":2},"f":{"0":0,"1":0,"2":0,"3":0,"4":0,"5":0,"6":0},"b":{"0":[0,0],"1":[0,0]},"_coverageSchema":"1a1c01bbd47fc00a2c39e90264f33305004495a9","hash":"158e8ce2d194e27ad07336128d9f49a315c12d4f"}
,"/home/taba/myorders-pro/app/cataloghi.js": {"path":"/home/taba/myorders-pro/app/cataloghi.js","statementMap":{"0":{"start":{"line":1,"column":16},"end":{"line":1,"column":34}},"1":{"start":{"line":2,"column":15},"end":{"line":2,"column":31}},"2":{"start":{"line":4,"column":17},"end":{"line":4,"column":45}},"3":{"start":{"line":7,"column":0},"end":{"line":20,"column":2}},"4":{"start":{"line":8,"column":4},"end":{"line":19,"column":5}},"5":{"start":{"line":9,"column":33},"end":{"line":9,"column":54}},"6":{"start":{"line":11,"column":12},"end":{"line":15,"column":13}},"7":{"start":{"line":12,"column":14},"end":{"line":12,"column":41}},"8":{"start":{"line":14,"column":14},"end":{"line":14,"column":77}},"9":{"start":{"line":17,"column":8},"end":{"line":17,"column":27}},"10":{"start":{"line":18,"column":8},"end":{"line":18,"column":103}},"11":{"start":{"line":23,"column":0},"end":{"line":37,"column":3}},"12":{"start":{"line":24,"column":4},"end":{"line":36,"column":5}},"13":{"start":{"line":25,"column":19},"end":{"line":25,"column":32}},"14":{"start":{"line":26,"column":25},"end":{"line":26,"column":52}},"15":{"start":{"line":28,"column":8},"end":{"line":32,"column":9}},"16":{"start":{"line":29,"column":12},"end":{"line":29,"column":31}},"17":{"start":{"line":31,"column":12},"end":{"line":31,"column":90}},"18":{"start":{"line":34,"column":8},"end":{"line":34,"column":29}},"19":{"start":{"line":35,"column":8},"end":{"line":35,"column":102}},"20":{"start":{"line":40,"column":0},"end":{"line":57,"column":3}},"21":{"start":{"line":41,"column":2},"end":{"line":56,"column":3}},"22":{"start":{"line":42,"column":26},"end":{"line":42,"column":48}},"23":{"start":{"line":43,"column":22},"end":{"line":43,"column":48}},"24":{"start":{"line":44,"column":4},"end":{"line":53,"column":7}},"25":{"start":{"line":55,"column":4},"end":{"line":55,"column":50}},"26":{"start":{"line":60,"column":0},"end":{"line":67,"column":3}},"27":{"start":{"line":61,"column":2},"end":{"line":66,"column":3}},"28":{"start":{"line":62,"column":28},"end":{"line":62,"column":67}},"29":{"start":{"line":63,"column":4},"end":{"line":63,"column":42}},"30":{"start":{"line":65,"column":4},"end":{"line":65,"column":51}},"31":{"start":{"line":70,"column":0},"end":{"line":79,"column":3}},"32":{"start":{"line":71,"column":2},"end":{"line":78,"column":3}},"33":{"start":{"line":72,"column":23},"end":{"line":72,"column":36}},"34":{"start":{"line":73,"column":26},"end":{"line":73,"column":34}},"35":{"start":{"line":74,"column":22},"end":{"line":74,"column":96}},"36":{"start":{"line":75,"column":4},"end":{"line":75,"column":36}},"37":{"start":{"line":77,"column":4},"end":{"line":77,"column":50}},"38":{"start":{"line":82,"column":0},"end":{"line":89,"column":3}},"39":{"start":{"line":83,"column":2},"end":{"line":88,"column":3}},"40":{"start":{"line":84,"column":28},"end":{"line":84,"column":57}},"41":{"start":{"line":85,"column":4},"end":{"line":85,"column":42}},"42":{"start":{"line":87,"column":4},"end":{"line":87,"column":51}},"43":{"start":{"line":92,"column":0},"end":{"line":100,"column":3}},"44":{"start":{"line":93,"column":2},"end":{"line":99,"column":3}},"45":{"start":{"line":94,"column":23},"end":{"line":94,"column":36}},"46":{"start":{"line":95,"column":22},"end":{"line":95,"column":66}},"47":{"start":{"line":96,"column":4},"end":{"line":96,"column":36}},"48":{"start":{"line":98,"column":4},"end":{"line":98,"column":50}},"49":{"start":{"line":102,"column":0},"end":{"line":102,"column":24}}},"fnMap":{"0":{"name":"(anonymous_0)","decl":{"start":{"line":7,"column":15},"end":{"line":7,"column":16}},"loc":{"start":{"line":7,"column":31},"end":{"line":20,"column":1}},"line":7},"1":{"name":"(anonymous_1)","decl":{"start":{"line":23,"column":19},"end":{"line":23,"column":20}},"loc":{"start":{"line":23,"column":39},"end":{"line":37,"column":1}},"line":23},"2":{"name":"(anonymous_2)","decl":{"start":{"line":40,"column":16},"end":{"line":40,"column":17}},"loc":{"start":{"line":40,"column":36},"end":{"line":57,"column":1}},"line":40},"3":{"name":"(anonymous_3)","decl":{"start":{"line":60,"column":15},"end":{"line":60,"column":16}},"loc":{"start":{"line":60,"column":35},"end":{"line":67,"column":1}},"line":60},"4":{"name":"(anonymous_4)","decl":{"start":{"line":70,"column":19},"end":{"line":70,"column":20}},"loc":{"start":{"line":70,"column":39},"end":{"line":79,"column":1}},"line":70},"5":{"name":"(anonymous_5)","decl":{"start":{"line":82,"column":18},"end":{"line":82,"column":19}},"loc":{"start":{"line":82,"column":38},"end":{"line":89,"column":1}},"line":82},"6":{"name":"(anonymous_6)","decl":{"start":{"line":92,"column":22},"end":{"line":92,"column":23}},"loc":{"start":{"line":92,"column":42},"end":{"line":100,"column":1}},"line":92}},"branchMap":{"0":{"loc":{"start":{"line":11,"column":12},"end":{"line":15,"column":13}},"type":"if","locations":[{"start":{"line":11,"column":12},"end":{"line":15,"column":13}},{"start":{"line":13,"column":19},"end":{"line":15,"column":13}}],"line":11},"1":{"loc":{"start":{"line":28,"column":8},"end":{"line":32,"column":9}},"type":"if","locations":[{"start":{"line":28,"column":8},"end":{"line":32,"column":9}},{"start":{"line":30,"column":15},"end":{"line":32,"column":9}}],"line":28}},"s":{"0":2,"1":2,"2":2,"3":2,"4":0,"5":0,"6":0,"7":0,"8":0,"9":0,"10":0,"11":2,"12":0,"13":0,"14":0,"15":0,"16":0,"17":0,"18":0,"19":0,"20":2,"21":0,"22":0,"23":0,"24":0,"25":0,"26":2,"27":0,"28":0,"29":0,"30":0,"31":2,"32":0,"33":0,"34":0,"35":0,"36":0,"37":0,"38":2,"39":0,"40":0,"41":0,"42":0,"43":2,"44":0,"45":0,"46":0,"47":0,"48":0,"49":2},"f":{"0":0,"1":0,"2":0,"3":0,"4":0,"5":0,"6":0},"b":{"0":[0,0],"1":[0,0]},"_coverageSchema":"1a1c01bbd47fc00a2c39e90264f33305004495a9","hash":"737be927d1e33cfbf35cdfe84975e1188f2802a2"}
,"/home/taba/myorders-pro/app/clienti.js": {"path":"/home/taba/myorders-pro/app/clienti.js","statementMap":{"0":{"start":{"line":1,"column":16},"end":{"line":1,"column":34}},"1":{"start":{"line":2,"column":15},"end":{"line":2,"column":31}},"2":{"start":{"line":4,"column":16},"end":{"line":4,"column":43}},"3":{"start":{"line":7,"column":0},"end":{"line":21,"column":2}},"4":{"start":{"line":8,"column":4},"end":{"line":20,"column":5}},"5":{"start":{"line":10,"column":31},"end":{"line":10,"column":51}},"6":{"start":{"line":12,"column":12},"end":{"line":16,"column":13}},"7":{"start":{"line":13,"column":14},"end":{"line":13,"column":39}},"8":{"start":{"line":15,"column":14},"end":{"line":15,"column":75}},"9":{"start":{"line":18,"column":8},"end":{"line":18,"column":27}},"10":{"start":{"line":19,"column":8},"end":{"line":19,"column":101}},"11":{"start":{"line":24,"column":0},"end":{"line":37,"column":3}},"12":{"start":{"line":25,"column":4},"end":{"line":36,"column":5}},"13":{"start":{"line":26,"column":19},"end":{"line":26,"column":32}},"14":{"start":{"line":27,"column":24},"end":{"line":27,"column":50}},"15":{"start":{"line":28,"column":8},"end":{"line":32,"column":9}},"16":{"start":{"line":29,"column":12},"end":{"line":29,"column":30}},"17":{"start":{"line":31,"column":12},"end":{"line":31,"column":89}},"18":{"start":{"line":34,"column":8},"end":{"line":34,"column":29}},"19":{"start":{"line":35,"column":8},"end":{"line":35,"column":101}},"20":{"start":{"line":40,"column":0},"end":{"line":58,"column":3}},"21":{"start":{"line":41,"column":2},"end":{"line":57,"column":3}},"22":{"start":{"line":42,"column":4},"end":{"line":42,"column":26}},"23":{"start":{"line":43,"column":25},"end":{"line":43,"column":46}},"24":{"start":{"line":44,"column":22},"end":{"line":44,"column":47}},"25":{"start":{"line":45,"column":4},"end":{"line":54,"column":7}},"26":{"start":{"line":56,"column":4},"end":{"line":56,"column":50}},"27":{"start":{"line":61,"column":0},"end":{"line":68,"column":3}},"28":{"start":{"line":62,"column":2},"end":{"line":67,"column":3}},"29":{"start":{"line":63,"column":27},"end":{"line":63,"column":65}},"30":{"start":{"line":64,"column":4},"end":{"line":64,"column":41}},"31":{"start":{"line":66,"column":4},"end":{"line":66,"column":51}},"32":{"start":{"line":71,"column":0},"end":{"line":80,"column":3}},"33":{"start":{"line":72,"column":2},"end":{"line":79,"column":3}},"34":{"start":{"line":73,"column":22},"end":{"line":73,"column":35}},"35":{"start":{"line":74,"column":25},"end":{"line":74,"column":33}},"36":{"start":{"line":75,"column":22},"end":{"line":75,"column":93}},"37":{"start":{"line":76,"column":4},"end":{"line":76,"column":36}},"38":{"start":{"line":78,"column":4},"end":{"line":78,"column":50}},"39":{"start":{"line":83,"column":0},"end":{"line":90,"column":3}},"40":{"start":{"line":84,"column":2},"end":{"line":89,"column":3}},"41":{"start":{"line":85,"column":27},"end":{"line":85,"column":55}},"42":{"start":{"line":86,"column":4},"end":{"line":86,"column":41}},"43":{"start":{"line":88,"column":4},"end":{"line":88,"column":51}},"44":{"start":{"line":93,"column":0},"end":{"line":101,"column":3}},"45":{"start":{"line":94,"column":2},"end":{"line":100,"column":3}},"46":{"start":{"line":95,"column":22},"end":{"line":95,"column":35}},"47":{"start":{"line":96,"column":22},"end":{"line":96,"column":64}},"48":{"start":{"line":97,"column":4},"end":{"line":97,"column":36}},"49":{"start":{"line":99,"column":4},"end":{"line":99,"column":50}},"50":{"start":{"line":103,"column":0},"end":{"line":103,"column":24}}},"fnMap":{"0":{"name":"(anonymous_0)","decl":{"start":{"line":7,"column":15},"end":{"line":7,"column":16}},"loc":{"start":{"line":7,"column":31},"end":{"line":21,"column":1}},"line":7},"1":{"name":"(anonymous_1)","decl":{"start":{"line":24,"column":19},"end":{"line":24,"column":20}},"loc":{"start":{"line":24,"column":39},"end":{"line":37,"column":1}},"line":24},"2":{"name":"(anonymous_2)","decl":{"start":{"line":40,"column":16},"end":{"line":40,"column":17}},"loc":{"start":{"line":40,"column":36},"end":{"line":58,"column":1}},"line":40},"3":{"name":"(anonymous_3)","decl":{"start":{"line":61,"column":15},"end":{"line":61,"column":16}},"loc":{"start":{"line":61,"column":35},"end":{"line":68,"column":1}},"line":61},"4":{"name":"(anonymous_4)","decl":{"start":{"line":71,"column":19},"end":{"line":71,"column":20}},"loc":{"start":{"line":71,"column":39},"end":{"line":80,"column":1}},"line":71},"5":{"name":"(anonymous_5)","decl":{"start":{"line":83,"column":18},"end":{"line":83,"column":19}},"loc":{"start":{"line":83,"column":38},"end":{"line":90,"column":1}},"line":83},"6":{"name":"(anonymous_6)","decl":{"start":{"line":93,"column":22},"end":{"line":93,"column":23}},"loc":{"start":{"line":93,"column":42},"end":{"line":101,"column":1}},"line":93}},"branchMap":{"0":{"loc":{"start":{"line":12,"column":12},"end":{"line":16,"column":13}},"type":"if","locations":[{"start":{"line":12,"column":12},"end":{"line":16,"column":13}},{"start":{"line":14,"column":19},"end":{"line":16,"column":13}}],"line":12},"1":{"loc":{"start":{"line":28,"column":8},"end":{"line":32,"column":9}},"type":"if","locations":[{"start":{"line":28,"column":8},"end":{"line":32,"column":9}},{"start":{"line":30,"column":15},"end":{"line":32,"column":9}}],"line":28}},"s":{"0":2,"1":2,"2":2,"3":2,"4":0,"5":0,"6":0,"7":0,"8":0,"9":0,"10":0,"11":2,"12":0,"13":0,"14":0,"15":0,"16":0,"17":0,"18":0,"19":0,"20":2,"21":0,"22":0,"23":0,"24":0,"25":0,"26":0,"27":2,"28":0,"29":0,"30":0,"31":0,"32":2,"33":0,"34":0,"35":0,"36":0,"37":0,"38":0,"39":2,"40":0,"41":0,"42":0,"43":0,"44":2,"45":0,"46":0,"47":0,"48":0,"49":0,"50":2},"f":{"0":0,"1":0,"2":0,"3":0,"4":0,"5":0,"6":0},"b":{"0":[0,0],"1":[0,0]},"_coverageSchema":"1a1c01bbd47fc00a2c39e90264f33305004495a9","hash":"b405ab4d9a2c354d3efa2ccef9017c7939b83489"}
,"/home/taba/myorders-pro/app/dipendenti.js": {"path":"/home/taba/myorders-pro/app/dipendenti.js","statementMap":{"0":{"start":{"line":1,"column":16},"end":{"line":1,"column":34}},"1":{"start":{"line":2,"column":15},"end":{"line":2,"column":31}},"2":{"start":{"line":4,"column":19},"end":{"line":4,"column":49}},"3":{"start":{"line":7,"column":0},"end":{"line":17,"column":2}},"4":{"start":{"line":8,"column":4},"end":{"line":16,"column":5}},"5":{"start":{"line":9,"column":32},"end":{"line":9,"column":78}},"6":{"start":{"line":11,"column":6},"end":{"line":12,"column":75}},"7":{"start":{"line":11,"column":29},"end":{"line":11,"column":57}},"8":{"start":{"line":12,"column":11},"end":{"line":12,"column":75}},"9":{"start":{"line":14,"column":8},"end":{"line":14,"column":27}},"10":{"start":{"line":15,"column":8},"end":{"line":15,"column":104}},"11":{"start":{"line":20,"column":0},"end":{"line":31,"column":3}},"12":{"start":{"line":21,"column":4},"end":{"line":30,"column":5}},"13":{"start":{"line":22,"column":19},"end":{"line":22,"column":32}},"14":{"start":{"line":23,"column":24},"end":{"line":23,"column":76}},"15":{"start":{"line":25,"column":8},"end":{"line":26,"column":93}},"16":{"start":{"line":25,"column":21},"end":{"line":25,"column":39}},"17":{"start":{"line":26,"column":13},"end":{"line":26,"column":93}},"18":{"start":{"line":28,"column":8},"end":{"line":28,"column":29}},"19":{"start":{"line":29,"column":8},"end":{"line":29,"column":104}},"20":{"start":{"line":34,"column":0},"end":{"line":51,"column":3}},"21":{"start":{"line":35,"column":2},"end":{"line":50,"column":3}},"22":{"start":{"line":36,"column":28},"end":{"line":36,"column":52}},"23":{"start":{"line":37,"column":22},"end":{"line":37,"column":50}},"24":{"start":{"line":38,"column":4},"end":{"line":47,"column":7}},"25":{"start":{"line":49,"column":4},"end":{"line":49,"column":50}},"26":{"start":{"line":54,"column":0},"end":{"line":61,"column":3}},"27":{"start":{"line":55,"column":2},"end":{"line":60,"column":3}},"28":{"start":{"line":56,"column":30},"end":{"line":56,"column":71}},"29":{"start":{"line":57,"column":4},"end":{"line":57,"column":44}},"30":{"start":{"line":59,"column":4},"end":{"line":59,"column":51}},"31":{"start":{"line":64,"column":0},"end":{"line":73,"column":3}},"32":{"start":{"line":65,"column":2},"end":{"line":72,"column":3}},"33":{"start":{"line":66,"column":25},"end":{"line":66,"column":38}},"34":{"start":{"line":67,"column":28},"end":{"line":67,"column":36}},"35":{"start":{"line":68,"column":22},"end":{"line":68,"column":102}},"36":{"start":{"line":69,"column":4},"end":{"line":69,"column":36}},"37":{"start":{"line":71,"column":4},"end":{"line":71,"column":50}},"38":{"start":{"line":76,"column":0},"end":{"line":83,"column":3}},"39":{"start":{"line":77,"column":2},"end":{"line":82,"column":3}},"40":{"start":{"line":78,"column":30},"end":{"line":78,"column":61}},"41":{"start":{"line":79,"column":4},"end":{"line":79,"column":44}},"42":{"start":{"line":81,"column":4},"end":{"line":81,"column":51}},"43":{"start":{"line":86,"column":0},"end":{"line":94,"column":3}},"44":{"start":{"line":87,"column":2},"end":{"line":93,"column":3}},"45":{"start":{"line":88,"column":25},"end":{"line":88,"column":38}},"46":{"start":{"line":89,"column":22},"end":{"line":89,"column":70}},"47":{"start":{"line":90,"column":4},"end":{"line":90,"column":36}},"48":{"start":{"line":92,"column":4},"end":{"line":92,"column":50}},"49":{"start":{"line":96,"column":0},"end":{"line":96,"column":24}}},"fnMap":{"0":{"name":"(anonymous_0)","decl":{"start":{"line":7,"column":15},"end":{"line":7,"column":16}},"loc":{"start":{"line":7,"column":31},"end":{"line":17,"column":1}},"line":7},"1":{"name":"(anonymous_1)","decl":{"start":{"line":20,"column":19},"end":{"line":20,"column":20}},"loc":{"start":{"line":20,"column":39},"end":{"line":31,"column":1}},"line":20},"2":{"name":"(anonymous_2)","decl":{"start":{"line":34,"column":16},"end":{"line":34,"column":17}},"loc":{"start":{"line":34,"column":36},"end":{"line":51,"column":1}},"line":34},"3":{"name":"(anonymous_3)","decl":{"start":{"line":54,"column":15},"end":{"line":54,"column":16}},"loc":{"start":{"line":54,"column":35},"end":{"line":61,"column":1}},"line":54},"4":{"name":"(anonymous_4)","decl":{"start":{"line":64,"column":19},"end":{"line":64,"column":20}},"loc":{"start":{"line":64,"column":39},"end":{"line":73,"column":1}},"line":64},"5":{"name":"(anonymous_5)","decl":{"start":{"line":76,"column":18},"end":{"line":76,"column":19}},"loc":{"start":{"line":76,"column":38},"end":{"line":83,"column":1}},"line":76},"6":{"name":"(anonymous_6)","decl":{"start":{"line":86,"column":22},"end":{"line":86,"column":23}},"loc":{"start":{"line":86,"column":42},"end":{"line":94,"column":1}},"line":86}},"branchMap":{"0":{"loc":{"start":{"line":11,"column":6},"end":{"line":12,"column":75}},"type":"if","locations":[{"start":{"line":11,"column":6},"end":{"line":12,"column":75}},{"start":{"line":12,"column":11},"end":{"line":12,"column":75}}],"line":11},"1":{"loc":{"start":{"line":25,"column":8},"end":{"line":26,"column":93}},"type":"if","locations":[{"start":{"line":25,"column":8},"end":{"line":26,"column":93}},{"start":{"line":26,"column":13},"end":{"line":26,"column":93}}],"line":25}},"s":{"0":2,"1":2,"2":2,"3":2,"4":0,"5":0,"6":0,"7":0,"8":0,"9":0,"10":0,"11":2,"12":0,"13":0,"14":0,"15":0,"16":0,"17":0,"18":0,"19":0,"20":2,"21":0,"22":0,"23":0,"24":0,"25":0,"26":2,"27":0,"28":0,"29":0,"30":0,"31":2,"32":0,"33":0,"34":0,"35":0,"36":0,"37":0,"38":2,"39":0,"40":0,"41":0,"42":0,"43":2,"44":0,"45":0,"46":0,"47":0,"48":0,"49":2},"f":{"0":0,"1":0,"2":0,"3":0,"4":0,"5":0,"6":0},"b":{"0":[0,0],"1":[0,0]},"_coverageSchema":"1a1c01bbd47fc00a2c39e90264f33305004495a9","hash":"200973feef0dc867e87ce13d59e5ca7649069321"}
,"/home/taba/myorders-pro/app/ordini.js": {"path":"/home/taba/myorders-pro/app/ordini.js","statementMap":{"0":{"start":{"line":1,"column":16},"end":{"line":1,"column":34}},"1":{"start":{"line":2,"column":15},"end":{"line":2,"column":31}},"2":{"start":{"line":4,"column":15},"end":{"line":4,"column":41}},"3":{"start":{"line":7,"column":0},"end":{"line":21,"column":2}},"4":{"start":{"line":8,"column":4},"end":{"line":20,"column":5}},"5":{"start":{"line":9,"column":30},"end":{"line":9,"column":49}},"6":{"start":{"line":11,"column":8},"end":{"line":15,"column":9}},"7":{"start":{"line":12,"column":10},"end":{"line":12,"column":60}},"8":{"start":{"line":14,"column":10},"end":{"line":14,"column":34}},"9":{"start":{"line":18,"column":8},"end":{"line":18,"column":27}},"10":{"start":{"line":19,"column":8},"end":{"line":19,"column":102}},"11":{"start":{"line":24,"column":0},"end":{"line":38,"column":3}},"12":{"start":{"line":25,"column":4},"end":{"line":37,"column":5}},"13":{"start":{"line":26,"column":19},"end":{"line":26,"column":32}},"14":{"start":{"line":27,"column":23},"end":{"line":27,"column":48}},"15":{"start":{"line":29,"column":8},"end":{"line":33,"column":9}},"16":{"start":{"line":30,"column":12},"end":{"line":30,"column":29}},"17":{"start":{"line":32,"column":12},"end":{"line":32,"column":88}},"18":{"start":{"line":35,"column":8},"end":{"line":35,"column":29}},"19":{"start":{"line":36,"column":8},"end":{"line":36,"column":102}},"20":{"start":{"line":41,"column":0},"end":{"line":58,"column":3}},"21":{"start":{"line":42,"column":2},"end":{"line":57,"column":3}},"22":{"start":{"line":43,"column":24},"end":{"line":43,"column":44}},"23":{"start":{"line":44,"column":22},"end":{"line":44,"column":46}},"24":{"start":{"line":45,"column":4},"end":{"line":54,"column":7}},"25":{"start":{"line":56,"column":4},"end":{"line":56,"column":50}},"26":{"start":{"line":61,"column":0},"end":{"line":68,"column":3}},"27":{"start":{"line":62,"column":2},"end":{"line":67,"column":3}},"28":{"start":{"line":63,"column":26},"end":{"line":63,"column":63}},"29":{"start":{"line":64,"column":4},"end":{"line":64,"column":40}},"30":{"start":{"line":66,"column":4},"end":{"line":66,"column":51}},"31":{"start":{"line":71,"column":0},"end":{"line":80,"column":3}},"32":{"start":{"line":72,"column":2},"end":{"line":79,"column":3}},"33":{"start":{"line":73,"column":21},"end":{"line":73,"column":34}},"34":{"start":{"line":74,"column":24},"end":{"line":74,"column":32}},"35":{"start":{"line":75,"column":22},"end":{"line":75,"column":90}},"36":{"start":{"line":76,"column":4},"end":{"line":76,"column":36}},"37":{"start":{"line":78,"column":4},"end":{"line":78,"column":50}},"38":{"start":{"line":83,"column":0},"end":{"line":90,"column":3}},"39":{"start":{"line":84,"column":2},"end":{"line":89,"column":3}},"40":{"start":{"line":85,"column":26},"end":{"line":85,"column":53}},"41":{"start":{"line":86,"column":4},"end":{"line":86,"column":40}},"42":{"start":{"line":88,"column":4},"end":{"line":88,"column":51}},"43":{"start":{"line":93,"column":0},"end":{"line":101,"column":3}},"44":{"start":{"line":94,"column":2},"end":{"line":100,"column":3}},"45":{"start":{"line":95,"column":21},"end":{"line":95,"column":34}},"46":{"start":{"line":96,"column":22},"end":{"line":96,"column":62}},"47":{"start":{"line":97,"column":4},"end":{"line":97,"column":36}},"48":{"start":{"line":99,"column":4},"end":{"line":99,"column":50}},"49":{"start":{"line":103,"column":0},"end":{"line":103,"column":24}}},"fnMap":{"0":{"name":"(anonymous_0)","decl":{"start":{"line":7,"column":15},"end":{"line":7,"column":16}},"loc":{"start":{"line":7,"column":31},"end":{"line":21,"column":1}},"line":7},"1":{"name":"(anonymous_1)","decl":{"start":{"line":24,"column":19},"end":{"line":24,"column":20}},"loc":{"start":{"line":24,"column":39},"end":{"line":38,"column":1}},"line":24},"2":{"name":"(anonymous_2)","decl":{"start":{"line":41,"column":16},"end":{"line":41,"column":17}},"loc":{"start":{"line":41,"column":36},"end":{"line":58,"column":1}},"line":41},"3":{"name":"(anonymous_3)","decl":{"start":{"line":61,"column":15},"end":{"line":61,"column":16}},"loc":{"start":{"line":61,"column":35},"end":{"line":68,"column":1}},"line":61},"4":{"name":"(anonymous_4)","decl":{"start":{"line":71,"column":19},"end":{"line":71,"column":20}},"loc":{"start":{"line":71,"column":39},"end":{"line":80,"column":1}},"line":71},"5":{"name":"(anonymous_5)","decl":{"start":{"line":83,"column":18},"end":{"line":83,"column":19}},"loc":{"start":{"line":83,"column":38},"end":{"line":90,"column":1}},"line":83},"6":{"name":"(anonymous_6)","decl":{"start":{"line":93,"column":29},"end":{"line":93,"column":30}},"loc":{"start":{"line":93,"column":49},"end":{"line":101,"column":1}},"line":93}},"branchMap":{"0":{"loc":{"start":{"line":11,"column":8},"end":{"line":15,"column":9}},"type":"if","locations":[{"start":{"line":11,"column":8},"end":{"line":15,"column":9}},{"start":{"line":13,"column":13},"end":{"line":15,"column":9}}],"line":11},"1":{"loc":{"start":{"line":29,"column":8},"end":{"line":33,"column":9}},"type":"if","locations":[{"start":{"line":29,"column":8},"end":{"line":33,"column":9}},{"start":{"line":31,"column":15},"end":{"line":33,"column":9}}],"line":29}},"s":{"0":2,"1":2,"2":2,"3":2,"4":0,"5":0,"6":0,"7":0,"8":0,"9":0,"10":0,"11":2,"12":0,"13":0,"14":0,"15":0,"16":0,"17":0,"18":0,"19":0,"20":2,"21":0,"22":0,"23":0,"24":0,"25":0,"26":2,"27":0,"28":0,"29":0,"30":0,"31":2,"32":0,"33":0,"34":0,"35":0,"36":0,"37":0,"38":2,"39":0,"40":0,"41":0,"42":0,"43":2,"44":0,"45":0,"46":0,"47":0,"48":0,"49":2},"f":{"0":0,"1":0,"2":0,"3":0,"4":0,"5":0,"6":0},"b":{"0":[0,0],"1":[0,0]},"_coverageSchema":"1a1c01bbd47fc00a2c39e90264f33305004495a9","hash":"c33dffd63d16d2d0b2958b2472570c0b7303c6ae"}
,"/home/taba/myorders-pro/app/reimpostaPassword.js": {"path":"/home/taba/myorders-pro/app/reimpostaPassword.js","statementMap":{"0":{"start":{"line":1,"column":16},"end":{"line":1,"column":34}},"1":{"start":{"line":2,"column":15},"end":{"line":2,"column":31}},"2":{"start":{"line":4,"column":15},"end":{"line":4,"column":40}},"3":{"start":{"line":5,"column":13},"end":{"line":5,"column":40}},"4":{"start":{"line":8,"column":0},"end":{"line":57,"column":7}},"5":{"start":{"line":10,"column":2},"end":{"line":10,"column":49}},"6":{"start":{"line":12,"column":20},"end":{"line":12,"column":46}},"7":{"start":{"line":13,"column":2},"end":{"line":13,"column":32}},"8":{"start":{"line":15,"column":2},"end":{"line":15,"column":42}},"9":{"start":{"line":17,"column":4},"end":{"line":56,"column":7}},"10":{"start":{"line":20,"column":6},"end":{"line":20,"column":37}},"11":{"start":{"line":21,"column":6},"end":{"line":21,"column":34}},"12":{"start":{"line":23,"column":17},"end":{"line":25,"column":15}},"13":{"start":{"line":27,"column":6},"end":{"line":53,"column":7}},"14":{"start":{"line":28,"column":8},"end":{"line":48,"column":9}},"15":{"start":{"line":29,"column":22},"end":{"line":35,"column":11}},"16":{"start":{"line":37,"column":10},"end":{"line":44,"column":13}},"17":{"start":{"line":38,"column":14},"end":{"line":38,"column":49}},"18":{"start":{"line":39,"column":14},"end":{"line":39,"column":46}},"19":{"start":{"line":40,"column":14},"end":{"line":40,"column":29}},"20":{"start":{"line":43,"column":14},"end":{"line":43,"column":34}},"21":{"start":{"line":47,"column":10},"end":{"line":47,"column":73}},"22":{"start":{"line":51,"column":8},"end":{"line":51,"column":71}},"23":{"start":{"line":54,"column":8},"end":{"line":54,"column":29}},"24":{"start":{"line":55,"column":8},"end":{"line":55,"column":100}},"25":{"start":{"line":59,"column":2},"end":{"line":59,"column":26}}},"fnMap":{"0":{"name":"(anonymous_0)","decl":{"start":{"line":8,"column":16},"end":{"line":8,"column":17}},"loc":{"start":{"line":8,"column":36},"end":{"line":57,"column":5}},"line":8},"1":{"name":"(anonymous_1)","decl":{"start":{"line":37,"column":32},"end":{"line":37,"column":33}},"loc":{"start":{"line":37,"column":46},"end":{"line":41,"column":11}},"line":37},"2":{"name":"(anonymous_2)","decl":{"start":{"line":42,"column":19},"end":{"line":42,"column":20}},"loc":{"start":{"line":42,"column":30},"end":{"line":44,"column":11}},"line":42}},"branchMap":{"0":{"loc":{"start":{"line":27,"column":6},"end":{"line":53,"column":7}},"type":"if","locations":[{"start":{"line":27,"column":6},"end":{"line":53,"column":7}},{"start":{"line":50,"column":13},"end":{"line":53,"column":7}}],"line":27},"1":{"loc":{"start":{"line":28,"column":8},"end":{"line":48,"column":9}},"type":"if","locations":[{"start":{"line":28,"column":8},"end":{"line":48,"column":9}},{"start":{"line":46,"column":15},"end":{"line":48,"column":9}}],"line":28}},"s":{"0":2,"1":2,"2":2,"3":2,"4":2,"5":0,"6":0,"7":0,"8":0,"9":0,"10":0,"11":0,"12":0,"13":0,"14":0,"15":0,"16":0,"17":0,"18":0,"19":0,"20":0,"21":0,"22":0,"23":0,"24":0,"25":2},"f":{"0":0,"1":0,"2":0},"b":{"0":[0,0],"1":[0,0]},"_coverageSchema":"1a1c01bbd47fc00a2c39e90264f33305004495a9","hash":"c24a0128ccd577da84ec77c1df745e2a28a7548f"}
,"/home/taba/myorders-pro/app/subagenti.js": {"path":"/home/taba/myorders-pro/app/subagenti.js","statementMap":{"0":{"start":{"line":1,"column":16},"end":{"line":1,"column":34}},"1":{"start":{"line":2,"column":15},"end":{"line":2,"column":31}},"2":{"start":{"line":4,"column":18},"end":{"line":4,"column":47}},"3":{"start":{"line":7,"column":0},"end":{"line":20,"column":2}},"4":{"start":{"line":8,"column":4},"end":{"line":19,"column":5}},"5":{"start":{"line":9,"column":33},"end":{"line":9,"column":55}},"6":{"start":{"line":11,"column":12},"end":{"line":15,"column":13}},"7":{"start":{"line":12,"column":14},"end":{"line":12,"column":41}},"8":{"start":{"line":14,"column":14},"end":{"line":14,"column":81}},"9":{"start":{"line":17,"column":8},"end":{"line":17,"column":27}},"10":{"start":{"line":18,"column":8},"end":{"line":18,"column":103}},"11":{"start":{"line":23,"column":0},"end":{"line":37,"column":3}},"12":{"start":{"line":24,"column":4},"end":{"line":36,"column":5}},"13":{"start":{"line":25,"column":19},"end":{"line":25,"column":32}},"14":{"start":{"line":26,"column":26},"end":{"line":26,"column":54}},"15":{"start":{"line":28,"column":8},"end":{"line":32,"column":9}},"16":{"start":{"line":29,"column":12},"end":{"line":29,"column":32}},"17":{"start":{"line":31,"column":12},"end":{"line":31,"column":91}},"18":{"start":{"line":34,"column":8},"end":{"line":34,"column":29}},"19":{"start":{"line":35,"column":8},"end":{"line":35,"column":103}},"20":{"start":{"line":40,"column":0},"end":{"line":57,"column":3}},"21":{"start":{"line":41,"column":2},"end":{"line":56,"column":3}},"22":{"start":{"line":42,"column":27},"end":{"line":42,"column":50}},"23":{"start":{"line":43,"column":22},"end":{"line":43,"column":49}},"24":{"start":{"line":44,"column":4},"end":{"line":53,"column":7}},"25":{"start":{"line":55,"column":4},"end":{"line":55,"column":50}},"26":{"start":{"line":60,"column":0},"end":{"line":67,"column":3}},"27":{"start":{"line":61,"column":2},"end":{"line":66,"column":3}},"28":{"start":{"line":62,"column":29},"end":{"line":62,"column":69}},"29":{"start":{"line":63,"column":4},"end":{"line":63,"column":43}},"30":{"start":{"line":65,"column":4},"end":{"line":65,"column":51}},"31":{"start":{"line":70,"column":0},"end":{"line":79,"column":3}},"32":{"start":{"line":71,"column":2},"end":{"line":78,"column":3}},"33":{"start":{"line":72,"column":24},"end":{"line":72,"column":37}},"34":{"start":{"line":73,"column":27},"end":{"line":73,"column":35}},"35":{"start":{"line":74,"column":22},"end":{"line":74,"column":99}},"36":{"start":{"line":75,"column":4},"end":{"line":75,"column":36}},"37":{"start":{"line":77,"column":4},"end":{"line":77,"column":50}},"38":{"start":{"line":82,"column":0},"end":{"line":89,"column":3}},"39":{"start":{"line":83,"column":2},"end":{"line":88,"column":3}},"40":{"start":{"line":84,"column":29},"end":{"line":84,"column":59}},"41":{"start":{"line":85,"column":4},"end":{"line":85,"column":43}},"42":{"start":{"line":87,"column":4},"end":{"line":87,"column":51}},"43":{"start":{"line":92,"column":0},"end":{"line":100,"column":3}},"44":{"start":{"line":93,"column":2},"end":{"line":99,"column":3}},"45":{"start":{"line":94,"column":24},"end":{"line":94,"column":37}},"46":{"start":{"line":95,"column":22},"end":{"line":95,"column":68}},"47":{"start":{"line":96,"column":4},"end":{"line":96,"column":36}},"48":{"start":{"line":98,"column":4},"end":{"line":98,"column":50}},"49":{"start":{"line":102,"column":0},"end":{"line":102,"column":24}}},"fnMap":{"0":{"name":"(anonymous_0)","decl":{"start":{"line":7,"column":15},"end":{"line":7,"column":16}},"loc":{"start":{"line":7,"column":31},"end":{"line":20,"column":1}},"line":7},"1":{"name":"(anonymous_1)","decl":{"start":{"line":23,"column":19},"end":{"line":23,"column":20}},"loc":{"start":{"line":23,"column":39},"end":{"line":37,"column":1}},"line":23},"2":{"name":"(anonymous_2)","decl":{"start":{"line":40,"column":16},"end":{"line":40,"column":17}},"loc":{"start":{"line":40,"column":36},"end":{"line":57,"column":1}},"line":40},"3":{"name":"(anonymous_3)","decl":{"start":{"line":60,"column":15},"end":{"line":60,"column":16}},"loc":{"start":{"line":60,"column":35},"end":{"line":67,"column":1}},"line":60},"4":{"name":"(anonymous_4)","decl":{"start":{"line":70,"column":19},"end":{"line":70,"column":20}},"loc":{"start":{"line":70,"column":39},"end":{"line":79,"column":1}},"line":70},"5":{"name":"(anonymous_5)","decl":{"start":{"line":82,"column":18},"end":{"line":82,"column":19}},"loc":{"start":{"line":82,"column":38},"end":{"line":89,"column":1}},"line":82},"6":{"name":"(anonymous_6)","decl":{"start":{"line":92,"column":22},"end":{"line":92,"column":23}},"loc":{"start":{"line":92,"column":42},"end":{"line":100,"column":1}},"line":92}},"branchMap":{"0":{"loc":{"start":{"line":11,"column":12},"end":{"line":15,"column":13}},"type":"if","locations":[{"start":{"line":11,"column":12},"end":{"line":15,"column":13}},{"start":{"line":13,"column":19},"end":{"line":15,"column":13}}],"line":11},"1":{"loc":{"start":{"line":28,"column":8},"end":{"line":32,"column":9}},"type":"if","locations":[{"start":{"line":28,"column":8},"end":{"line":32,"column":9}},{"start":{"line":30,"column":15},"end":{"line":32,"column":9}}],"line":28}},"s":{"0":2,"1":2,"2":2,"3":2,"4":0,"5":0,"6":0,"7":0,"8":0,"9":0,"10":0,"11":2,"12":0,"13":0,"14":0,"15":0,"16":0,"17":0,"18":0,"19":0,"20":2,"21":0,"22":0,"23":0,"24":0,"25":0,"26":2,"27":0,"28":0,"29":0,"30":0,"31":2,"32":0,"33":0,"34":0,"35":0,"36":0,"37":0,"38":2,"39":0,"40":0,"41":0,"42":0,"43":2,"44":0,"45":0,"46":0,"47":0,"48":0,"49":2},"f":{"0":0,"1":0,"2":0,"3":0,"4":0,"5":0,"6":0},"b":{"0":[0,0],"1":[0,0]},"_coverageSchema":"1a1c01bbd47fc00a2c39e90264f33305004495a9","hash":"40be6e9d0e25ea909ccc3110d55ff2c7d5ab9987"}
,"/home/taba/myorders-pro/app/tecnici.js": {"path":"/home/taba/myorders-pro/app/tecnici.js","statementMap":{"0":{"start":{"line":1,"column":16},"end":{"line":1,"column":34}},"1":{"start":{"line":2,"column":15},"end":{"line":2,"column":31}},"2":{"start":{"line":4,"column":16},"end":{"line":4,"column":43}},"3":{"start":{"line":7,"column":0},"end":{"line":17,"column":2}},"4":{"start":{"line":8,"column":4},"end":{"line":16,"column":5}},"5":{"start":{"line":9,"column":29},"end":{"line":9,"column":49}},"6":{"start":{"line":11,"column":6},"end":{"line":12,"column":72}},"7":{"start":{"line":11,"column":26},"end":{"line":11,"column":51}},"8":{"start":{"line":12,"column":11},"end":{"line":12,"column":72}},"9":{"start":{"line":14,"column":8},"end":{"line":14,"column":27}},"10":{"start":{"line":15,"column":8},"end":{"line":15,"column":101}},"11":{"start":{"line":20,"column":0},"end":{"line":31,"column":3}},"12":{"start":{"line":21,"column":4},"end":{"line":30,"column":5}},"13":{"start":{"line":22,"column":17},"end":{"line":22,"column":30}},"14":{"start":{"line":23,"column":22},"end":{"line":23,"column":48}},"15":{"start":{"line":25,"column":6},"end":{"line":26,"column":88}},"16":{"start":{"line":25,"column":19},"end":{"line":25,"column":37}},"17":{"start":{"line":26,"column":11},"end":{"line":26,"column":88}},"18":{"start":{"line":28,"column":8},"end":{"line":28,"column":29}},"19":{"start":{"line":29,"column":8},"end":{"line":29,"column":101}},"20":{"start":{"line":34,"column":0},"end":{"line":51,"column":3}},"21":{"start":{"line":35,"column":2},"end":{"line":50,"column":3}},"22":{"start":{"line":36,"column":25},"end":{"line":36,"column":46}},"23":{"start":{"line":37,"column":22},"end":{"line":37,"column":47}},"24":{"start":{"line":38,"column":4},"end":{"line":47,"column":7}},"25":{"start":{"line":49,"column":4},"end":{"line":49,"column":50}},"26":{"start":{"line":54,"column":0},"end":{"line":61,"column":3}},"27":{"start":{"line":55,"column":2},"end":{"line":60,"column":3}},"28":{"start":{"line":56,"column":27},"end":{"line":56,"column":65}},"29":{"start":{"line":57,"column":4},"end":{"line":57,"column":41}},"30":{"start":{"line":59,"column":4},"end":{"line":59,"column":51}},"31":{"start":{"line":64,"column":0},"end":{"line":73,"column":3}},"32":{"start":{"line":65,"column":2},"end":{"line":72,"column":3}},"33":{"start":{"line":66,"column":22},"end":{"line":66,"column":35}},"34":{"start":{"line":67,"column":25},"end":{"line":67,"column":33}},"35":{"start":{"line":68,"column":22},"end":{"line":68,"column":93}},"36":{"start":{"line":69,"column":4},"end":{"line":69,"column":36}},"37":{"start":{"line":71,"column":4},"end":{"line":71,"column":50}},"38":{"start":{"line":76,"column":0},"end":{"line":83,"column":3}},"39":{"start":{"line":77,"column":2},"end":{"line":82,"column":3}},"40":{"start":{"line":78,"column":27},"end":{"line":78,"column":55}},"41":{"start":{"line":79,"column":4},"end":{"line":79,"column":41}},"42":{"start":{"line":81,"column":4},"end":{"line":81,"column":51}},"43":{"start":{"line":86,"column":0},"end":{"line":94,"column":3}},"44":{"start":{"line":87,"column":2},"end":{"line":93,"column":3}},"45":{"start":{"line":88,"column":22},"end":{"line":88,"column":35}},"46":{"start":{"line":89,"column":22},"end":{"line":89,"column":64}},"47":{"start":{"line":90,"column":4},"end":{"line":90,"column":36}},"48":{"start":{"line":92,"column":4},"end":{"line":92,"column":50}},"49":{"start":{"line":96,"column":0},"end":{"line":96,"column":24}}},"fnMap":{"0":{"name":"(anonymous_0)","decl":{"start":{"line":7,"column":15},"end":{"line":7,"column":16}},"loc":{"start":{"line":7,"column":31},"end":{"line":17,"column":1}},"line":7},"1":{"name":"(anonymous_1)","decl":{"start":{"line":20,"column":19},"end":{"line":20,"column":20}},"loc":{"start":{"line":20,"column":39},"end":{"line":31,"column":1}},"line":20},"2":{"name":"(anonymous_2)","decl":{"start":{"line":34,"column":16},"end":{"line":34,"column":17}},"loc":{"start":{"line":34,"column":36},"end":{"line":51,"column":1}},"line":34},"3":{"name":"(anonymous_3)","decl":{"start":{"line":54,"column":15},"end":{"line":54,"column":16}},"loc":{"start":{"line":54,"column":35},"end":{"line":61,"column":1}},"line":54},"4":{"name":"(anonymous_4)","decl":{"start":{"line":64,"column":19},"end":{"line":64,"column":20}},"loc":{"start":{"line":64,"column":39},"end":{"line":73,"column":1}},"line":64},"5":{"name":"(anonymous_5)","decl":{"start":{"line":76,"column":18},"end":{"line":76,"column":19}},"loc":{"start":{"line":76,"column":38},"end":{"line":83,"column":1}},"line":76},"6":{"name":"(anonymous_6)","decl":{"start":{"line":86,"column":22},"end":{"line":86,"column":23}},"loc":{"start":{"line":86,"column":42},"end":{"line":94,"column":1}},"line":86}},"branchMap":{"0":{"loc":{"start":{"line":11,"column":6},"end":{"line":12,"column":72}},"type":"if","locations":[{"start":{"line":11,"column":6},"end":{"line":12,"column":72}},{"start":{"line":12,"column":11},"end":{"line":12,"column":72}}],"line":11},"1":{"loc":{"start":{"line":25,"column":6},"end":{"line":26,"column":88}},"type":"if","locations":[{"start":{"line":25,"column":6},"end":{"line":26,"column":88}},{"start":{"line":26,"column":11},"end":{"line":26,"column":88}}],"line":25}},"s":{"0":2,"1":2,"2":2,"3":2,"4":0,"5":0,"6":0,"7":0,"8":0,"9":0,"10":0,"11":2,"12":0,"13":0,"14":0,"15":0,"16":0,"17":0,"18":0,"19":0,"20":2,"21":0,"22":0,"23":0,"24":0,"25":0,"26":2,"27":0,"28":0,"29":0,"30":0,"31":2,"32":0,"33":0,"34":0,"35":0,"36":0,"37":0,"38":2,"39":0,"40":0,"41":0,"42":0,"43":2,"44":0,"45":0,"46":0,"47":0,"48":0,"49":2},"f":{"0":0,"1":0,"2":0,"3":0,"4":0,"5":0,"6":0},"b":{"0":[0,0],"1":[0,0]},"_coverageSchema":"1a1c01bbd47fc00a2c39e90264f33305004495a9","hash":"2f5a80926891d93daaf6af77001acd71c7de4201"}
,"/home/taba/myorders-pro/app/tokenChecker.js": {"path":"/home/taba/myorders-pro/app/tokenChecker.js","statementMap":{"0":{"start":{"line":1,"column":12},"end":{"line":1,"column":35}},"1":{"start":{"line":3,"column":21},"end":{"line":45,"column":1}},"2":{"start":{"line":5,"column":16},"end":{"line":5,"column":39}},"3":{"start":{"line":6,"column":20},"end":{"line":6,"column":47}},"4":{"start":{"line":8,"column":1},"end":{"line":8,"column":39}},"5":{"start":{"line":11,"column":13},"end":{"line":11,"column":79}},"6":{"start":{"line":14,"column":1},"end":{"line":19,"column":2}},"7":{"start":{"line":15,"column":2},"end":{"line":18,"column":5}},"8":{"start":{"line":21,"column":1},"end":{"line":44,"column":2}},"9":{"start":{"line":23,"column":2},"end":{"line":23,"column":50}},"10":{"start":{"line":24,"column":2},"end":{"line":24,"column":32}},"11":{"start":{"line":25,"column":2},"end":{"line":25,"column":9}},"12":{"start":{"line":30,"column":2},"end":{"line":42,"column":5}},"13":{"start":{"line":31,"column":3},"end":{"line":41,"column":4}},"14":{"start":{"line":32,"column":4},"end":{"line":35,"column":7}},"15":{"start":{"line":38,"column":4},"end":{"line":38,"column":70}},"16":{"start":{"line":39,"column":4},"end":{"line":39,"column":29}},"17":{"start":{"line":40,"column":4},"end":{"line":40,"column":11}},"18":{"start":{"line":47,"column":0},"end":{"line":47,"column":29}}},"fnMap":{"0":{"name":"(anonymous_0)","decl":{"start":{"line":3,"column":21},"end":{"line":3,"column":22}},"loc":{"start":{"line":3,"column":46},"end":{"line":45,"column":1}},"line":3},"1":{"name":"(anonymous_1)","decl":{"start":{"line":30,"column":30},"end":{"line":30,"column":31}},"loc":{"start":{"line":30,"column":53},"end":{"line":42,"column":3}},"line":30}},"branchMap":{"0":{"loc":{"start":{"line":11,"column":13},"end":{"line":11,"column":79}},"type":"binary-expr","locations":[{"start":{"line":11,"column":13},"end":{"line":11,"column":27}},{"start":{"line":11,"column":31},"end":{"line":11,"column":46}},{"start":{"line":11,"column":50},"end":{"line":11,"column":79}}],"line":11},"1":{"loc":{"start":{"line":14,"column":1},"end":{"line":19,"column":2}},"type":"if","locations":[{"start":{"line":14,"column":1},"end":{"line":19,"column":2}},{"start":{},"end":{}}],"line":14},"2":{"loc":{"start":{"line":21,"column":1},"end":{"line":44,"column":2}},"type":"if","locations":[{"start":{"line":21,"column":1},"end":{"line":44,"column":2}},{"start":{"line":27,"column":8},"end":{"line":44,"column":2}}],"line":21},"3":{"loc":{"start":{"line":31,"column":3},"end":{"line":41,"column":4}},"type":"if","locations":[{"start":{"line":31,"column":3},"end":{"line":41,"column":4}},{"start":{"line":36,"column":10},"end":{"line":41,"column":4}}],"line":31}},"s":{"0":2,"1":2,"2":2,"3":2,"4":2,"5":2,"6":2,"7":0,"8":2,"9":2,"10":2,"11":2,"12":0,"13":0,"14":0,"15":0,"16":0,"17":0,"18":2},"f":{"0":2,"1":0},"b":{"0":[2,2,2],"1":[0,2],"2":[2,0],"3":[0,0]},"_coverageSchema":"1a1c01bbd47fc00a2c39e90264f33305004495a9","hash":"aaf483d03cbf7fe90855c9195bb5b39e6727789e"}
,"/home/taba/myorders-pro/app/users.js": {"path":"/home/taba/myorders-pro/app/users.js","statementMap":{"0":{"start":{"line":1,"column":16},"end":{"line":1,"column":34}},"1":{"start":{"line":2,"column":15},"end":{"line":2,"column":31}},"2":{"start":{"line":4,"column":13},"end":{"line":4,"column":40}},"3":{"start":{"line":7,"column":0},"end":{"line":16,"column":2}},"4":{"start":{"line":8,"column":4},"end":{"line":15,"column":5}},"5":{"start":{"line":9,"column":29},"end":{"line":9,"column":46}},"6":{"start":{"line":10,"column":9},"end":{"line":10,"column":34}},"7":{"start":{"line":11,"column":9},"end":{"line":11,"column":44}},"8":{"start":{"line":13,"column":8},"end":{"line":13,"column":27}},"9":{"start":{"line":14,"column":8},"end":{"line":14,"column":102}},"10":{"start":{"line":19,"column":0},"end":{"line":32,"column":3}},"11":{"start":{"line":20,"column":4},"end":{"line":31,"column":5}},"12":{"start":{"line":21,"column":17},"end":{"line":21,"column":30}},"13":{"start":{"line":22,"column":19},"end":{"line":22,"column":42}},"14":{"start":{"line":23,"column":6},"end":{"line":27,"column":7}},"15":{"start":{"line":24,"column":8},"end":{"line":24,"column":23}},"16":{"start":{"line":26,"column":8},"end":{"line":26,"column":82}},"17":{"start":{"line":29,"column":6},"end":{"line":29,"column":27}},"18":{"start":{"line":30,"column":6},"end":{"line":30,"column":98}},"19":{"start":{"line":35,"column":0},"end":{"line":48,"column":3}},"20":{"start":{"line":36,"column":2},"end":{"line":47,"column":3}},"21":{"start":{"line":37,"column":21},"end":{"line":37,"column":40}},"22":{"start":{"line":38,"column":17},"end":{"line":38,"column":60}},"23":{"start":{"line":39,"column":4},"end":{"line":43,"column":5}},"24":{"start":{"line":40,"column":6},"end":{"line":40,"column":21}},"25":{"start":{"line":42,"column":6},"end":{"line":42,"column":80}},"26":{"start":{"line":45,"column":4},"end":{"line":45,"column":25}},"27":{"start":{"line":46,"column":4},"end":{"line":46,"column":96}},"28":{"start":{"line":51,"column":0},"end":{"line":68,"column":3}},"29":{"start":{"line":52,"column":2},"end":{"line":67,"column":3}},"30":{"start":{"line":53,"column":22},"end":{"line":53,"column":40}},"31":{"start":{"line":54,"column":22},"end":{"line":54,"column":44}},"32":{"start":{"line":55,"column":4},"end":{"line":64,"column":7}},"33":{"start":{"line":66,"column":4},"end":{"line":66,"column":50}},"34":{"start":{"line":71,"column":0},"end":{"line":78,"column":3}},"35":{"start":{"line":72,"column":2},"end":{"line":77,"column":3}},"36":{"start":{"line":73,"column":24},"end":{"line":73,"column":59}},"37":{"start":{"line":74,"column":4},"end":{"line":74,"column":38}},"38":{"start":{"line":76,"column":4},"end":{"line":76,"column":51}},"39":{"start":{"line":81,"column":0},"end":{"line":95,"column":3}},"40":{"start":{"line":82,"column":2},"end":{"line":94,"column":3}},"41":{"start":{"line":86,"column":24},"end":{"line":90,"column":5}},"42":{"start":{"line":91,"column":4},"end":{"line":91,"column":38}},"43":{"start":{"line":93,"column":4},"end":{"line":93,"column":51}},"44":{"start":{"line":98,"column":0},"end":{"line":105,"column":3}},"45":{"start":{"line":99,"column":2},"end":{"line":104,"column":3}},"46":{"start":{"line":100,"column":24},"end":{"line":100,"column":49}},"47":{"start":{"line":101,"column":4},"end":{"line":101,"column":38}},"48":{"start":{"line":103,"column":4},"end":{"line":103,"column":51}},"49":{"start":{"line":109,"column":0},"end":{"line":116,"column":3}},"50":{"start":{"line":110,"column":2},"end":{"line":115,"column":3}},"51":{"start":{"line":111,"column":24},"end":{"line":111,"column":67}},"52":{"start":{"line":112,"column":4},"end":{"line":112,"column":38}},"53":{"start":{"line":114,"column":4},"end":{"line":114,"column":51}},"54":{"start":{"line":118,"column":0},"end":{"line":118,"column":24}}},"fnMap":{"0":{"name":"(anonymous_0)","decl":{"start":{"line":7,"column":15},"end":{"line":7,"column":16}},"loc":{"start":{"line":7,"column":31},"end":{"line":16,"column":1}},"line":7},"1":{"name":"(anonymous_1)","decl":{"start":{"line":19,"column":19},"end":{"line":19,"column":20}},"loc":{"start":{"line":19,"column":39},"end":{"line":32,"column":1}},"line":19},"2":{"name":"(anonymous_2)","decl":{"start":{"line":35,"column":34},"end":{"line":35,"column":35}},"loc":{"start":{"line":35,"column":54},"end":{"line":48,"column":1}},"line":35},"3":{"name":"(anonymous_3)","decl":{"start":{"line":51,"column":16},"end":{"line":51,"column":17}},"loc":{"start":{"line":51,"column":36},"end":{"line":68,"column":1}},"line":51},"4":{"name":"(anonymous_4)","decl":{"start":{"line":71,"column":15},"end":{"line":71,"column":16}},"loc":{"start":{"line":71,"column":35},"end":{"line":78,"column":1}},"line":71},"5":{"name":"(anonymous_5)","decl":{"start":{"line":81,"column":19},"end":{"line":81,"column":20}},"loc":{"start":{"line":81,"column":39},"end":{"line":95,"column":1}},"line":81},"6":{"name":"(anonymous_6)","decl":{"start":{"line":98,"column":18},"end":{"line":98,"column":19}},"loc":{"start":{"line":98,"column":38},"end":{"line":105,"column":1}},"line":98},"7":{"name":"(anonymous_7)","decl":{"start":{"line":109,"column":22},"end":{"line":109,"column":23}},"loc":{"start":{"line":109,"column":42},"end":{"line":116,"column":1}},"line":109}},"branchMap":{"0":{"loc":{"start":{"line":23,"column":6},"end":{"line":27,"column":7}},"type":"if","locations":[{"start":{"line":23,"column":6},"end":{"line":27,"column":7}},{"start":{"line":25,"column":13},"end":{"line":27,"column":7}}],"line":23},"1":{"loc":{"start":{"line":39,"column":4},"end":{"line":43,"column":5}},"type":"if","locations":[{"start":{"line":39,"column":4},"end":{"line":43,"column":5}},{"start":{"line":41,"column":11},"end":{"line":43,"column":5}}],"line":39}},"s":{"0":2,"1":2,"2":2,"3":2,"4":1,"5":1,"6":1,"7":1,"8":0,"9":0,"10":2,"11":1,"12":1,"13":1,"14":1,"15":1,"16":0,"17":0,"18":0,"19":2,"20":0,"21":0,"22":0,"23":0,"24":0,"25":0,"26":0,"27":0,"28":2,"29":0,"30":0,"31":0,"32":0,"33":0,"34":2,"35":0,"36":0,"37":0,"38":0,"39":2,"40":0,"41":0,"42":0,"43":0,"44":2,"45":0,"46":0,"47":0,"48":0,"49":2,"50":0,"51":0,"52":0,"53":0,"54":2},"f":{"0":1,"1":1,"2":0,"3":0,"4":0,"5":0,"6":0,"7":0},"b":{"0":[1,0],"1":[0,0]},"_coverageSchema":"1a1c01bbd47fc00a2c39e90264f33305004495a9","hash":"fa421370ee699e0a826d4c1edef635fef32bd397"}
,"/home/taba/myorders-pro/app/models/articolo.js": {"path":"/home/taba/myorders-pro/app/models/articolo.js","statementMap":{"0":{"start":{"line":1,"column":15},"end":{"line":1,"column":34}},"1":{"start":{"line":2,"column":13},"end":{"line":2,"column":28}},"2":{"start":{"line":4,"column":23},"end":{"line":16,"column":2}},"3":{"start":{"line":18,"column":15},"end":{"line":18,"column":56}},"4":{"start":{"line":20,"column":0},"end":{"line":20,"column":24}}},"fnMap":{},"branchMap":{},"s":{"0":2,"1":2,"2":2,"3":2,"4":2},"f":{},"b":{},"_coverageSchema":"1a1c01bbd47fc00a2c39e90264f33305004495a9","hash":"61e986c00ee6747a726369d4114e1db3ae8e57b2"}
,"/home/taba/myorders-pro/app/models/azienda.js": {"path":"/home/taba/myorders-pro/app/models/azienda.js","statementMap":{"0":{"start":{"line":1,"column":17},"end":{"line":1,"column":36}},"1":{"start":{"line":2,"column":13},"end":{"line":2,"column":28}},"2":{"start":{"line":4,"column":22},"end":{"line":12,"column":2}},"3":{"start":{"line":14,"column":16},"end":{"line":14,"column":56}},"4":{"start":{"line":16,"column":0},"end":{"line":16,"column":25}}},"fnMap":{},"branchMap":{},"s":{"0":2,"1":2,"2":2,"3":2,"4":2},"f":{},"b":{},"_coverageSchema":"1a1c01bbd47fc00a2c39e90264f33305004495a9","hash":"15fe7734cc2dbebf8d60a5d7d0b535ac9c7ba53a"}
,"/home/taba/myorders-pro/app/models/catalogo.js": {"path":"/home/taba/myorders-pro/app/models/catalogo.js","statementMap":{"0":{"start":{"line":1,"column":17},"end":{"line":1,"column":36}},"1":{"start":{"line":2,"column":13},"end":{"line":2,"column":28}},"2":{"start":{"line":4,"column":23},"end":{"line":13,"column":2}},"3":{"start":{"line":15,"column":17},"end":{"line":15,"column":59}},"4":{"start":{"line":17,"column":0},"end":{"line":17,"column":26}}},"fnMap":{},"branchMap":{},"s":{"0":2,"1":2,"2":2,"3":2,"4":2},"f":{},"b":{},"_coverageSchema":"1a1c01bbd47fc00a2c39e90264f33305004495a9","hash":"502fa885343498db667f7fc26366be86a50ccc56"}
,"/home/taba/myorders-pro/app/models/chiave.js": {"path":"/home/taba/myorders-pro/app/models/chiave.js","statementMap":{"0":{"start":{"line":1,"column":15},"end":{"line":1,"column":34}},"1":{"start":{"line":2,"column":13},"end":{"line":2,"column":28}},"2":{"start":{"line":4,"column":21},"end":{"line":10,"column":2}},"3":{"start":{"line":12,"column":13},"end":{"line":12,"column":50}},"4":{"start":{"line":14,"column":0},"end":{"line":14,"column":22}}},"fnMap":{},"branchMap":{},"s":{"0":2,"1":2,"2":2,"3":2,"4":2},"f":{},"b":{},"_coverageSchema":"1a1c01bbd47fc00a2c39e90264f33305004495a9","hash":"f17212637cde0b0d925ca318e4402e274c1ec72e"}
,"/home/taba/myorders-pro/app/models/cliente.js": {"path":"/home/taba/myorders-pro/app/models/cliente.js","statementMap":{"0":{"start":{"line":1,"column":17},"end":{"line":1,"column":36}},"1":{"start":{"line":2,"column":13},"end":{"line":2,"column":28}},"2":{"start":{"line":4,"column":22},"end":{"line":11,"column":2}},"3":{"start":{"line":13,"column":16},"end":{"line":13,"column":56}},"4":{"start":{"line":15,"column":0},"end":{"line":15,"column":25}}},"fnMap":{},"branchMap":{},"s":{"0":2,"1":2,"2":2,"3":2,"4":2},"f":{},"b":{},"_coverageSchema":"1a1c01bbd47fc00a2c39e90264f33305004495a9","hash":"9a38d27b74d39ec06bf705776525d23ee4e3609c"}
,"/home/taba/myorders-pro/app/models/dipendente.js": {"path":"/home/taba/myorders-pro/app/models/dipendente.js","statementMap":{"0":{"start":{"line":1,"column":17},"end":{"line":1,"column":36}},"1":{"start":{"line":2,"column":13},"end":{"line":2,"column":28}},"2":{"start":{"line":4,"column":25},"end":{"line":10,"column":2}},"3":{"start":{"line":12,"column":19},"end":{"line":12,"column":65}},"4":{"start":{"line":14,"column":0},"end":{"line":14,"column":28}}},"fnMap":{},"branchMap":{},"s":{"0":2,"1":2,"2":2,"3":2,"4":2},"f":{},"b":{},"_coverageSchema":"1a1c01bbd47fc00a2c39e90264f33305004495a9","hash":"22d14ae4d7de0a7434a060e436e9caa339b1bafa"}
,"/home/taba/myorders-pro/app/models/ordine.js": {"path":"/home/taba/myorders-pro/app/models/ordine.js","statementMap":{"0":{"start":{"line":1,"column":17},"end":{"line":1,"column":36}},"1":{"start":{"line":2,"column":13},"end":{"line":2,"column":28}},"2":{"start":{"line":4,"column":21},"end":{"line":16,"column":2}},"3":{"start":{"line":18,"column":15},"end":{"line":18,"column":53}},"4":{"start":{"line":20,"column":0},"end":{"line":20,"column":24}}},"fnMap":{},"branchMap":{},"s":{"0":2,"1":2,"2":2,"3":2,"4":2},"f":{},"b":{},"_coverageSchema":"1a1c01bbd47fc00a2c39e90264f33305004495a9","hash":"199c476f845099e1fba24e798263abf62f72b5e7"}
,"/home/taba/myorders-pro/app/models/subagente.js": {"path":"/home/taba/myorders-pro/app/models/subagente.js","statementMap":{"0":{"start":{"line":1,"column":17},"end":{"line":1,"column":36}},"1":{"start":{"line":2,"column":13},"end":{"line":2,"column":28}},"2":{"start":{"line":4,"column":24},"end":{"line":14,"column":2}},"3":{"start":{"line":16,"column":18},"end":{"line":16,"column":62}},"4":{"start":{"line":18,"column":0},"end":{"line":18,"column":27}}},"fnMap":{},"branchMap":{},"s":{"0":2,"1":2,"2":2,"3":2,"4":2},"f":{},"b":{},"_coverageSchema":"1a1c01bbd47fc00a2c39e90264f33305004495a9","hash":"02063aabe272f8186efc5d733d108e2df510cd15"}
,"/home/taba/myorders-pro/app/models/tecnico.js": {"path":"/home/taba/myorders-pro/app/models/tecnico.js","statementMap":{"0":{"start":{"line":1,"column":17},"end":{"line":1,"column":36}},"1":{"start":{"line":2,"column":13},"end":{"line":2,"column":28}},"2":{"start":{"line":4,"column":22},"end":{"line":10,"column":2}},"3":{"start":{"line":12,"column":16},"end":{"line":12,"column":56}},"4":{"start":{"line":14,"column":0},"end":{"line":14,"column":25}}},"fnMap":{},"branchMap":{},"s":{"0":2,"1":2,"2":2,"3":2,"4":2},"f":{},"b":{},"_coverageSchema":"1a1c01bbd47fc00a2c39e90264f33305004495a9","hash":"ce80fb3cd7a8cc6dffb1bc2d6937050898a6c813"}
,"/home/taba/myorders-pro/app/models/user.js": {"path":"/home/taba/myorders-pro/app/models/user.js","statementMap":{"0":{"start":{"line":1,"column":15},"end":{"line":1,"column":34}},"1":{"start":{"line":2,"column":13},"end":{"line":2,"column":28}},"2":{"start":{"line":4,"column":17},"end":{"line":16,"column":2}},"3":{"start":{"line":18,"column":11},"end":{"line":18,"column":44}},"4":{"start":{"line":20,"column":0},"end":{"line":20,"column":20}}},"fnMap":{},"branchMap":{},"s":{"0":2,"1":2,"2":2,"3":2,"4":2},"f":{},"b":{},"_coverageSchema":"1a1c01bbd47fc00a2c39e90264f33305004495a9","hash":"9212e2eab7d6871a1ddd9252f150e19e7c891e86"}
}
