{"/home/taba/myorders-pro/app/app.js": {"path":"/home/taba/myorders-pro/app/app.js","statementMap":{"0":{"start":{"line":1,"column":16},"end":{"line":1,"column":34}},"1":{"start":{"line":2,"column":12},"end":{"line":2,"column":21}},"2":{"start":{"line":4,"column":23},"end":{"line":4,"column":53}},"3":{"start":{"line":5,"column":21},"end":{"line":5,"column":49}},"4":{"start":{"line":7,"column":14},"end":{"line":7,"column":35}},"5":{"start":{"line":8,"column":17},"end":{"line":8,"column":41}},"6":{"start":{"line":9,"column":16},"end":{"line":9,"column":39}},"7":{"start":{"line":10,"column":18},"end":{"line":10,"column":43}},"8":{"start":{"line":11,"column":16},"end":{"line":11,"column":39}},"9":{"start":{"line":12,"column":19},"end":{"line":12,"column":45}},"10":{"start":{"line":13,"column":15},"end":{"line":13,"column":37}},"11":{"start":{"line":14,"column":18},"end":{"line":14,"column":43}},"12":{"start":{"line":15,"column":16},"end":{"line":15,"column":39}},"13":{"start":{"line":16,"column":26},"end":{"line":16,"column":59}},"14":{"start":{"line":17,"column":18},"end":{"line":17,"column":43}},"15":{"start":{"line":19,"column":15},"end":{"line":19,"column":44}},"16":{"start":{"line":24,"column":26},"end":{"line":64,"column":1}},"17":{"start":{"line":25,"column":2},"end":{"line":62,"column":3}},"18":{"start":{"line":28,"column":10},"end":{"line":36,"column":11}},"19":{"start":{"line":29,"column":14},"end":{"line":29,"column":81}},"20":{"start":{"line":30,"column":14},"end":{"line":30,"column":44}},"21":{"start":{"line":31,"column":14},"end":{"line":31,"column":98}},"22":{"start":{"line":31,"column":49},"end":{"line":31,"column":98}},"23":{"start":{"line":34,"column":12},"end":{"line":34,"column":66}},"24":{"start":{"line":34,"column":47},"end":{"line":34,"column":66}},"25":{"start":{"line":35,"column":14},"end":{"line":35,"column":122}},"26":{"start":{"line":38,"column":10},"end":{"line":46,"column":11}},"27":{"start":{"line":39,"column":12},"end":{"line":39,"column":86}},"28":{"start":{"line":40,"column":12},"end":{"line":40,"column":48}},"29":{"start":{"line":41,"column":12},"end":{"line":41,"column":93}},"30":{"start":{"line":41,"column":47},"end":{"line":41,"column":93}},"31":{"start":{"line":44,"column":12},"end":{"line":44,"column":66}},"32":{"start":{"line":44,"column":47},"end":{"line":44,"column":66}},"33":{"start":{"line":45,"column":14},"end":{"line":45,"column":114}},"34":{"start":{"line":48,"column":10},"end":{"line":56,"column":11}},"35":{"start":{"line":49,"column":12},"end":{"line":49,"column":83}},"36":{"start":{"line":50,"column":12},"end":{"line":50,"column":50}},"37":{"start":{"line":51,"column":12},"end":{"line":51,"column":99}},"38":{"start":{"line":51,"column":47},"end":{"line":51,"column":99}},"39":{"start":{"line":54,"column":12},"end":{"line":54,"column":66}},"40":{"start":{"line":54,"column":47},"end":{"line":54,"column":66}},"41":{"start":{"line":55,"column":14},"end":{"line":55,"column":121}},"42":{"start":{"line":58,"column":10},"end":{"line":58,"column":107}},"43":{"start":{"line":58,"column":45},"end":{"line":58,"column":107}},"44":{"start":{"line":60,"column":4},"end":{"line":60,"column":32}},"45":{"start":{"line":63,"column":2},"end":{"line":63,"column":9}},"46":{"start":{"line":67,"column":0},"end":{"line":67,"column":27}},"47":{"start":{"line":72,"column":0},"end":{"line":72,"column":24}},"48":{"start":{"line":73,"column":0},"end":{"line":73,"column":48}},"49":{"start":{"line":78,"column":0},"end":{"line":78,"column":63}},"50":{"start":{"line":80,"column":0},"end":{"line":80,"column":39}},"51":{"start":{"line":85,"column":0},"end":{"line":88,"column":2}},"52":{"start":{"line":86,"column":2},"end":{"line":86,"column":76}},"53":{"start":{"line":86,"column":37},"end":{"line":86,"column":76}},"54":{"start":{"line":87,"column":4},"end":{"line":87,"column":10}},"55":{"start":{"line":93,"column":0},"end":{"line":93,"column":44}},"56":{"start":{"line":103,"column":0},"end":{"line":103,"column":32}},"57":{"start":{"line":104,"column":0},"end":{"line":104,"column":35}},"58":{"start":{"line":105,"column":0},"end":{"line":105,"column":34}},"59":{"start":{"line":106,"column":0},"end":{"line":106,"column":36}},"60":{"start":{"line":107,"column":0},"end":{"line":107,"column":34}},"61":{"start":{"line":108,"column":0},"end":{"line":108,"column":37}},"62":{"start":{"line":109,"column":0},"end":{"line":109,"column":33}},"63":{"start":{"line":110,"column":0},"end":{"line":110,"column":36}},"64":{"start":{"line":111,"column":0},"end":{"line":111,"column":34}},"65":{"start":{"line":112,"column":0},"end":{"line":112,"column":44}},"66":{"start":{"line":113,"column":0},"end":{"line":113,"column":36}},"67":{"start":{"line":119,"column":0},"end":{"line":119,"column":25}},"68":{"start":{"line":120,"column":0},"end":{"line":120,"column":31}},"69":{"start":{"line":121,"column":0},"end":{"line":121,"column":29}},"70":{"start":{"line":122,"column":0},"end":{"line":122,"column":33}},"71":{"start":{"line":123,"column":0},"end":{"line":123,"column":29}},"72":{"start":{"line":124,"column":0},"end":{"line":124,"column":35}},"73":{"start":{"line":125,"column":0},"end":{"line":125,"column":27}},"74":{"start":{"line":126,"column":0},"end":{"line":126,"column":33}},"75":{"start":{"line":127,"column":0},"end":{"line":127,"column":29}},"76":{"start":{"line":128,"column":0},"end":{"line":128,"column":49}},"77":{"start":{"line":129,"column":0},"end":{"line":129,"column":33}},"78":{"start":{"line":132,"column":0},"end":{"line":135,"column":3}},"79":{"start":{"line":133,"column":4},"end":{"line":133,"column":20}},"80":{"start":{"line":134,"column":4},"end":{"line":134,"column":37}},"81":{"start":{"line":137,"column":0},"end":{"line":137,"column":21}}},"fnMap":{"0":{"name":"(anonymous_0)","decl":{"start":{"line":24,"column":26},"end":{"line":24,"column":27}},"loc":{"start":{"line":24,"column":51},"end":{"line":64,"column":1}},"line":24},"1":{"name":"(anonymous_1)","decl":{"start":{"line":85,"column":8},"end":{"line":85,"column":9}},"loc":{"start":{"line":85,"column":26},"end":{"line":88,"column":1}},"line":85},"2":{"name":"(anonymous_2)","decl":{"start":{"line":132,"column":8},"end":{"line":132,"column":9}},"loc":{"start":{"line":132,"column":22},"end":{"line":135,"column":1}},"line":132}},"branchMap":{"0":{"loc":{"start":{"line":25,"column":2},"end":{"line":62,"column":3}},"type":"if","locations":[{"start":{"line":25,"column":2},"end":{"line":62,"column":3}},{"start":{},"end":{}}],"line":25},"1":{"loc":{"start":{"line":31,"column":14},"end":{"line":31,"column":98}},"type":"if","locations":[{"start":{"line":31,"column":14},"end":{"line":31,"column":98}},{"start":{},"end":{}}],"line":31},"2":{"loc":{"start":{"line":34,"column":12},"end":{"line":34,"column":66}},"type":"if","locations":[{"start":{"line":34,"column":12},"end":{"line":34,"column":66}},{"start":{},"end":{}}],"line":34},"3":{"loc":{"start":{"line":41,"column":12},"end":{"line":41,"column":93}},"type":"if","locations":[{"start":{"line":41,"column":12},"end":{"line":41,"column":93}},{"start":{},"end":{}}],"line":41},"4":{"loc":{"start":{"line":44,"column":12},"end":{"line":44,"column":66}},"type":"if","locations":[{"start":{"line":44,"column":12},"end":{"line":44,"column":66}},{"start":{},"end":{}}],"line":44},"5":{"loc":{"start":{"line":51,"column":12},"end":{"line":51,"column":99}},"type":"if","locations":[{"start":{"line":51,"column":12},"end":{"line":51,"column":99}},{"start":{},"end":{}}],"line":51},"6":{"loc":{"start":{"line":54,"column":12},"end":{"line":54,"column":66}},"type":"if","locations":[{"start":{"line":54,"column":12},"end":{"line":54,"column":66}},{"start":{},"end":{}}],"line":54},"7":{"loc":{"start":{"line":58,"column":10},"end":{"line":58,"column":107}},"type":"if","locations":[{"start":{"line":58,"column":10},"end":{"line":58,"column":107}},{"start":{},"end":{}}],"line":58},"8":{"loc":{"start":{"line":78,"column":28},"end":{"line":78,"column":60}},"type":"binary-expr","locations":[{"start":{"line":78,"column":28},"end":{"line":78,"column":48}},{"start":{"line":78,"column":52},"end":{"line":78,"column":60}}],"line":78},"9":{"loc":{"start":{"line":86,"column":2},"end":{"line":86,"column":76}},"type":"if","locations":[{"start":{"line":86,"column":2},"end":{"line":86,"column":76}},{"start":{},"end":{}}],"line":86}},"s":{"0":11,"1":11,"2":11,"3":11,"4":11,"5":11,"6":11,"7":11,"8":11,"9":11,"10":11,"11":11,"12":11,"13":11,"14":11,"15":11,"16":11,"17":1,"18":1,"19":1,"20":1,"21":1,"22":0,"23":0,"24":0,"25":0,"26":1,"27":1,"28":1,"29":1,"30":0,"31":0,"32":0,"33":0,"34":1,"35":1,"36":1,"37":1,"38":0,"39":0,"40":0,"41":0,"42":1,"43":0,"44":1,"45":1,"46":11,"47":11,"48":11,"49":11,"50":11,"51":11,"52":1,"53":0,"54":1,"55":11,"56":11,"57":11,"58":11,"59":11,"60":11,"61":11,"62":11,"63":11,"64":11,"65":11,"66":11,"67":11,"68":11,"69":11,"70":11,"71":11,"72":11,"73":11,"74":11,"75":11,"76":11,"77":11,"78":11,"79":0,"80":0,"81":11},"f":{"0":1,"1":1,"2":0},"b":{"0":[1,0],"1":[0,1],"2":[0,0],"3":[0,1],"4":[0,0],"5":[0,1],"6":[0,0],"7":[0,1],"8":[11,11],"9":[0,1]},"_coverageSchema":"1a1c01bbd47fc00a2c39e90264f33305004495a9","hash":"e51c1b2f80a20a611447eea262802e8dd31115f4"}
,"/home/taba/myorders-pro/app/articoli.js": {"path":"/home/taba/myorders-pro/app/articoli.js","statementMap":{"0":{"start":{"line":1,"column":16},"end":{"line":1,"column":34}},"1":{"start":{"line":2,"column":15},"end":{"line":2,"column":31}},"2":{"start":{"line":4,"column":12},"end":{"line":4,"column":33}},"3":{"start":{"line":5,"column":11},"end":{"line":5,"column":24}},"4":{"start":{"line":7,"column":15},"end":{"line":7,"column":32}},"5":{"start":{"line":9,"column":17},"end":{"line":9,"column":48}},"6":{"start":{"line":12,"column":0},"end":{"line":26,"column":2}},"7":{"start":{"line":13,"column":4},"end":{"line":25,"column":5}},"8":{"start":{"line":14,"column":32},"end":{"line":14,"column":53}},"9":{"start":{"line":15,"column":9},"end":{"line":15,"column":73}},"10":{"start":{"line":15,"column":44},"end":{"line":15,"column":73}},"11":{"start":{"line":16,"column":9},"end":{"line":20,"column":10}},"12":{"start":{"line":17,"column":10},"end":{"line":17,"column":62}},"13":{"start":{"line":19,"column":10},"end":{"line":19,"column":36}},"14":{"start":{"line":23,"column":6},"end":{"line":23,"column":62}},"15":{"start":{"line":23,"column":41},"end":{"line":23,"column":62}},"16":{"start":{"line":24,"column":8},"end":{"line":24,"column":104}},"17":{"start":{"line":29,"column":0},"end":{"line":42,"column":5}},"18":{"start":{"line":30,"column":4},"end":{"line":41,"column":5}},"19":{"start":{"line":31,"column":17},"end":{"line":31,"column":30}},"20":{"start":{"line":32,"column":23},"end":{"line":32,"column":50}},"21":{"start":{"line":33,"column":6},"end":{"line":37,"column":7}},"22":{"start":{"line":34,"column":8},"end":{"line":34,"column":27}},"23":{"start":{"line":36,"column":8},"end":{"line":36,"column":86}},"24":{"start":{"line":39,"column":6},"end":{"line":39,"column":62}},"25":{"start":{"line":39,"column":41},"end":{"line":39,"column":62}},"26":{"start":{"line":40,"column":6},"end":{"line":40,"column":102}},"27":{"start":{"line":44,"column":2},"end":{"line":58,"column":4}},"28":{"start":{"line":45,"column":4},"end":{"line":57,"column":5}},"29":{"start":{"line":46,"column":23},"end":{"line":46,"column":42}},"30":{"start":{"line":47,"column":33},"end":{"line":47,"column":73}},"31":{"start":{"line":49,"column":12},"end":{"line":53,"column":13}},"32":{"start":{"line":50,"column":14},"end":{"line":50,"column":41}},"33":{"start":{"line":52,"column":14},"end":{"line":52,"column":77}},"34":{"start":{"line":55,"column":6},"end":{"line":55,"column":62}},"35":{"start":{"line":55,"column":41},"end":{"line":55,"column":62}},"36":{"start":{"line":56,"column":8},"end":{"line":56,"column":112}},"37":{"start":{"line":61,"column":0},"end":{"line":78,"column":5}},"38":{"start":{"line":62,"column":4},"end":{"line":77,"column":5}},"39":{"start":{"line":63,"column":28},"end":{"line":63,"column":50}},"40":{"start":{"line":64,"column":24},"end":{"line":64,"column":50}},"41":{"start":{"line":65,"column":6},"end":{"line":74,"column":9}},"42":{"start":{"line":76,"column":6},"end":{"line":76,"column":52}},"43":{"start":{"line":81,"column":0},"end":{"line":88,"column":3}},"44":{"start":{"line":82,"column":2},"end":{"line":87,"column":3}},"45":{"start":{"line":83,"column":28},"end":{"line":83,"column":67}},"46":{"start":{"line":84,"column":4},"end":{"line":84,"column":42}},"47":{"start":{"line":86,"column":4},"end":{"line":86,"column":51}},"48":{"start":{"line":91,"column":0},"end":{"line":102,"column":3}},"49":{"start":{"line":92,"column":2},"end":{"line":101,"column":3}},"50":{"start":{"line":93,"column":28},"end":{"line":97,"column":5}},"51":{"start":{"line":98,"column":4},"end":{"line":98,"column":42}},"52":{"start":{"line":100,"column":4},"end":{"line":100,"column":51}},"53":{"start":{"line":105,"column":0},"end":{"line":112,"column":3}},"54":{"start":{"line":106,"column":2},"end":{"line":111,"column":3}},"55":{"start":{"line":107,"column":28},"end":{"line":107,"column":57}},"56":{"start":{"line":108,"column":4},"end":{"line":108,"column":42}},"57":{"start":{"line":110,"column":4},"end":{"line":110,"column":51}},"58":{"start":{"line":116,"column":0},"end":{"line":123,"column":3}},"59":{"start":{"line":117,"column":2},"end":{"line":122,"column":3}},"60":{"start":{"line":118,"column":28},"end":{"line":118,"column":75}},"61":{"start":{"line":119,"column":4},"end":{"line":119,"column":42}},"62":{"start":{"line":121,"column":4},"end":{"line":121,"column":51}},"63":{"start":{"line":127,"column":15},"end":{"line":127,"column":43}},"64":{"start":{"line":129,"column":0},"end":{"line":150,"column":3}},"65":{"start":{"line":130,"column":2},"end":{"line":149,"column":3}},"66":{"start":{"line":131,"column":17},"end":{"line":131,"column":25}},"67":{"start":{"line":133,"column":4},"end":{"line":145,"column":9}},"68":{"start":{"line":136,"column":8},"end":{"line":138,"column":9}},"69":{"start":{"line":137,"column":10},"end":{"line":137,"column":56}},"70":{"start":{"line":142,"column":8},"end":{"line":142,"column":29}},"71":{"start":{"line":143,"column":8},"end":{"line":143,"column":51}},"72":{"start":{"line":147,"column":4},"end":{"line":147,"column":89}},"73":{"start":{"line":147,"column":39},"end":{"line":147,"column":89}},"74":{"start":{"line":148,"column":4},"end":{"line":148,"column":50}},"75":{"start":{"line":153,"column":2},"end":{"line":163,"column":3}},"76":{"start":{"line":154,"column":4},"end":{"line":154,"column":65}},"77":{"start":{"line":155,"column":4},"end":{"line":155,"column":65}},"78":{"start":{"line":156,"column":4},"end":{"line":156,"column":47}},"79":{"start":{"line":157,"column":4},"end":{"line":157,"column":29}},"80":{"start":{"line":159,"column":4},"end":{"line":159,"column":34}},"81":{"start":{"line":160,"column":4},"end":{"line":160,"column":92}},"82":{"start":{"line":160,"column":39},"end":{"line":160,"column":92}},"83":{"start":{"line":162,"column":4},"end":{"line":162,"column":87}},"84":{"start":{"line":162,"column":39},"end":{"line":162,"column":87}},"85":{"start":{"line":166,"column":0},"end":{"line":166,"column":24}}},"fnMap":{"0":{"name":"(anonymous_0)","decl":{"start":{"line":12,"column":15},"end":{"line":12,"column":16}},"loc":{"start":{"line":12,"column":31},"end":{"line":26,"column":1}},"line":12},"1":{"name":"(anonymous_1)","decl":{"start":{"line":29,"column":19},"end":{"line":29,"column":20}},"loc":{"start":{"line":29,"column":39},"end":{"line":42,"column":3}},"line":29},"2":{"name":"(anonymous_2)","decl":{"start":{"line":44,"column":36},"end":{"line":44,"column":37}},"loc":{"start":{"line":44,"column":52},"end":{"line":58,"column":3}},"line":44},"3":{"name":"(anonymous_3)","decl":{"start":{"line":61,"column":16},"end":{"line":61,"column":17}},"loc":{"start":{"line":61,"column":36},"end":{"line":78,"column":3}},"line":61},"4":{"name":"(anonymous_4)","decl":{"start":{"line":81,"column":15},"end":{"line":81,"column":16}},"loc":{"start":{"line":81,"column":35},"end":{"line":88,"column":1}},"line":81},"5":{"name":"(anonymous_5)","decl":{"start":{"line":91,"column":19},"end":{"line":91,"column":20}},"loc":{"start":{"line":91,"column":39},"end":{"line":102,"column":1}},"line":91},"6":{"name":"(anonymous_6)","decl":{"start":{"line":105,"column":18},"end":{"line":105,"column":19}},"loc":{"start":{"line":105,"column":38},"end":{"line":112,"column":1}},"line":105},"7":{"name":"(anonymous_7)","decl":{"start":{"line":116,"column":22},"end":{"line":116,"column":23}},"loc":{"start":{"line":116,"column":42},"end":{"line":123,"column":1}},"line":116},"8":{"name":"(anonymous_8)","decl":{"start":{"line":129,"column":49},"end":{"line":129,"column":50}},"loc":{"start":{"line":129,"column":63},"end":{"line":150,"column":1}},"line":129},"9":{"name":"(anonymous_9)","decl":{"start":{"line":135,"column":18},"end":{"line":135,"column":19}},"loc":{"start":{"line":135,"column":28},"end":{"line":140,"column":7}},"line":135},"10":{"name":"(anonymous_10)","decl":{"start":{"line":141,"column":17},"end":{"line":141,"column":18}},"loc":{"start":{"line":141,"column":23},"end":{"line":145,"column":7}},"line":141},"11":{"name":"insertRecordToMongoDB","decl":{"start":{"line":152,"column":15},"end":{"line":152,"column":36}},"loc":{"start":{"line":152,"column":54},"end":{"line":164,"column":1}},"line":152}},"branchMap":{"0":{"loc":{"start":{"line":15,"column":9},"end":{"line":15,"column":73}},"type":"if","locations":[{"start":{"line":15,"column":9},"end":{"line":15,"column":73}},{"start":{},"end":{}}],"line":15},"1":{"loc":{"start":{"line":16,"column":9},"end":{"line":20,"column":10}},"type":"if","locations":[{"start":{"line":16,"column":9},"end":{"line":20,"column":10}},{"start":{"line":18,"column":14},"end":{"line":20,"column":10}}],"line":16},"2":{"loc":{"start":{"line":23,"column":6},"end":{"line":23,"column":62}},"type":"if","locations":[{"start":{"line":23,"column":6},"end":{"line":23,"column":62}},{"start":{},"end":{}}],"line":23},"3":{"loc":{"start":{"line":33,"column":6},"end":{"line":37,"column":7}},"type":"if","locations":[{"start":{"line":33,"column":6},"end":{"line":37,"column":7}},{"start":{"line":35,"column":13},"end":{"line":37,"column":7}}],"line":33},"4":{"loc":{"start":{"line":39,"column":6},"end":{"line":39,"column":62}},"type":"if","locations":[{"start":{"line":39,"column":6},"end":{"line":39,"column":62}},{"start":{},"end":{}}],"line":39},"5":{"loc":{"start":{"line":49,"column":12},"end":{"line":53,"column":13}},"type":"if","locations":[{"start":{"line":49,"column":12},"end":{"line":53,"column":13}},{"start":{"line":51,"column":19},"end":{"line":53,"column":13}}],"line":49},"6":{"loc":{"start":{"line":55,"column":6},"end":{"line":55,"column":62}},"type":"if","locations":[{"start":{"line":55,"column":6},"end":{"line":55,"column":62}},{"start":{},"end":{}}],"line":55},"7":{"loc":{"start":{"line":136,"column":8},"end":{"line":138,"column":9}},"type":"if","locations":[{"start":{"line":136,"column":8},"end":{"line":138,"column":9}},{"start":{},"end":{}}],"line":136},"8":{"loc":{"start":{"line":147,"column":4},"end":{"line":147,"column":89}},"type":"if","locations":[{"start":{"line":147,"column":4},"end":{"line":147,"column":89}},{"start":{},"end":{}}],"line":147},"9":{"loc":{"start":{"line":160,"column":4},"end":{"line":160,"column":92}},"type":"if","locations":[{"start":{"line":160,"column":4},"end":{"line":160,"column":92}},{"start":{},"end":{}}],"line":160},"10":{"loc":{"start":{"line":162,"column":4},"end":{"line":162,"column":87}},"type":"if","locations":[{"start":{"line":162,"column":4},"end":{"line":162,"column":87}},{"start":{},"end":{}}],"line":162}},"s":{"0":11,"1":11,"2":11,"3":11,"4":11,"5":11,"6":11,"7":0,"8":0,"9":0,"10":0,"11":0,"12":0,"13":0,"14":0,"15":0,"16":0,"17":11,"18":0,"19":0,"20":0,"21":0,"22":0,"23":0,"24":0,"25":0,"26":0,"27":11,"28":0,"29":0,"30":0,"31":0,"32":0,"33":0,"34":0,"35":0,"36":0,"37":11,"38":0,"39":0,"40":0,"41":0,"42":0,"43":11,"44":0,"45":0,"46":0,"47":0,"48":11,"49":0,"50":0,"51":0,"52":0,"53":11,"54":0,"55":0,"56":0,"57":0,"58":11,"59":0,"60":0,"61":0,"62":0,"63":11,"64":11,"65":0,"66":0,"67":0,"68":0,"69":0,"70":0,"71":0,"72":0,"73":0,"74":0,"75":0,"76":0,"77":0,"78":0,"79":0,"80":0,"81":0,"82":0,"83":0,"84":0,"85":11},"f":{"0":0,"1":0,"2":0,"3":0,"4":0,"5":0,"6":0,"7":0,"8":0,"9":0,"10":0,"11":0},"b":{"0":[0,0],"1":[0,0],"2":[0,0],"3":[0,0],"4":[0,0],"5":[0,0],"6":[0,0],"7":[0,0],"8":[0,0],"9":[0,0],"10":[0,0]},"_coverageSchema":"1a1c01bbd47fc00a2c39e90264f33305004495a9","hash":"89573f4f899f6d73450bd40199a1a3c49586cca7"}
,"/home/taba/myorders-pro/app/authentication.js": {"path":"/home/taba/myorders-pro/app/authentication.js","statementMap":{"0":{"start":{"line":1,"column":16},"end":{"line":1,"column":34}},"1":{"start":{"line":2,"column":15},"end":{"line":2,"column":31}},"2":{"start":{"line":3,"column":13},"end":{"line":3,"column":37}},"3":{"start":{"line":4,"column":12},"end":{"line":4,"column":35}},"4":{"start":{"line":9,"column":0},"end":{"line":62,"column":3}},"5":{"start":{"line":11,"column":16},"end":{"line":11,"column":39}},"6":{"start":{"line":13,"column":1},"end":{"line":13,"column":74}},"7":{"start":{"line":13,"column":36},"end":{"line":13,"column":74}},"8":{"start":{"line":16,"column":12},"end":{"line":18,"column":10}},"9":{"start":{"line":20,"column":1},"end":{"line":38,"column":2}},"10":{"start":{"line":21,"column":2},"end":{"line":35,"column":3}},"11":{"start":{"line":22,"column":3},"end":{"line":25,"column":4}},"12":{"start":{"line":23,"column":4},"end":{"line":23,"column":96}},"13":{"start":{"line":24,"column":4},"end":{"line":24,"column":11}},"14":{"start":{"line":27,"column":3},"end":{"line":34,"column":4}},"15":{"start":{"line":28,"column":4},"end":{"line":31,"column":5}},"16":{"start":{"line":29,"column":5},"end":{"line":29,"column":94}},"17":{"start":{"line":30,"column":5},"end":{"line":30,"column":12}},"18":{"start":{"line":33,"column":4},"end":{"line":33,"column":84}},"19":{"start":{"line":37,"column":2},"end":{"line":37,"column":81}},"20":{"start":{"line":41,"column":15},"end":{"line":45,"column":2}},"21":{"start":{"line":47,"column":15},"end":{"line":49,"column":2}},"22":{"start":{"line":51,"column":13},"end":{"line":51,"column":49}},"23":{"start":{"line":53,"column":1},"end":{"line":60,"column":4}},"24":{"start":{"line":64,"column":0},"end":{"line":64,"column":24}}},"fnMap":{"0":{"name":"(anonymous_0)","decl":{"start":{"line":9,"column":16},"end":{"line":9,"column":17}},"loc":{"start":{"line":9,"column":41},"end":{"line":62,"column":1}},"line":9}},"branchMap":{"0":{"loc":{"start":{"line":13,"column":1},"end":{"line":13,"column":74}},"type":"if","locations":[{"start":{"line":13,"column":1},"end":{"line":13,"column":74}},{"start":{},"end":{}}],"line":13},"1":{"loc":{"start":{"line":20,"column":1},"end":{"line":38,"column":2}},"type":"if","locations":[{"start":{"line":20,"column":1},"end":{"line":38,"column":2}},{"start":{"line":36,"column":6},"end":{"line":38,"column":2}}],"line":20},"2":{"loc":{"start":{"line":21,"column":2},"end":{"line":35,"column":3}},"type":"if","locations":[{"start":{"line":21,"column":2},"end":{"line":35,"column":3}},{"start":{"line":26,"column":7},"end":{"line":35,"column":3}}],"line":21},"3":{"loc":{"start":{"line":22,"column":3},"end":{"line":25,"column":4}},"type":"if","locations":[{"start":{"line":22,"column":3},"end":{"line":25,"column":4}},{"start":{},"end":{}}],"line":22},"4":{"loc":{"start":{"line":27,"column":3},"end":{"line":34,"column":4}},"type":"if","locations":[{"start":{"line":27,"column":3},"end":{"line":34,"column":4}},{"start":{"line":32,"column":8},"end":{"line":34,"column":4}}],"line":27},"5":{"loc":{"start":{"line":28,"column":4},"end":{"line":31,"column":5}},"type":"if","locations":[{"start":{"line":28,"column":4},"end":{"line":31,"column":5}},{"start":{},"end":{}}],"line":28}},"s":{"0":11,"1":11,"2":11,"3":11,"4":11,"5":0,"6":0,"7":0,"8":0,"9":0,"10":0,"11":0,"12":0,"13":0,"14":0,"15":0,"16":0,"17":0,"18":0,"19":0,"20":0,"21":0,"22":0,"23":0,"24":11},"f":{"0":0},"b":{"0":[0,0],"1":[0,0],"2":[0,0],"3":[0,0],"4":[0,0],"5":[0,0]},"_coverageSchema":"1a1c01bbd47fc00a2c39e90264f33305004495a9","hash":"2941665db1ff4ad22c426a93d6a73126f83a0f83"}
,"/home/taba/myorders-pro/app/aziende.js": {"path":"/home/taba/myorders-pro/app/aziende.js","statementMap":{"0":{"start":{"line":1,"column":16},"end":{"line":1,"column":34}},"1":{"start":{"line":2,"column":15},"end":{"line":2,"column":31}},"2":{"start":{"line":4,"column":16},"end":{"line":4,"column":43}},"3":{"start":{"line":7,"column":0},"end":{"line":17,"column":2}},"4":{"start":{"line":8,"column":4},"end":{"line":16,"column":5}},"5":{"start":{"line":9,"column":31},"end":{"line":9,"column":51}},"6":{"start":{"line":11,"column":8},"end":{"line":12,"column":75}},"7":{"start":{"line":11,"column":27},"end":{"line":11,"column":52}},"8":{"start":{"line":12,"column":13},"end":{"line":12,"column":75}},"9":{"start":{"line":14,"column":6},"end":{"line":14,"column":62}},"10":{"start":{"line":14,"column":41},"end":{"line":14,"column":62}},"11":{"start":{"line":15,"column":8},"end":{"line":15,"column":103}},"12":{"start":{"line":20,"column":0},"end":{"line":31,"column":3}},"13":{"start":{"line":21,"column":4},"end":{"line":30,"column":5}},"14":{"start":{"line":22,"column":19},"end":{"line":22,"column":32}},"15":{"start":{"line":23,"column":24},"end":{"line":23,"column":50}},"16":{"start":{"line":25,"column":8},"end":{"line":26,"column":90}},"17":{"start":{"line":25,"column":21},"end":{"line":25,"column":39}},"18":{"start":{"line":26,"column":13},"end":{"line":26,"column":90}},"19":{"start":{"line":28,"column":6},"end":{"line":28,"column":62}},"20":{"start":{"line":28,"column":41},"end":{"line":28,"column":62}},"21":{"start":{"line":29,"column":8},"end":{"line":29,"column":103}},"22":{"start":{"line":34,"column":0},"end":{"line":51,"column":3}},"23":{"start":{"line":35,"column":2},"end":{"line":50,"column":3}},"24":{"start":{"line":36,"column":25},"end":{"line":36,"column":46}},"25":{"start":{"line":37,"column":22},"end":{"line":37,"column":47}},"26":{"start":{"line":38,"column":4},"end":{"line":47,"column":7}},"27":{"start":{"line":49,"column":4},"end":{"line":49,"column":50}},"28":{"start":{"line":54,"column":0},"end":{"line":61,"column":3}},"29":{"start":{"line":55,"column":2},"end":{"line":60,"column":3}},"30":{"start":{"line":56,"column":27},"end":{"line":56,"column":65}},"31":{"start":{"line":57,"column":4},"end":{"line":57,"column":41}},"32":{"start":{"line":59,"column":4},"end":{"line":59,"column":51}},"33":{"start":{"line":64,"column":0},"end":{"line":73,"column":3}},"34":{"start":{"line":65,"column":2},"end":{"line":72,"column":3}},"35":{"start":{"line":66,"column":22},"end":{"line":66,"column":35}},"36":{"start":{"line":67,"column":25},"end":{"line":67,"column":33}},"37":{"start":{"line":68,"column":22},"end":{"line":68,"column":93}},"38":{"start":{"line":69,"column":4},"end":{"line":69,"column":36}},"39":{"start":{"line":71,"column":4},"end":{"line":71,"column":50}},"40":{"start":{"line":76,"column":0},"end":{"line":83,"column":3}},"41":{"start":{"line":77,"column":2},"end":{"line":82,"column":3}},"42":{"start":{"line":78,"column":27},"end":{"line":78,"column":55}},"43":{"start":{"line":79,"column":4},"end":{"line":79,"column":41}},"44":{"start":{"line":81,"column":4},"end":{"line":81,"column":51}},"45":{"start":{"line":86,"column":0},"end":{"line":94,"column":3}},"46":{"start":{"line":87,"column":2},"end":{"line":93,"column":3}},"47":{"start":{"line":88,"column":22},"end":{"line":88,"column":35}},"48":{"start":{"line":89,"column":22},"end":{"line":89,"column":64}},"49":{"start":{"line":90,"column":4},"end":{"line":90,"column":36}},"50":{"start":{"line":92,"column":4},"end":{"line":92,"column":50}},"51":{"start":{"line":96,"column":0},"end":{"line":96,"column":24}}},"fnMap":{"0":{"name":"(anonymous_0)","decl":{"start":{"line":7,"column":15},"end":{"line":7,"column":16}},"loc":{"start":{"line":7,"column":31},"end":{"line":17,"column":1}},"line":7},"1":{"name":"(anonymous_1)","decl":{"start":{"line":20,"column":19},"end":{"line":20,"column":20}},"loc":{"start":{"line":20,"column":39},"end":{"line":31,"column":1}},"line":20},"2":{"name":"(anonymous_2)","decl":{"start":{"line":34,"column":16},"end":{"line":34,"column":17}},"loc":{"start":{"line":34,"column":36},"end":{"line":51,"column":1}},"line":34},"3":{"name":"(anonymous_3)","decl":{"start":{"line":54,"column":15},"end":{"line":54,"column":16}},"loc":{"start":{"line":54,"column":35},"end":{"line":61,"column":1}},"line":54},"4":{"name":"(anonymous_4)","decl":{"start":{"line":64,"column":19},"end":{"line":64,"column":20}},"loc":{"start":{"line":64,"column":39},"end":{"line":73,"column":1}},"line":64},"5":{"name":"(anonymous_5)","decl":{"start":{"line":76,"column":18},"end":{"line":76,"column":19}},"loc":{"start":{"line":76,"column":38},"end":{"line":83,"column":1}},"line":76},"6":{"name":"(anonymous_6)","decl":{"start":{"line":86,"column":22},"end":{"line":86,"column":23}},"loc":{"start":{"line":86,"column":42},"end":{"line":94,"column":1}},"line":86}},"branchMap":{"0":{"loc":{"start":{"line":11,"column":8},"end":{"line":12,"column":75}},"type":"if","locations":[{"start":{"line":11,"column":8},"end":{"line":12,"column":75}},{"start":{"line":12,"column":13},"end":{"line":12,"column":75}}],"line":11},"1":{"loc":{"start":{"line":14,"column":6},"end":{"line":14,"column":62}},"type":"if","locations":[{"start":{"line":14,"column":6},"end":{"line":14,"column":62}},{"start":{},"end":{}}],"line":14},"2":{"loc":{"start":{"line":25,"column":8},"end":{"line":26,"column":90}},"type":"if","locations":[{"start":{"line":25,"column":8},"end":{"line":26,"column":90}},{"start":{"line":26,"column":13},"end":{"line":26,"column":90}}],"line":25},"3":{"loc":{"start":{"line":28,"column":6},"end":{"line":28,"column":62}},"type":"if","locations":[{"start":{"line":28,"column":6},"end":{"line":28,"column":62}},{"start":{},"end":{}}],"line":28}},"s":{"0":11,"1":11,"2":11,"3":11,"4":0,"5":0,"6":0,"7":0,"8":0,"9":0,"10":0,"11":0,"12":11,"13":0,"14":0,"15":0,"16":0,"17":0,"18":0,"19":0,"20":0,"21":0,"22":11,"23":0,"24":0,"25":0,"26":0,"27":0,"28":11,"29":0,"30":0,"31":0,"32":0,"33":11,"34":0,"35":0,"36":0,"37":0,"38":0,"39":0,"40":11,"41":0,"42":0,"43":0,"44":0,"45":11,"46":0,"47":0,"48":0,"49":0,"50":0,"51":11},"f":{"0":0,"1":0,"2":0,"3":0,"4":0,"5":0,"6":0},"b":{"0":[0,0],"1":[0,0],"2":[0,0],"3":[0,0]},"_coverageSchema":"1a1c01bbd47fc00a2c39e90264f33305004495a9","hash":"95ed7856dbbda217017af6633946b53dd70d7e30"}
,"/home/taba/myorders-pro/app/cataloghi.js": {"path":"/home/taba/myorders-pro/app/cataloghi.js","statementMap":{"0":{"start":{"line":1,"column":16},"end":{"line":1,"column":34}},"1":{"start":{"line":2,"column":15},"end":{"line":2,"column":31}},"2":{"start":{"line":4,"column":17},"end":{"line":4,"column":45}},"3":{"start":{"line":7,"column":0},"end":{"line":20,"column":2}},"4":{"start":{"line":8,"column":4},"end":{"line":19,"column":5}},"5":{"start":{"line":9,"column":33},"end":{"line":9,"column":54}},"6":{"start":{"line":11,"column":12},"end":{"line":15,"column":13}},"7":{"start":{"line":12,"column":14},"end":{"line":12,"column":41}},"8":{"start":{"line":14,"column":14},"end":{"line":14,"column":77}},"9":{"start":{"line":17,"column":6},"end":{"line":17,"column":62}},"10":{"start":{"line":17,"column":41},"end":{"line":17,"column":62}},"11":{"start":{"line":18,"column":8},"end":{"line":18,"column":103}},"12":{"start":{"line":23,"column":0},"end":{"line":37,"column":3}},"13":{"start":{"line":24,"column":4},"end":{"line":36,"column":5}},"14":{"start":{"line":25,"column":19},"end":{"line":25,"column":32}},"15":{"start":{"line":26,"column":25},"end":{"line":26,"column":52}},"16":{"start":{"line":28,"column":8},"end":{"line":32,"column":9}},"17":{"start":{"line":29,"column":12},"end":{"line":29,"column":31}},"18":{"start":{"line":31,"column":12},"end":{"line":31,"column":90}},"19":{"start":{"line":34,"column":6},"end":{"line":34,"column":62}},"20":{"start":{"line":34,"column":41},"end":{"line":34,"column":62}},"21":{"start":{"line":35,"column":8},"end":{"line":35,"column":102}},"22":{"start":{"line":39,"column":0},"end":{"line":53,"column":2}},"23":{"start":{"line":40,"column":2},"end":{"line":52,"column":3}},"24":{"start":{"line":41,"column":20},"end":{"line":41,"column":38}},"25":{"start":{"line":42,"column":31},"end":{"line":42,"column":69}},"26":{"start":{"line":44,"column":10},"end":{"line":48,"column":11}},"27":{"start":{"line":45,"column":12},"end":{"line":45,"column":39}},"28":{"start":{"line":47,"column":12},"end":{"line":47,"column":75}},"29":{"start":{"line":50,"column":4},"end":{"line":50,"column":60}},"30":{"start":{"line":50,"column":39},"end":{"line":50,"column":60}},"31":{"start":{"line":51,"column":6},"end":{"line":51,"column":110}},"32":{"start":{"line":56,"column":0},"end":{"line":73,"column":3}},"33":{"start":{"line":57,"column":2},"end":{"line":72,"column":3}},"34":{"start":{"line":58,"column":26},"end":{"line":58,"column":48}},"35":{"start":{"line":59,"column":22},"end":{"line":59,"column":48}},"36":{"start":{"line":60,"column":4},"end":{"line":69,"column":7}},"37":{"start":{"line":71,"column":4},"end":{"line":71,"column":50}},"38":{"start":{"line":76,"column":0},"end":{"line":83,"column":3}},"39":{"start":{"line":77,"column":2},"end":{"line":82,"column":3}},"40":{"start":{"line":78,"column":28},"end":{"line":78,"column":67}},"41":{"start":{"line":79,"column":4},"end":{"line":79,"column":42}},"42":{"start":{"line":81,"column":4},"end":{"line":81,"column":51}},"43":{"start":{"line":86,"column":0},"end":{"line":95,"column":3}},"44":{"start":{"line":87,"column":2},"end":{"line":94,"column":3}},"45":{"start":{"line":88,"column":23},"end":{"line":88,"column":36}},"46":{"start":{"line":89,"column":26},"end":{"line":89,"column":34}},"47":{"start":{"line":90,"column":22},"end":{"line":90,"column":96}},"48":{"start":{"line":91,"column":4},"end":{"line":91,"column":36}},"49":{"start":{"line":93,"column":4},"end":{"line":93,"column":50}},"50":{"start":{"line":98,"column":0},"end":{"line":105,"column":3}},"51":{"start":{"line":99,"column":2},"end":{"line":104,"column":3}},"52":{"start":{"line":100,"column":28},"end":{"line":100,"column":57}},"53":{"start":{"line":101,"column":4},"end":{"line":101,"column":42}},"54":{"start":{"line":103,"column":4},"end":{"line":103,"column":51}},"55":{"start":{"line":108,"column":0},"end":{"line":116,"column":3}},"56":{"start":{"line":109,"column":2},"end":{"line":115,"column":3}},"57":{"start":{"line":110,"column":23},"end":{"line":110,"column":36}},"58":{"start":{"line":111,"column":22},"end":{"line":111,"column":66}},"59":{"start":{"line":112,"column":4},"end":{"line":112,"column":36}},"60":{"start":{"line":114,"column":4},"end":{"line":114,"column":50}},"61":{"start":{"line":118,"column":0},"end":{"line":118,"column":24}}},"fnMap":{"0":{"name":"(anonymous_0)","decl":{"start":{"line":7,"column":15},"end":{"line":7,"column":16}},"loc":{"start":{"line":7,"column":31},"end":{"line":20,"column":1}},"line":7},"1":{"name":"(anonymous_1)","decl":{"start":{"line":23,"column":19},"end":{"line":23,"column":20}},"loc":{"start":{"line":23,"column":39},"end":{"line":37,"column":1}},"line":23},"2":{"name":"(anonymous_2)","decl":{"start":{"line":39,"column":33},"end":{"line":39,"column":34}},"loc":{"start":{"line":39,"column":49},"end":{"line":53,"column":1}},"line":39},"3":{"name":"(anonymous_3)","decl":{"start":{"line":56,"column":16},"end":{"line":56,"column":17}},"loc":{"start":{"line":56,"column":36},"end":{"line":73,"column":1}},"line":56},"4":{"name":"(anonymous_4)","decl":{"start":{"line":76,"column":15},"end":{"line":76,"column":16}},"loc":{"start":{"line":76,"column":35},"end":{"line":83,"column":1}},"line":76},"5":{"name":"(anonymous_5)","decl":{"start":{"line":86,"column":19},"end":{"line":86,"column":20}},"loc":{"start":{"line":86,"column":39},"end":{"line":95,"column":1}},"line":86},"6":{"name":"(anonymous_6)","decl":{"start":{"line":98,"column":18},"end":{"line":98,"column":19}},"loc":{"start":{"line":98,"column":38},"end":{"line":105,"column":1}},"line":98},"7":{"name":"(anonymous_7)","decl":{"start":{"line":108,"column":22},"end":{"line":108,"column":23}},"loc":{"start":{"line":108,"column":42},"end":{"line":116,"column":1}},"line":108}},"branchMap":{"0":{"loc":{"start":{"line":11,"column":12},"end":{"line":15,"column":13}},"type":"if","locations":[{"start":{"line":11,"column":12},"end":{"line":15,"column":13}},{"start":{"line":13,"column":19},"end":{"line":15,"column":13}}],"line":11},"1":{"loc":{"start":{"line":17,"column":6},"end":{"line":17,"column":62}},"type":"if","locations":[{"start":{"line":17,"column":6},"end":{"line":17,"column":62}},{"start":{},"end":{}}],"line":17},"2":{"loc":{"start":{"line":28,"column":8},"end":{"line":32,"column":9}},"type":"if","locations":[{"start":{"line":28,"column":8},"end":{"line":32,"column":9}},{"start":{"line":30,"column":15},"end":{"line":32,"column":9}}],"line":28},"3":{"loc":{"start":{"line":34,"column":6},"end":{"line":34,"column":62}},"type":"if","locations":[{"start":{"line":34,"column":6},"end":{"line":34,"column":62}},{"start":{},"end":{}}],"line":34},"4":{"loc":{"start":{"line":44,"column":10},"end":{"line":48,"column":11}},"type":"if","locations":[{"start":{"line":44,"column":10},"end":{"line":48,"column":11}},{"start":{"line":46,"column":17},"end":{"line":48,"column":11}}],"line":44},"5":{"loc":{"start":{"line":50,"column":4},"end":{"line":50,"column":60}},"type":"if","locations":[{"start":{"line":50,"column":4},"end":{"line":50,"column":60}},{"start":{},"end":{}}],"line":50}},"s":{"0":11,"1":11,"2":11,"3":11,"4":0,"5":0,"6":0,"7":0,"8":0,"9":0,"10":0,"11":0,"12":11,"13":0,"14":0,"15":0,"16":0,"17":0,"18":0,"19":0,"20":0,"21":0,"22":11,"23":0,"24":0,"25":0,"26":0,"27":0,"28":0,"29":0,"30":0,"31":0,"32":11,"33":0,"34":0,"35":0,"36":0,"37":0,"38":11,"39":0,"40":0,"41":0,"42":0,"43":11,"44":0,"45":0,"46":0,"47":0,"48":0,"49":0,"50":11,"51":0,"52":0,"53":0,"54":0,"55":11,"56":0,"57":0,"58":0,"59":0,"60":0,"61":11},"f":{"0":0,"1":0,"2":0,"3":0,"4":0,"5":0,"6":0,"7":0},"b":{"0":[0,0],"1":[0,0],"2":[0,0],"3":[0,0],"4":[0,0],"5":[0,0]},"_coverageSchema":"1a1c01bbd47fc00a2c39e90264f33305004495a9","hash":"7c13f8097b5b64caf0b36ec7c2ed12fe898ce72b"}
,"/home/taba/myorders-pro/app/clienti.js": {"path":"/home/taba/myorders-pro/app/clienti.js","statementMap":{"0":{"start":{"line":1,"column":16},"end":{"line":1,"column":34}},"1":{"start":{"line":2,"column":15},"end":{"line":2,"column":31}},"2":{"start":{"line":4,"column":16},"end":{"line":4,"column":43}},"3":{"start":{"line":7,"column":0},"end":{"line":21,"column":2}},"4":{"start":{"line":8,"column":4},"end":{"line":20,"column":5}},"5":{"start":{"line":10,"column":31},"end":{"line":10,"column":51}},"6":{"start":{"line":12,"column":12},"end":{"line":16,"column":13}},"7":{"start":{"line":13,"column":14},"end":{"line":13,"column":39}},"8":{"start":{"line":15,"column":14},"end":{"line":15,"column":75}},"9":{"start":{"line":18,"column":6},"end":{"line":18,"column":62}},"10":{"start":{"line":18,"column":41},"end":{"line":18,"column":62}},"11":{"start":{"line":19,"column":8},"end":{"line":19,"column":101}},"12":{"start":{"line":24,"column":0},"end":{"line":37,"column":3}},"13":{"start":{"line":25,"column":4},"end":{"line":36,"column":5}},"14":{"start":{"line":26,"column":19},"end":{"line":26,"column":32}},"15":{"start":{"line":27,"column":24},"end":{"line":27,"column":50}},"16":{"start":{"line":28,"column":8},"end":{"line":32,"column":9}},"17":{"start":{"line":29,"column":12},"end":{"line":29,"column":30}},"18":{"start":{"line":31,"column":12},"end":{"line":31,"column":89}},"19":{"start":{"line":34,"column":6},"end":{"line":34,"column":62}},"20":{"start":{"line":34,"column":41},"end":{"line":34,"column":62}},"21":{"start":{"line":35,"column":8},"end":{"line":35,"column":101}},"22":{"start":{"line":40,"column":0},"end":{"line":58,"column":3}},"23":{"start":{"line":41,"column":2},"end":{"line":57,"column":3}},"24":{"start":{"line":42,"column":4},"end":{"line":42,"column":61}},"25":{"start":{"line":42,"column":39},"end":{"line":42,"column":61}},"26":{"start":{"line":43,"column":25},"end":{"line":43,"column":46}},"27":{"start":{"line":44,"column":22},"end":{"line":44,"column":47}},"28":{"start":{"line":45,"column":4},"end":{"line":54,"column":7}},"29":{"start":{"line":56,"column":4},"end":{"line":56,"column":50}},"30":{"start":{"line":61,"column":0},"end":{"line":68,"column":3}},"31":{"start":{"line":62,"column":2},"end":{"line":67,"column":3}},"32":{"start":{"line":63,"column":27},"end":{"line":63,"column":65}},"33":{"start":{"line":64,"column":4},"end":{"line":64,"column":41}},"34":{"start":{"line":66,"column":4},"end":{"line":66,"column":51}},"35":{"start":{"line":71,"column":0},"end":{"line":80,"column":3}},"36":{"start":{"line":72,"column":2},"end":{"line":79,"column":3}},"37":{"start":{"line":73,"column":22},"end":{"line":73,"column":35}},"38":{"start":{"line":74,"column":25},"end":{"line":74,"column":33}},"39":{"start":{"line":75,"column":22},"end":{"line":75,"column":93}},"40":{"start":{"line":76,"column":4},"end":{"line":76,"column":36}},"41":{"start":{"line":78,"column":4},"end":{"line":78,"column":50}},"42":{"start":{"line":83,"column":0},"end":{"line":90,"column":3}},"43":{"start":{"line":84,"column":2},"end":{"line":89,"column":3}},"44":{"start":{"line":85,"column":27},"end":{"line":85,"column":55}},"45":{"start":{"line":86,"column":4},"end":{"line":86,"column":41}},"46":{"start":{"line":88,"column":4},"end":{"line":88,"column":51}},"47":{"start":{"line":93,"column":0},"end":{"line":101,"column":3}},"48":{"start":{"line":94,"column":2},"end":{"line":100,"column":3}},"49":{"start":{"line":95,"column":22},"end":{"line":95,"column":35}},"50":{"start":{"line":96,"column":22},"end":{"line":96,"column":64}},"51":{"start":{"line":97,"column":4},"end":{"line":97,"column":36}},"52":{"start":{"line":99,"column":4},"end":{"line":99,"column":50}},"53":{"start":{"line":103,"column":0},"end":{"line":103,"column":24}}},"fnMap":{"0":{"name":"(anonymous_0)","decl":{"start":{"line":7,"column":15},"end":{"line":7,"column":16}},"loc":{"start":{"line":7,"column":31},"end":{"line":21,"column":1}},"line":7},"1":{"name":"(anonymous_1)","decl":{"start":{"line":24,"column":19},"end":{"line":24,"column":20}},"loc":{"start":{"line":24,"column":39},"end":{"line":37,"column":1}},"line":24},"2":{"name":"(anonymous_2)","decl":{"start":{"line":40,"column":16},"end":{"line":40,"column":17}},"loc":{"start":{"line":40,"column":36},"end":{"line":58,"column":1}},"line":40},"3":{"name":"(anonymous_3)","decl":{"start":{"line":61,"column":15},"end":{"line":61,"column":16}},"loc":{"start":{"line":61,"column":35},"end":{"line":68,"column":1}},"line":61},"4":{"name":"(anonymous_4)","decl":{"start":{"line":71,"column":19},"end":{"line":71,"column":20}},"loc":{"start":{"line":71,"column":39},"end":{"line":80,"column":1}},"line":71},"5":{"name":"(anonymous_5)","decl":{"start":{"line":83,"column":18},"end":{"line":83,"column":19}},"loc":{"start":{"line":83,"column":38},"end":{"line":90,"column":1}},"line":83},"6":{"name":"(anonymous_6)","decl":{"start":{"line":93,"column":22},"end":{"line":93,"column":23}},"loc":{"start":{"line":93,"column":42},"end":{"line":101,"column":1}},"line":93}},"branchMap":{"0":{"loc":{"start":{"line":12,"column":12},"end":{"line":16,"column":13}},"type":"if","locations":[{"start":{"line":12,"column":12},"end":{"line":16,"column":13}},{"start":{"line":14,"column":19},"end":{"line":16,"column":13}}],"line":12},"1":{"loc":{"start":{"line":18,"column":6},"end":{"line":18,"column":62}},"type":"if","locations":[{"start":{"line":18,"column":6},"end":{"line":18,"column":62}},{"start":{},"end":{}}],"line":18},"2":{"loc":{"start":{"line":28,"column":8},"end":{"line":32,"column":9}},"type":"if","locations":[{"start":{"line":28,"column":8},"end":{"line":32,"column":9}},{"start":{"line":30,"column":15},"end":{"line":32,"column":9}}],"line":28},"3":{"loc":{"start":{"line":34,"column":6},"end":{"line":34,"column":62}},"type":"if","locations":[{"start":{"line":34,"column":6},"end":{"line":34,"column":62}},{"start":{},"end":{}}],"line":34},"4":{"loc":{"start":{"line":42,"column":4},"end":{"line":42,"column":61}},"type":"if","locations":[{"start":{"line":42,"column":4},"end":{"line":42,"column":61}},{"start":{},"end":{}}],"line":42}},"s":{"0":11,"1":11,"2":11,"3":11,"4":0,"5":0,"6":0,"7":0,"8":0,"9":0,"10":0,"11":0,"12":11,"13":0,"14":0,"15":0,"16":0,"17":0,"18":0,"19":0,"20":0,"21":0,"22":11,"23":0,"24":0,"25":0,"26":0,"27":0,"28":0,"29":0,"30":11,"31":0,"32":0,"33":0,"34":0,"35":11,"36":0,"37":0,"38":0,"39":0,"40":0,"41":0,"42":11,"43":0,"44":0,"45":0,"46":0,"47":11,"48":0,"49":0,"50":0,"51":0,"52":0,"53":11},"f":{"0":0,"1":0,"2":0,"3":0,"4":0,"5":0,"6":0},"b":{"0":[0,0],"1":[0,0],"2":[0,0],"3":[0,0],"4":[0,0]},"_coverageSchema":"1a1c01bbd47fc00a2c39e90264f33305004495a9","hash":"2612a7c25e771d6f5730277f302329d15de8e91c"}
,"/home/taba/myorders-pro/app/dipendenti.js": {"path":"/home/taba/myorders-pro/app/dipendenti.js","statementMap":{"0":{"start":{"line":1,"column":16},"end":{"line":1,"column":34}},"1":{"start":{"line":2,"column":15},"end":{"line":2,"column":31}},"2":{"start":{"line":4,"column":19},"end":{"line":4,"column":49}},"3":{"start":{"line":7,"column":0},"end":{"line":16,"column":2}},"4":{"start":{"line":8,"column":4},"end":{"line":15,"column":5}},"5":{"start":{"line":9,"column":32},"end":{"line":9,"column":55}},"6":{"start":{"line":10,"column":6},"end":{"line":11,"column":75}},"7":{"start":{"line":10,"column":29},"end":{"line":10,"column":57}},"8":{"start":{"line":11,"column":11},"end":{"line":11,"column":75}},"9":{"start":{"line":13,"column":6},"end":{"line":13,"column":62}},"10":{"start":{"line":13,"column":41},"end":{"line":13,"column":62}},"11":{"start":{"line":14,"column":8},"end":{"line":14,"column":104}},"12":{"start":{"line":19,"column":0},"end":{"line":30,"column":3}},"13":{"start":{"line":20,"column":4},"end":{"line":29,"column":5}},"14":{"start":{"line":21,"column":19},"end":{"line":21,"column":32}},"15":{"start":{"line":22,"column":24},"end":{"line":22,"column":53}},"16":{"start":{"line":24,"column":8},"end":{"line":25,"column":93}},"17":{"start":{"line":24,"column":21},"end":{"line":24,"column":39}},"18":{"start":{"line":25,"column":13},"end":{"line":25,"column":93}},"19":{"start":{"line":27,"column":6},"end":{"line":27,"column":62}},"20":{"start":{"line":27,"column":41},"end":{"line":27,"column":62}},"21":{"start":{"line":28,"column":8},"end":{"line":28,"column":104}},"22":{"start":{"line":33,"column":0},"end":{"line":50,"column":3}},"23":{"start":{"line":34,"column":2},"end":{"line":49,"column":3}},"24":{"start":{"line":35,"column":28},"end":{"line":35,"column":52}},"25":{"start":{"line":36,"column":22},"end":{"line":36,"column":50}},"26":{"start":{"line":37,"column":4},"end":{"line":46,"column":7}},"27":{"start":{"line":48,"column":4},"end":{"line":48,"column":50}},"28":{"start":{"line":53,"column":0},"end":{"line":60,"column":3}},"29":{"start":{"line":54,"column":2},"end":{"line":59,"column":3}},"30":{"start":{"line":55,"column":30},"end":{"line":55,"column":71}},"31":{"start":{"line":56,"column":4},"end":{"line":56,"column":44}},"32":{"start":{"line":58,"column":4},"end":{"line":58,"column":51}},"33":{"start":{"line":63,"column":0},"end":{"line":72,"column":3}},"34":{"start":{"line":64,"column":2},"end":{"line":71,"column":3}},"35":{"start":{"line":65,"column":25},"end":{"line":65,"column":38}},"36":{"start":{"line":66,"column":28},"end":{"line":66,"column":36}},"37":{"start":{"line":67,"column":22},"end":{"line":67,"column":102}},"38":{"start":{"line":68,"column":4},"end":{"line":68,"column":36}},"39":{"start":{"line":70,"column":4},"end":{"line":70,"column":50}},"40":{"start":{"line":75,"column":0},"end":{"line":82,"column":3}},"41":{"start":{"line":76,"column":2},"end":{"line":81,"column":3}},"42":{"start":{"line":77,"column":30},"end":{"line":77,"column":61}},"43":{"start":{"line":78,"column":4},"end":{"line":78,"column":44}},"44":{"start":{"line":80,"column":4},"end":{"line":80,"column":51}},"45":{"start":{"line":85,"column":0},"end":{"line":93,"column":3}},"46":{"start":{"line":86,"column":2},"end":{"line":92,"column":3}},"47":{"start":{"line":87,"column":25},"end":{"line":87,"column":38}},"48":{"start":{"line":88,"column":22},"end":{"line":88,"column":70}},"49":{"start":{"line":89,"column":4},"end":{"line":89,"column":36}},"50":{"start":{"line":91,"column":4},"end":{"line":91,"column":50}},"51":{"start":{"line":95,"column":0},"end":{"line":95,"column":24}}},"fnMap":{"0":{"name":"(anonymous_0)","decl":{"start":{"line":7,"column":15},"end":{"line":7,"column":16}},"loc":{"start":{"line":7,"column":31},"end":{"line":16,"column":1}},"line":7},"1":{"name":"(anonymous_1)","decl":{"start":{"line":19,"column":19},"end":{"line":19,"column":20}},"loc":{"start":{"line":19,"column":39},"end":{"line":30,"column":1}},"line":19},"2":{"name":"(anonymous_2)","decl":{"start":{"line":33,"column":16},"end":{"line":33,"column":17}},"loc":{"start":{"line":33,"column":36},"end":{"line":50,"column":1}},"line":33},"3":{"name":"(anonymous_3)","decl":{"start":{"line":53,"column":15},"end":{"line":53,"column":16}},"loc":{"start":{"line":53,"column":35},"end":{"line":60,"column":1}},"line":53},"4":{"name":"(anonymous_4)","decl":{"start":{"line":63,"column":19},"end":{"line":63,"column":20}},"loc":{"start":{"line":63,"column":39},"end":{"line":72,"column":1}},"line":63},"5":{"name":"(anonymous_5)","decl":{"start":{"line":75,"column":18},"end":{"line":75,"column":19}},"loc":{"start":{"line":75,"column":38},"end":{"line":82,"column":1}},"line":75},"6":{"name":"(anonymous_6)","decl":{"start":{"line":85,"column":22},"end":{"line":85,"column":23}},"loc":{"start":{"line":85,"column":42},"end":{"line":93,"column":1}},"line":85}},"branchMap":{"0":{"loc":{"start":{"line":10,"column":6},"end":{"line":11,"column":75}},"type":"if","locations":[{"start":{"line":10,"column":6},"end":{"line":11,"column":75}},{"start":{"line":11,"column":11},"end":{"line":11,"column":75}}],"line":10},"1":{"loc":{"start":{"line":13,"column":6},"end":{"line":13,"column":62}},"type":"if","locations":[{"start":{"line":13,"column":6},"end":{"line":13,"column":62}},{"start":{},"end":{}}],"line":13},"2":{"loc":{"start":{"line":24,"column":8},"end":{"line":25,"column":93}},"type":"if","locations":[{"start":{"line":24,"column":8},"end":{"line":25,"column":93}},{"start":{"line":25,"column":13},"end":{"line":25,"column":93}}],"line":24},"3":{"loc":{"start":{"line":27,"column":6},"end":{"line":27,"column":62}},"type":"if","locations":[{"start":{"line":27,"column":6},"end":{"line":27,"column":62}},{"start":{},"end":{}}],"line":27}},"s":{"0":11,"1":11,"2":11,"3":11,"4":0,"5":0,"6":0,"7":0,"8":0,"9":0,"10":0,"11":0,"12":11,"13":0,"14":0,"15":0,"16":0,"17":0,"18":0,"19":0,"20":0,"21":0,"22":11,"23":0,"24":0,"25":0,"26":0,"27":0,"28":11,"29":0,"30":0,"31":0,"32":0,"33":11,"34":0,"35":0,"36":0,"37":0,"38":0,"39":0,"40":11,"41":0,"42":0,"43":0,"44":0,"45":11,"46":0,"47":0,"48":0,"49":0,"50":0,"51":11},"f":{"0":0,"1":0,"2":0,"3":0,"4":0,"5":0,"6":0},"b":{"0":[0,0],"1":[0,0],"2":[0,0],"3":[0,0]},"_coverageSchema":"1a1c01bbd47fc00a2c39e90264f33305004495a9","hash":"2c498bc8fddb0068af84dce4ca98aec057099ef7"}
,"/home/taba/myorders-pro/app/exportPDF.js": {"path":"/home/taba/myorders-pro/app/exportPDF.js","statementMap":{"0":{"start":{"line":1,"column":16},"end":{"line":1,"column":34}},"1":{"start":{"line":2,"column":15},"end":{"line":2,"column":31}},"2":{"start":{"line":3,"column":11},"end":{"line":3,"column":24}},"3":{"start":{"line":4,"column":18},"end":{"line":4,"column":38}},"4":{"start":{"line":5,"column":15},"end":{"line":5,"column":40}},"5":{"start":{"line":8,"column":18},"end":{"line":8,"column":59}},"6":{"start":{"line":9,"column":15},"end":{"line":9,"column":38}},"7":{"start":{"line":12,"column":2},"end":{"line":101,"column":4}},"8":{"start":{"line":104,"column":2},"end":{"line":113,"column":5}},"9":{"start":{"line":116,"column":2},"end":{"line":116,"column":24}},"10":{"start":{"line":121,"column":0},"end":{"line":161,"column":2}},"11":{"start":{"line":122,"column":13},"end":{"line":122,"column":26}},"12":{"start":{"line":123,"column":23},"end":{"line":123,"column":63}},"13":{"start":{"line":125,"column":2},"end":{"line":160,"column":64}},"14":{"start":{"line":127,"column":6},"end":{"line":127,"column":47}},"15":{"start":{"line":129,"column":6},"end":{"line":129,"column":70}},"16":{"start":{"line":131,"column":24},"end":{"line":131,"column":50}},"17":{"start":{"line":132,"column":6},"end":{"line":132,"column":36}},"18":{"start":{"line":135,"column":18},"end":{"line":148,"column":7}},"19":{"start":{"line":151,"column":6},"end":{"line":157,"column":11}},"20":{"start":{"line":153,"column":10},"end":{"line":153,"column":49}},"21":{"start":{"line":156,"column":10},"end":{"line":156,"column":55}},"22":{"start":{"line":160,"column":20},"end":{"line":160,"column":62}},"23":{"start":{"line":163,"column":0},"end":{"line":163,"column":24}}},"fnMap":{"0":{"name":"exportTableToPdf","decl":{"start":{"line":7,"column":15},"end":{"line":7,"column":31}},"loc":{"start":{"line":7,"column":54},"end":{"line":117,"column":1}},"line":7},"1":{"name":"(anonymous_1)","decl":{"start":{"line":121,"column":16},"end":{"line":121,"column":17}},"loc":{"start":{"line":121,"column":36},"end":{"line":161,"column":1}},"line":121},"2":{"name":"(anonymous_2)","decl":{"start":{"line":126,"column":10},"end":{"line":126,"column":11}},"loc":{"start":{"line":126,"column":16},"end":{"line":159,"column":5}},"line":126},"3":{"name":"(anonymous_3)","decl":{"start":{"line":152,"column":14},"end":{"line":152,"column":15}},"loc":{"start":{"line":152,"column":20},"end":{"line":154,"column":9}},"line":152},"4":{"name":"(anonymous_4)","decl":{"start":{"line":155,"column":15},"end":{"line":155,"column":16}},"loc":{"start":{"line":155,"column":24},"end":{"line":157,"column":9}},"line":155},"5":{"name":"(anonymous_5)","decl":{"start":{"line":160,"column":11},"end":{"line":160,"column":12}},"loc":{"start":{"line":160,"column":20},"end":{"line":160,"column":62}},"line":160}},"branchMap":{},"s":{"0":11,"1":11,"2":11,"3":11,"4":11,"5":1,"6":1,"7":1,"8":1,"9":0,"10":11,"11":1,"12":1,"13":1,"14":0,"15":0,"16":0,"17":0,"18":0,"19":0,"20":0,"21":0,"22":1,"23":11},"f":{"0":1,"1":1,"2":0,"3":0,"4":0,"5":1},"b":{},"_coverageSchema":"1a1c01bbd47fc00a2c39e90264f33305004495a9","hash":"f755646a8ed879326dbdea7bcfd796f467f49dc3"}
,"/home/taba/myorders-pro/app/ordini.js": {"path":"/home/taba/myorders-pro/app/ordini.js","statementMap":{"0":{"start":{"line":1,"column":16},"end":{"line":1,"column":34}},"1":{"start":{"line":2,"column":15},"end":{"line":2,"column":31}},"2":{"start":{"line":4,"column":15},"end":{"line":4,"column":41}},"3":{"start":{"line":7,"column":0},"end":{"line":21,"column":2}},"4":{"start":{"line":8,"column":4},"end":{"line":20,"column":5}},"5":{"start":{"line":9,"column":30},"end":{"line":9,"column":49}},"6":{"start":{"line":11,"column":8},"end":{"line":15,"column":9}},"7":{"start":{"line":12,"column":10},"end":{"line":12,"column":60}},"8":{"start":{"line":14,"column":10},"end":{"line":14,"column":34}},"9":{"start":{"line":18,"column":6},"end":{"line":18,"column":62}},"10":{"start":{"line":18,"column":41},"end":{"line":18,"column":62}},"11":{"start":{"line":19,"column":8},"end":{"line":19,"column":102}},"12":{"start":{"line":24,"column":0},"end":{"line":38,"column":3}},"13":{"start":{"line":25,"column":4},"end":{"line":37,"column":5}},"14":{"start":{"line":26,"column":19},"end":{"line":26,"column":32}},"15":{"start":{"line":27,"column":23},"end":{"line":27,"column":48}},"16":{"start":{"line":29,"column":8},"end":{"line":33,"column":9}},"17":{"start":{"line":30,"column":12},"end":{"line":30,"column":29}},"18":{"start":{"line":32,"column":12},"end":{"line":32,"column":88}},"19":{"start":{"line":35,"column":6},"end":{"line":35,"column":62}},"20":{"start":{"line":35,"column":41},"end":{"line":35,"column":62}},"21":{"start":{"line":36,"column":8},"end":{"line":36,"column":102}},"22":{"start":{"line":41,"column":0},"end":{"line":55,"column":3}},"23":{"start":{"line":42,"column":2},"end":{"line":54,"column":3}},"24":{"start":{"line":43,"column":22},"end":{"line":43,"column":40}},"25":{"start":{"line":44,"column":21},"end":{"line":44,"column":57}},"26":{"start":{"line":46,"column":6},"end":{"line":50,"column":7}},"27":{"start":{"line":47,"column":10},"end":{"line":47,"column":27}},"28":{"start":{"line":49,"column":10},"end":{"line":49,"column":86}},"29":{"start":{"line":52,"column":4},"end":{"line":52,"column":60}},"30":{"start":{"line":52,"column":39},"end":{"line":52,"column":60}},"31":{"start":{"line":53,"column":6},"end":{"line":53,"column":100}},"32":{"start":{"line":58,"column":0},"end":{"line":72,"column":3}},"33":{"start":{"line":59,"column":2},"end":{"line":71,"column":3}},"34":{"start":{"line":60,"column":24},"end":{"line":60,"column":44}},"35":{"start":{"line":61,"column":21},"end":{"line":61,"column":61}},"36":{"start":{"line":63,"column":6},"end":{"line":67,"column":7}},"37":{"start":{"line":64,"column":10},"end":{"line":64,"column":27}},"38":{"start":{"line":66,"column":10},"end":{"line":66,"column":86}},"39":{"start":{"line":69,"column":4},"end":{"line":69,"column":60}},"40":{"start":{"line":69,"column":39},"end":{"line":69,"column":60}},"41":{"start":{"line":70,"column":6},"end":{"line":70,"column":100}},"42":{"start":{"line":76,"column":0},"end":{"line":93,"column":3}},"43":{"start":{"line":77,"column":2},"end":{"line":92,"column":3}},"44":{"start":{"line":78,"column":24},"end":{"line":78,"column":44}},"45":{"start":{"line":79,"column":22},"end":{"line":79,"column":46}},"46":{"start":{"line":80,"column":4},"end":{"line":89,"column":7}},"47":{"start":{"line":91,"column":4},"end":{"line":91,"column":50}},"48":{"start":{"line":96,"column":0},"end":{"line":103,"column":3}},"49":{"start":{"line":97,"column":2},"end":{"line":102,"column":3}},"50":{"start":{"line":98,"column":26},"end":{"line":98,"column":63}},"51":{"start":{"line":99,"column":4},"end":{"line":99,"column":40}},"52":{"start":{"line":101,"column":4},"end":{"line":101,"column":51}},"53":{"start":{"line":106,"column":0},"end":{"line":115,"column":3}},"54":{"start":{"line":107,"column":2},"end":{"line":114,"column":3}},"55":{"start":{"line":108,"column":21},"end":{"line":108,"column":34}},"56":{"start":{"line":109,"column":24},"end":{"line":109,"column":32}},"57":{"start":{"line":110,"column":22},"end":{"line":110,"column":90}},"58":{"start":{"line":111,"column":4},"end":{"line":111,"column":36}},"59":{"start":{"line":113,"column":4},"end":{"line":113,"column":50}},"60":{"start":{"line":118,"column":0},"end":{"line":125,"column":3}},"61":{"start":{"line":119,"column":2},"end":{"line":124,"column":3}},"62":{"start":{"line":120,"column":26},"end":{"line":120,"column":53}},"63":{"start":{"line":121,"column":4},"end":{"line":121,"column":40}},"64":{"start":{"line":123,"column":4},"end":{"line":123,"column":51}},"65":{"start":{"line":128,"column":0},"end":{"line":136,"column":3}},"66":{"start":{"line":129,"column":2},"end":{"line":135,"column":3}},"67":{"start":{"line":130,"column":21},"end":{"line":130,"column":34}},"68":{"start":{"line":131,"column":22},"end":{"line":131,"column":62}},"69":{"start":{"line":132,"column":4},"end":{"line":132,"column":36}},"70":{"start":{"line":134,"column":4},"end":{"line":134,"column":50}},"71":{"start":{"line":138,"column":0},"end":{"line":138,"column":24}}},"fnMap":{"0":{"name":"(anonymous_0)","decl":{"start":{"line":7,"column":15},"end":{"line":7,"column":16}},"loc":{"start":{"line":7,"column":31},"end":{"line":21,"column":1}},"line":7},"1":{"name":"(anonymous_1)","decl":{"start":{"line":24,"column":19},"end":{"line":24,"column":20}},"loc":{"start":{"line":24,"column":39},"end":{"line":38,"column":1}},"line":24},"2":{"name":"(anonymous_2)","decl":{"start":{"line":41,"column":42},"end":{"line":41,"column":43}},"loc":{"start":{"line":41,"column":62},"end":{"line":55,"column":1}},"line":41},"3":{"name":"(anonymous_3)","decl":{"start":{"line":58,"column":46},"end":{"line":58,"column":47}},"loc":{"start":{"line":58,"column":66},"end":{"line":72,"column":1}},"line":58},"4":{"name":"(anonymous_4)","decl":{"start":{"line":76,"column":16},"end":{"line":76,"column":17}},"loc":{"start":{"line":76,"column":36},"end":{"line":93,"column":1}},"line":76},"5":{"name":"(anonymous_5)","decl":{"start":{"line":96,"column":15},"end":{"line":96,"column":16}},"loc":{"start":{"line":96,"column":35},"end":{"line":103,"column":1}},"line":96},"6":{"name":"(anonymous_6)","decl":{"start":{"line":106,"column":19},"end":{"line":106,"column":20}},"loc":{"start":{"line":106,"column":39},"end":{"line":115,"column":1}},"line":106},"7":{"name":"(anonymous_7)","decl":{"start":{"line":118,"column":18},"end":{"line":118,"column":19}},"loc":{"start":{"line":118,"column":38},"end":{"line":125,"column":1}},"line":118},"8":{"name":"(anonymous_8)","decl":{"start":{"line":128,"column":22},"end":{"line":128,"column":23}},"loc":{"start":{"line":128,"column":42},"end":{"line":136,"column":1}},"line":128}},"branchMap":{"0":{"loc":{"start":{"line":11,"column":8},"end":{"line":15,"column":9}},"type":"if","locations":[{"start":{"line":11,"column":8},"end":{"line":15,"column":9}},{"start":{"line":13,"column":13},"end":{"line":15,"column":9}}],"line":11},"1":{"loc":{"start":{"line":18,"column":6},"end":{"line":18,"column":62}},"type":"if","locations":[{"start":{"line":18,"column":6},"end":{"line":18,"column":62}},{"start":{},"end":{}}],"line":18},"2":{"loc":{"start":{"line":29,"column":8},"end":{"line":33,"column":9}},"type":"if","locations":[{"start":{"line":29,"column":8},"end":{"line":33,"column":9}},{"start":{"line":31,"column":15},"end":{"line":33,"column":9}}],"line":29},"3":{"loc":{"start":{"line":35,"column":6},"end":{"line":35,"column":62}},"type":"if","locations":[{"start":{"line":35,"column":6},"end":{"line":35,"column":62}},{"start":{},"end":{}}],"line":35},"4":{"loc":{"start":{"line":46,"column":6},"end":{"line":50,"column":7}},"type":"if","locations":[{"start":{"line":46,"column":6},"end":{"line":50,"column":7}},{"start":{"line":48,"column":13},"end":{"line":50,"column":7}}],"line":46},"5":{"loc":{"start":{"line":52,"column":4},"end":{"line":52,"column":60}},"type":"if","locations":[{"start":{"line":52,"column":4},"end":{"line":52,"column":60}},{"start":{},"end":{}}],"line":52},"6":{"loc":{"start":{"line":63,"column":6},"end":{"line":67,"column":7}},"type":"if","locations":[{"start":{"line":63,"column":6},"end":{"line":67,"column":7}},{"start":{"line":65,"column":13},"end":{"line":67,"column":7}}],"line":63},"7":{"loc":{"start":{"line":69,"column":4},"end":{"line":69,"column":60}},"type":"if","locations":[{"start":{"line":69,"column":4},"end":{"line":69,"column":60}},{"start":{},"end":{}}],"line":69}},"s":{"0":11,"1":11,"2":11,"3":11,"4":0,"5":0,"6":0,"7":0,"8":0,"9":0,"10":0,"11":0,"12":11,"13":0,"14":0,"15":0,"16":0,"17":0,"18":0,"19":0,"20":0,"21":0,"22":11,"23":0,"24":0,"25":0,"26":0,"27":0,"28":0,"29":0,"30":0,"31":0,"32":11,"33":0,"34":0,"35":0,"36":0,"37":0,"38":0,"39":0,"40":0,"41":0,"42":11,"43":0,"44":0,"45":0,"46":0,"47":0,"48":11,"49":0,"50":0,"51":0,"52":0,"53":11,"54":0,"55":0,"56":0,"57":0,"58":0,"59":0,"60":11,"61":0,"62":0,"63":0,"64":0,"65":11,"66":0,"67":0,"68":0,"69":0,"70":0,"71":11},"f":{"0":0,"1":0,"2":0,"3":0,"4":0,"5":0,"6":0,"7":0,"8":0},"b":{"0":[0,0],"1":[0,0],"2":[0,0],"3":[0,0],"4":[0,0],"5":[0,0],"6":[0,0],"7":[0,0]},"_coverageSchema":"1a1c01bbd47fc00a2c39e90264f33305004495a9","hash":"b30b2a3575865a08bf7ed7000aefd5ce9465380f"}
,"/home/taba/myorders-pro/app/reimpostaPassword.js": {"path":"/home/taba/myorders-pro/app/reimpostaPassword.js","statementMap":{"0":{"start":{"line":1,"column":16},"end":{"line":1,"column":34}},"1":{"start":{"line":2,"column":15},"end":{"line":2,"column":31}},"2":{"start":{"line":4,"column":15},"end":{"line":4,"column":40}},"3":{"start":{"line":5,"column":13},"end":{"line":5,"column":40}},"4":{"start":{"line":8,"column":0},"end":{"line":57,"column":7}},"5":{"start":{"line":10,"column":2},"end":{"line":10,"column":84}},"6":{"start":{"line":10,"column":37},"end":{"line":10,"column":84}},"7":{"start":{"line":12,"column":20},"end":{"line":12,"column":46}},"8":{"start":{"line":13,"column":2},"end":{"line":13,"column":32}},"9":{"start":{"line":15,"column":2},"end":{"line":15,"column":77}},"10":{"start":{"line":15,"column":37},"end":{"line":15,"column":77}},"11":{"start":{"line":17,"column":4},"end":{"line":56,"column":7}},"12":{"start":{"line":20,"column":6},"end":{"line":20,"column":72}},"13":{"start":{"line":20,"column":41},"end":{"line":20,"column":72}},"14":{"start":{"line":21,"column":6},"end":{"line":21,"column":69}},"15":{"start":{"line":21,"column":41},"end":{"line":21,"column":69}},"16":{"start":{"line":23,"column":17},"end":{"line":25,"column":15}},"17":{"start":{"line":27,"column":6},"end":{"line":53,"column":7}},"18":{"start":{"line":28,"column":8},"end":{"line":48,"column":9}},"19":{"start":{"line":29,"column":22},"end":{"line":35,"column":11}},"20":{"start":{"line":37,"column":10},"end":{"line":44,"column":13}},"21":{"start":{"line":38,"column":12},"end":{"line":38,"column":82}},"22":{"start":{"line":38,"column":47},"end":{"line":38,"column":82}},"23":{"start":{"line":39,"column":12},"end":{"line":39,"column":79}},"24":{"start":{"line":39,"column":47},"end":{"line":39,"column":79}},"25":{"start":{"line":40,"column":14},"end":{"line":40,"column":29}},"26":{"start":{"line":43,"column":14},"end":{"line":43,"column":69}},"27":{"start":{"line":43,"column":49},"end":{"line":43,"column":69}},"28":{"start":{"line":47,"column":10},"end":{"line":47,"column":73}},"29":{"start":{"line":51,"column":8},"end":{"line":51,"column":71}},"30":{"start":{"line":54,"column":8},"end":{"line":54,"column":64}},"31":{"start":{"line":54,"column":43},"end":{"line":54,"column":64}},"32":{"start":{"line":55,"column":8},"end":{"line":55,"column":100}},"33":{"start":{"line":59,"column":2},"end":{"line":59,"column":26}}},"fnMap":{"0":{"name":"(anonymous_0)","decl":{"start":{"line":8,"column":16},"end":{"line":8,"column":17}},"loc":{"start":{"line":8,"column":36},"end":{"line":57,"column":5}},"line":8},"1":{"name":"(anonymous_1)","decl":{"start":{"line":37,"column":32},"end":{"line":37,"column":33}},"loc":{"start":{"line":37,"column":46},"end":{"line":41,"column":11}},"line":37},"2":{"name":"(anonymous_2)","decl":{"start":{"line":42,"column":19},"end":{"line":42,"column":20}},"loc":{"start":{"line":42,"column":30},"end":{"line":44,"column":11}},"line":42}},"branchMap":{"0":{"loc":{"start":{"line":10,"column":2},"end":{"line":10,"column":84}},"type":"if","locations":[{"start":{"line":10,"column":2},"end":{"line":10,"column":84}},{"start":{},"end":{}}],"line":10},"1":{"loc":{"start":{"line":15,"column":2},"end":{"line":15,"column":77}},"type":"if","locations":[{"start":{"line":15,"column":2},"end":{"line":15,"column":77}},{"start":{},"end":{}}],"line":15},"2":{"loc":{"start":{"line":20,"column":6},"end":{"line":20,"column":72}},"type":"if","locations":[{"start":{"line":20,"column":6},"end":{"line":20,"column":72}},{"start":{},"end":{}}],"line":20},"3":{"loc":{"start":{"line":21,"column":6},"end":{"line":21,"column":69}},"type":"if","locations":[{"start":{"line":21,"column":6},"end":{"line":21,"column":69}},{"start":{},"end":{}}],"line":21},"4":{"loc":{"start":{"line":27,"column":6},"end":{"line":53,"column":7}},"type":"if","locations":[{"start":{"line":27,"column":6},"end":{"line":53,"column":7}},{"start":{"line":50,"column":13},"end":{"line":53,"column":7}}],"line":27},"5":{"loc":{"start":{"line":28,"column":8},"end":{"line":48,"column":9}},"type":"if","locations":[{"start":{"line":28,"column":8},"end":{"line":48,"column":9}},{"start":{"line":46,"column":15},"end":{"line":48,"column":9}}],"line":28},"6":{"loc":{"start":{"line":38,"column":12},"end":{"line":38,"column":82}},"type":"if","locations":[{"start":{"line":38,"column":12},"end":{"line":38,"column":82}},{"start":{},"end":{}}],"line":38},"7":{"loc":{"start":{"line":39,"column":12},"end":{"line":39,"column":79}},"type":"if","locations":[{"start":{"line":39,"column":12},"end":{"line":39,"column":79}},{"start":{},"end":{}}],"line":39},"8":{"loc":{"start":{"line":43,"column":14},"end":{"line":43,"column":69}},"type":"if","locations":[{"start":{"line":43,"column":14},"end":{"line":43,"column":69}},{"start":{},"end":{}}],"line":43},"9":{"loc":{"start":{"line":54,"column":8},"end":{"line":54,"column":64}},"type":"if","locations":[{"start":{"line":54,"column":8},"end":{"line":54,"column":64}},{"start":{},"end":{}}],"line":54}},"s":{"0":11,"1":11,"2":11,"3":11,"4":11,"5":0,"6":0,"7":0,"8":0,"9":0,"10":0,"11":0,"12":0,"13":0,"14":0,"15":0,"16":0,"17":0,"18":0,"19":0,"20":0,"21":0,"22":0,"23":0,"24":0,"25":0,"26":0,"27":0,"28":0,"29":0,"30":0,"31":0,"32":0,"33":11},"f":{"0":0,"1":0,"2":0},"b":{"0":[0,0],"1":[0,0],"2":[0,0],"3":[0,0],"4":[0,0],"5":[0,0],"6":[0,0],"7":[0,0],"8":[0,0],"9":[0,0]},"_coverageSchema":"1a1c01bbd47fc00a2c39e90264f33305004495a9","hash":"7ac2403b960d34d24f983ffebb9148246854ccee"}
,"/home/taba/myorders-pro/app/subagenti.js": {"path":"/home/taba/myorders-pro/app/subagenti.js","statementMap":{"0":{"start":{"line":1,"column":16},"end":{"line":1,"column":34}},"1":{"start":{"line":2,"column":15},"end":{"line":2,"column":31}},"2":{"start":{"line":4,"column":18},"end":{"line":4,"column":47}},"3":{"start":{"line":7,"column":0},"end":{"line":20,"column":2}},"4":{"start":{"line":8,"column":4},"end":{"line":19,"column":5}},"5":{"start":{"line":9,"column":33},"end":{"line":9,"column":55}},"6":{"start":{"line":11,"column":10},"end":{"line":15,"column":11}},"7":{"start":{"line":12,"column":12},"end":{"line":12,"column":39}},"8":{"start":{"line":14,"column":12},"end":{"line":14,"column":79}},"9":{"start":{"line":17,"column":6},"end":{"line":17,"column":62}},"10":{"start":{"line":17,"column":41},"end":{"line":17,"column":62}},"11":{"start":{"line":18,"column":8},"end":{"line":18,"column":103}},"12":{"start":{"line":23,"column":0},"end":{"line":37,"column":3}},"13":{"start":{"line":24,"column":4},"end":{"line":36,"column":5}},"14":{"start":{"line":25,"column":19},"end":{"line":25,"column":32}},"15":{"start":{"line":26,"column":26},"end":{"line":26,"column":54}},"16":{"start":{"line":28,"column":8},"end":{"line":32,"column":9}},"17":{"start":{"line":29,"column":12},"end":{"line":29,"column":32}},"18":{"start":{"line":31,"column":12},"end":{"line":31,"column":91}},"19":{"start":{"line":34,"column":6},"end":{"line":34,"column":62}},"20":{"start":{"line":34,"column":41},"end":{"line":34,"column":62}},"21":{"start":{"line":35,"column":8},"end":{"line":35,"column":103}},"22":{"start":{"line":40,"column":0},"end":{"line":57,"column":3}},"23":{"start":{"line":41,"column":2},"end":{"line":56,"column":3}},"24":{"start":{"line":42,"column":27},"end":{"line":42,"column":50}},"25":{"start":{"line":43,"column":22},"end":{"line":43,"column":49}},"26":{"start":{"line":44,"column":4},"end":{"line":53,"column":7}},"27":{"start":{"line":55,"column":4},"end":{"line":55,"column":50}},"28":{"start":{"line":60,"column":0},"end":{"line":67,"column":3}},"29":{"start":{"line":61,"column":2},"end":{"line":66,"column":3}},"30":{"start":{"line":62,"column":29},"end":{"line":62,"column":69}},"31":{"start":{"line":63,"column":4},"end":{"line":63,"column":43}},"32":{"start":{"line":65,"column":4},"end":{"line":65,"column":51}},"33":{"start":{"line":70,"column":0},"end":{"line":79,"column":3}},"34":{"start":{"line":71,"column":2},"end":{"line":78,"column":3}},"35":{"start":{"line":72,"column":24},"end":{"line":72,"column":37}},"36":{"start":{"line":73,"column":27},"end":{"line":73,"column":35}},"37":{"start":{"line":74,"column":22},"end":{"line":74,"column":99}},"38":{"start":{"line":75,"column":4},"end":{"line":75,"column":36}},"39":{"start":{"line":77,"column":4},"end":{"line":77,"column":50}},"40":{"start":{"line":82,"column":0},"end":{"line":94,"column":3}},"41":{"start":{"line":83,"column":2},"end":{"line":93,"column":3}},"42":{"start":{"line":84,"column":24},"end":{"line":84,"column":37}},"43":{"start":{"line":85,"column":25},"end":{"line":85,"column":41}},"44":{"start":{"line":86,"column":22},"end":{"line":89,"column":4}},"45":{"start":{"line":90,"column":4},"end":{"line":90,"column":36}},"46":{"start":{"line":92,"column":4},"end":{"line":92,"column":50}},"47":{"start":{"line":97,"column":0},"end":{"line":109,"column":3}},"48":{"start":{"line":98,"column":2},"end":{"line":108,"column":3}},"49":{"start":{"line":99,"column":24},"end":{"line":99,"column":37}},"50":{"start":{"line":100,"column":25},"end":{"line":100,"column":41}},"51":{"start":{"line":101,"column":22},"end":{"line":104,"column":4}},"52":{"start":{"line":105,"column":4},"end":{"line":105,"column":36}},"53":{"start":{"line":107,"column":4},"end":{"line":107,"column":50}},"54":{"start":{"line":112,"column":0},"end":{"line":119,"column":3}},"55":{"start":{"line":113,"column":2},"end":{"line":118,"column":3}},"56":{"start":{"line":114,"column":29},"end":{"line":114,"column":59}},"57":{"start":{"line":115,"column":4},"end":{"line":115,"column":43}},"58":{"start":{"line":117,"column":4},"end":{"line":117,"column":51}},"59":{"start":{"line":122,"column":0},"end":{"line":130,"column":3}},"60":{"start":{"line":123,"column":2},"end":{"line":129,"column":3}},"61":{"start":{"line":124,"column":24},"end":{"line":124,"column":37}},"62":{"start":{"line":125,"column":22},"end":{"line":125,"column":68}},"63":{"start":{"line":126,"column":4},"end":{"line":126,"column":36}},"64":{"start":{"line":128,"column":4},"end":{"line":128,"column":50}},"65":{"start":{"line":132,"column":0},"end":{"line":132,"column":24}}},"fnMap":{"0":{"name":"(anonymous_0)","decl":{"start":{"line":7,"column":15},"end":{"line":7,"column":16}},"loc":{"start":{"line":7,"column":31},"end":{"line":20,"column":1}},"line":7},"1":{"name":"(anonymous_1)","decl":{"start":{"line":23,"column":19},"end":{"line":23,"column":20}},"loc":{"start":{"line":23,"column":39},"end":{"line":37,"column":1}},"line":23},"2":{"name":"(anonymous_2)","decl":{"start":{"line":40,"column":16},"end":{"line":40,"column":17}},"loc":{"start":{"line":40,"column":36},"end":{"line":57,"column":1}},"line":40},"3":{"name":"(anonymous_3)","decl":{"start":{"line":60,"column":15},"end":{"line":60,"column":16}},"loc":{"start":{"line":60,"column":35},"end":{"line":67,"column":1}},"line":60},"4":{"name":"(anonymous_4)","decl":{"start":{"line":70,"column":19},"end":{"line":70,"column":20}},"loc":{"start":{"line":70,"column":39},"end":{"line":79,"column":1}},"line":70},"5":{"name":"(anonymous_5)","decl":{"start":{"line":82,"column":30},"end":{"line":82,"column":31}},"loc":{"start":{"line":82,"column":50},"end":{"line":94,"column":1}},"line":82},"6":{"name":"(anonymous_6)","decl":{"start":{"line":97,"column":30},"end":{"line":97,"column":31}},"loc":{"start":{"line":97,"column":50},"end":{"line":109,"column":1}},"line":97},"7":{"name":"(anonymous_7)","decl":{"start":{"line":112,"column":18},"end":{"line":112,"column":19}},"loc":{"start":{"line":112,"column":38},"end":{"line":119,"column":1}},"line":112},"8":{"name":"(anonymous_8)","decl":{"start":{"line":122,"column":22},"end":{"line":122,"column":23}},"loc":{"start":{"line":122,"column":42},"end":{"line":130,"column":1}},"line":122}},"branchMap":{"0":{"loc":{"start":{"line":11,"column":10},"end":{"line":15,"column":11}},"type":"if","locations":[{"start":{"line":11,"column":10},"end":{"line":15,"column":11}},{"start":{"line":13,"column":17},"end":{"line":15,"column":11}}],"line":11},"1":{"loc":{"start":{"line":17,"column":6},"end":{"line":17,"column":62}},"type":"if","locations":[{"start":{"line":17,"column":6},"end":{"line":17,"column":62}},{"start":{},"end":{}}],"line":17},"2":{"loc":{"start":{"line":28,"column":8},"end":{"line":32,"column":9}},"type":"if","locations":[{"start":{"line":28,"column":8},"end":{"line":32,"column":9}},{"start":{"line":30,"column":15},"end":{"line":32,"column":9}}],"line":28},"3":{"loc":{"start":{"line":34,"column":6},"end":{"line":34,"column":62}},"type":"if","locations":[{"start":{"line":34,"column":6},"end":{"line":34,"column":62}},{"start":{},"end":{}}],"line":34}},"s":{"0":11,"1":11,"2":11,"3":11,"4":0,"5":0,"6":0,"7":0,"8":0,"9":0,"10":0,"11":0,"12":11,"13":0,"14":0,"15":0,"16":0,"17":0,"18":0,"19":0,"20":0,"21":0,"22":11,"23":0,"24":0,"25":0,"26":0,"27":0,"28":11,"29":0,"30":0,"31":0,"32":0,"33":11,"34":0,"35":0,"36":0,"37":0,"38":0,"39":0,"40":11,"41":0,"42":0,"43":0,"44":0,"45":0,"46":0,"47":11,"48":0,"49":0,"50":0,"51":0,"52":0,"53":0,"54":11,"55":0,"56":0,"57":0,"58":0,"59":11,"60":0,"61":0,"62":0,"63":0,"64":0,"65":11},"f":{"0":0,"1":0,"2":0,"3":0,"4":0,"5":0,"6":0,"7":0,"8":0},"b":{"0":[0,0],"1":[0,0],"2":[0,0],"3":[0,0]},"_coverageSchema":"1a1c01bbd47fc00a2c39e90264f33305004495a9","hash":"6c37f0032506d9221e84d839c71219f759256703"}
,"/home/taba/myorders-pro/app/tecnici.js": {"path":"/home/taba/myorders-pro/app/tecnici.js","statementMap":{"0":{"start":{"line":1,"column":16},"end":{"line":1,"column":34}},"1":{"start":{"line":2,"column":15},"end":{"line":2,"column":31}},"2":{"start":{"line":4,"column":16},"end":{"line":4,"column":43}},"3":{"start":{"line":7,"column":0},"end":{"line":17,"column":2}},"4":{"start":{"line":8,"column":4},"end":{"line":16,"column":5}},"5":{"start":{"line":9,"column":29},"end":{"line":9,"column":49}},"6":{"start":{"line":11,"column":6},"end":{"line":12,"column":72}},"7":{"start":{"line":11,"column":26},"end":{"line":11,"column":51}},"8":{"start":{"line":12,"column":11},"end":{"line":12,"column":72}},"9":{"start":{"line":14,"column":6},"end":{"line":14,"column":62}},"10":{"start":{"line":14,"column":41},"end":{"line":14,"column":62}},"11":{"start":{"line":15,"column":8},"end":{"line":15,"column":101}},"12":{"start":{"line":20,"column":0},"end":{"line":31,"column":3}},"13":{"start":{"line":21,"column":4},"end":{"line":30,"column":5}},"14":{"start":{"line":22,"column":17},"end":{"line":22,"column":30}},"15":{"start":{"line":23,"column":22},"end":{"line":23,"column":48}},"16":{"start":{"line":25,"column":6},"end":{"line":26,"column":88}},"17":{"start":{"line":25,"column":19},"end":{"line":25,"column":37}},"18":{"start":{"line":26,"column":11},"end":{"line":26,"column":88}},"19":{"start":{"line":28,"column":6},"end":{"line":28,"column":62}},"20":{"start":{"line":28,"column":41},"end":{"line":28,"column":62}},"21":{"start":{"line":29,"column":8},"end":{"line":29,"column":101}},"22":{"start":{"line":34,"column":0},"end":{"line":51,"column":3}},"23":{"start":{"line":35,"column":2},"end":{"line":50,"column":3}},"24":{"start":{"line":36,"column":25},"end":{"line":36,"column":46}},"25":{"start":{"line":37,"column":22},"end":{"line":37,"column":47}},"26":{"start":{"line":38,"column":4},"end":{"line":47,"column":7}},"27":{"start":{"line":49,"column":4},"end":{"line":49,"column":50}},"28":{"start":{"line":54,"column":0},"end":{"line":61,"column":3}},"29":{"start":{"line":55,"column":2},"end":{"line":60,"column":3}},"30":{"start":{"line":56,"column":27},"end":{"line":56,"column":65}},"31":{"start":{"line":57,"column":4},"end":{"line":57,"column":41}},"32":{"start":{"line":59,"column":4},"end":{"line":59,"column":51}},"33":{"start":{"line":64,"column":0},"end":{"line":73,"column":3}},"34":{"start":{"line":65,"column":2},"end":{"line":72,"column":3}},"35":{"start":{"line":66,"column":22},"end":{"line":66,"column":35}},"36":{"start":{"line":67,"column":25},"end":{"line":67,"column":33}},"37":{"start":{"line":68,"column":22},"end":{"line":68,"column":93}},"38":{"start":{"line":69,"column":4},"end":{"line":69,"col
[...]
,"/home/taba/myorders-pro/app/tokenChecker.js": {"path":"/home/taba/myorders-pro/app/tokenChecker.js","statementMap":{"0":{"start":{"line":1,"column":12},"end":{"line":1,"column":35}},"1":{"start":{"line":3,"column":21},"end":{"line":45,"column":1}},"2":{"start":{"line":5,"column":16},"end":{"line":5,"column":39}},"3":{"start":{"line":6,"column":20},"end":{"line":6,"column":47}},"4":{"start":{"line":8,"column":1},"end":{"line":8,"column":74}},"5":{"start":{"line":8,"column":36},"end":{"line":8,"column":74}},"6":{"start":{"line":11,"column":13},"end":{"line":11,"column":79}},"7":{"start":{"line":14,"column":1},"end":{"line":19,"column":2}},"8":{"start":{"line":15,"column":2},"end":{"line":18,"column":5}},"9":{"start":{"line":21,"column":1},"end":{"line":44,"column":2}},"10":{"start":{"line":23,"column":2},"end":{"line":23,"column":85}},"11":{"start":{"line":23,"column":37},"end":{"line":23,"column":85}},"12":{"start":{"line":24,"column":2},"end":{"line":24,"column":32}},"13":{"start":{"line":25,"column":2},"end":{"line":25,"column":9}},"14":{"start":{"line":30,"column":2},"end":{"line":42,"column":5}},"15":{"start":{"line":31,"column":3},"end":{"line":41,"column":4}},"16":{"start":{"line":32,"column":4},"end":{"line":35,"column":7}},"17":{"start":{"line":38,"column":4},"end":{"line":38,"column":105}},"18":{"start":{"line":38,"column":39},"end":{"line":38,"column":105}},"19":{"start":{"line":39,"column":4},"end":{"line":39,"column":29}},"20":{"start":{"line":40,"column":4},"end":{"line":40,"column":11}},"21":{"start":{"line":47,"column":0},"end":{"line":47,"column":29}}},"fnMap":{"0":{"name":"(anonymous_0)","decl":{"start":{"line":3,"column":21},"end":{"line":3,"column":22}},"loc":{"start":{"line":3,"column":46},"end":{"line":45,"column":1}},"line":3},"1":{"name":"(anonymous_1)","decl":{"start":{"line":30,"column":30},"end":{"line":30,"column":31}},"loc":{"start":{"line":30,"column":53},"end":{"line":42,"column":3}},"line":30}},"branchMap":{"0":{"loc":{"start":{"line":8,"column":1},"end":{"line":8,"column":74}},"type":"if","locations":[{"start":{"line":8,"column":1},"end":{"line":8,"column":74}},{"start":{},"end":{}}],"line":8},"1":{"loc":{"start":{"line":11,"column":13},"end":{"line":11,"column":79}},"type":"binary-expr","locations":[{"start":{"line":11,"column":13},"end":{"line":11,"column":27}},{"start":{"line":11,"column":31},"end":{"line":11,"column":46}},{"start":{"line":11,"column":50},"end":{"line":11,"column":79}}],"line":11},"2":{"loc":{"start":{"line":14,"column":1},"end":{"line":19,"column":2}},"type":"if","locations":[{"start":{"line":14,"column":1},"end":{"line":19,"column":2}},{"start":{},"end":{}}],"line":14},"3":{"loc":{"start":{"line":21,"column":1},"end":{"line":44,"column":2}},"type":"if","locations":[{"start":{"line":21,"column":1},"end":{"line":44,"column":2}},{"start":{"line":27,"column":8},"end":{"line":44,"column":2}}],"line":21},"4":{"loc":{"start":{"line":23,"column":2},"end":{"line":23,"column":85}},"type":"if","locations":[{"start":{"line":23,"column":2},"end":{"line":23,"column":85}},{"start":{},"end":{}}],"line":23},"5":{"loc":{"start":{"line":31,"column":3},"end":{"line":41,"column":4}},"type":"if","locations":[{"start":{"line":31,"column":3},"end":{"line":41,"column":4}},{"start":{"line":36,"column":10},"end":{"line":41,"column":4}}],"line":31},"6":{"loc":{"start":{"line":38,"column":4},"end":{"line":38,"column":105}},"type":"if","locations":[{"start":{"line":38,"column":4},"end":{"line":38,"column":105}},{"start":{},"end":{}}],"line":38}},"s":{"0":11,"1":11,"2":1,"3":1,"4":1,"5":0,"6":1,"7":1,"8":0,"9":1,"10":1,"11":0,"12":1,"13":1,"14":0,"15":0,"16":0,"17":0,"18":0,"19":0,"20":0,"21":11},"f":{"0":1,"1":0},"b":{"0":[0,1],"1":[1,1,1],"2":[0,1],"3":[1,0],"4":[0,1],"5":[0,0],"6":[0,0]},"_coverageSchema":"1a1c01bbd47fc00a2c39e90264f33305004495a9","hash":"12ba5cdd673aea2d2fb73dfee1ba22f3a5d85c55"}
,"/home/taba/myorders-pro/app/users.js": {"path":"/home/taba/myorders-pro/app/users.js","statementMap":{"0":{"start":{"line":1,"column":16},"end":{"line":1,"column":34}},"1":{"start":{"line":2,"column":15},"end":{"line":2,"column":31}},"2":{"start":{"line":4,"column":13},"end":{"line":4,"column":40}},"3":{"start":{"line":7,"column":0},"end":{"line":16,"column":2}},"4":{"start":{"line":8,"column":4},"end":{"line":15,"column":5}},"5":{"start":{"line":9,"column":29},"end":{"line":9,"column":46}},"6":{"start":{"line":10,"column":9},"end":{"line":10,"column":69}},"7":{"start":{"line":10,"column":44},"end":{"line":10,"column":69}},"8":{"start":{"line":11,"column":9},"end":{"line":11,"column":44}},"9":{"start":{"line":13,"column":6},"end":{"line":13,"column":62}},"10":{"start":{"line":13,"column":41},"end":{"line":13,"column":62}},"11":{"start":{"line":14,"column":8},"end":{"line":14,"column":102}},"12":{"start":{"line":19,"column":0},"end":{"line":32,"column":3}},"13":{"start":{"line":20,"column":4},"end":{"line":31,"column":5}},"14":{"start":{"line":21,"column":17},"end":{"line":21,"column":30}},"15":{"start":{"line":22,"column":19},"end":{"line":22,"column":42}},"16":{"start":{"line":23,"column":6},"end":{"line":27,"column":7}},"17":{"start":{"line":24,"column":8},"end":{"line":24,"column":23}},"18":{"start":{"line":26,"column":8},"end":{"line":26,"column":82}},"19":{"start":{"line":29,"column":6},"end":{"line":29,"column":62}},"20":{"start":{"line":29,"column":41},"end":{"line":29,"column":62}},"21":{"start":{"line":30,"column":6},"end":{"line":30,"column":98}},"22":{"start":{"line":35,"column":0},"end":{"line":48,"column":3}},"23":{"start":{"line":36,"column":2},"end":{"line":47,"column":3}},"24":{"start":{"line":37,"column":21},"end":{"line":37,"column":40}},"25":{"start":{"line":38,"column":17},"end":{"line":38,"column":60}},"26":{"start":{"line":39,"column":4},"end":{"line":43,"column":5}},"27":{"start":{"line":40,"column":6},"end":{"line":40,"column":21}},"28":{"start":{"line":42,"column":6},"end":{"line":42,"column":80}},"29":{"start":{"line":45,"column":4},"end":{"line":45,"column":60}},"30":{"start":{"line":45,"column":39},"end":{"line":45,"column":60}},"31":{"start":{"line":46,"column":4},"end":{"line":46,"column":96}},"32":{"start":{"line":51,"column":0},"end":{"line":68,"column":3}},"33":{"start":{"line":52,"column":2},"end":{"line":67,"column":3}},"34":{"start":{"line":53,"column":22},"end":{"line":53,"column":40}},"35":{"start":{"line":54,"column":22},"end":{"line":54,"column":44}},"36":{"start":{"line":55,"column":4},"end":{"line":64,"column":7}},"37":{"start":{"line":66,"column":4},"end":{"line":66,"column":50}},"38":{"start":{"line":71,"column":0},"end":{"line":78,"column":3}},"39":{"start":{"line":72,"column":2},"end":{"line":77,"column":3}},"40":{"start":{"line":73,"column":24},"end":{"line":73,"column":59}},"41":{"start":{"line":74,"column":4},"end":{"line":74,"column":38}},"42":{"start":{"line":76,"column":4},"end":{"line":76,"column":51}},"43":{"start":{"line":81,"column":0},"end":{"line":95,"column":3}},"44":{"start":{"line":82,"column":2},"end":{"line":94,"column":3}},"45":{"start":{"line":83,"column":4},"end":{"line":83,"column":61}},"46":{"start":{"line":83,"column":39},"end":{"line":83,"column":61}},"47":{"start":{"line":84,"column":4},"end":{"line":84,"column":61}},"48":{"start":{"line":84,"column":39},"end":{"line":84,"column":61}},"49":{"start":{"line":86,"column":24},"end":{"line":90,"column":5}},"50":{"start":{"line":91,"column":4},"end":{"line":91,"column":38}},"51":{"start":{"line":93,"column":4},"end":{"line":93,"column":51}},"52":{"start":{"line":98,"column":0},"end":{"line":105,"column":3}},"53":{"start":{"line":99,"column":2},"end":{"line":104,"column":3}},"54":{"start":{"line":100,"column":24},"end":{"line":100,"column":49}},"55":{"start":{"line":101,"column":4},"end":{"line":101,"column":38}},"56":{"start":{"line":103,"column":4},"end":{"line":103,"column":51}},"57":{"start":{"line":109,"column":0},"end":{"line":116,"column":3}},"58":{"start":{"line":110,"column":2},"end":{"line":115,"column":3}},"59":{"start":{"line":111,"column":24},"end":{"line":111,"column":67}},"60":{"start":{"line":112,"column":4},"end":{"line":112,"column":38}},"61":{"start":{"line":114,"column":4},"end":{"line":114,"column":51}},"62":{"start":{"line":118,"column":0},"end":{"line":118,"column":24}}},"fnMap":{"0":{"name":"(anonymous_0)","decl":{"start":{"line":7,"column":15},"end":{"line":7,"column":16}},"loc":{"start":{"line":7,"column":31},"end":{"line":16,"column":1}},"line":7},"1":{"name":"(anonymous_1)","decl":{"start":{"line":19,"column":19},"end":{"line":19,"column":20}},"loc":{"start":{"line":19,"column":39},"end":{"line":32,"column":1}},"line":19},"2":{"name":"(anonymous_2)","decl":{"start":{"line":35,"column":34},"end":{"line":35,"column":35}},"loc":{"start":{"line":35,"column":54},"end":{"line":48,"column":1}},"line":35},"3":{"name":"(anonymous_3)","decl":{"start":{"line":51,"column":16},"end":{"line":51,"column":17}},"loc":{"start":{"line":51,"column":36},"end":{"line":68,"column":1}},"line":51},"4":{"name":"(anonymous_4)","decl":{"start":{"line":71,"column":15},"end":{"line":71,"column":16}},"loc":{"start":{"line":71,"column":35},"end":{"line":78,"column":1}},"line":71},"5":{"name":"(anonymous_5)","decl":{"start":{"line":81,"column":19},"end":{"line":81,"column":20}},"loc":{"start":{"line":81,"column":39},"end":{"line":95,"column":1}},"line":81},"6":{"name":"(anonymous_6)","decl":{"start":{"line":98,"column":18},"end":{"line":98,"column":19}},"loc":{"start":{"line":98,"column":38},"end":{"line":105,"column":1}},"line":98},"7":{"name":"(anonymous_7)","decl":{"start":{"line":109,"column":22},"end":{"line":109,"column":23}},"loc":{"start":{"line":109,"column":42},"end":{"line":116,"column":1}},"line":109}},"branchMap":{"0":{"loc":{"start":{"line":10,"column":9},"end":{"line":10,"column":69}},"type":"if","locations":[{"start":{"line":10,"column":9},"end":{"line":10,"column":69}},{"start":{},"end":{}}],"line":10},"1":{"loc":{"start":{"line":13,"column":6},"end":{"line":13,"column":62}},"type":"if","locations":[{"start":{"line":13,"column":6},"end":{"line":13,"column":62}},{"start":{},"end":{}}],"line":13},"2":{"loc":{"start":{"line":23,"column":6},"end":{"line":27,"column":7}},"type":"if","locations":[{"start":{"line":23,"column":6},"end":{"line":27,"column":7}},{"start":{"line":25,"column":13},"end":{"line":27,"column":7}}],"line":23},"3":{"loc":{"start":{"line":29,"column":6},"end":{"line":29,"column":62}},"type":"if","locations":[{"start":{"line":29,"column":6},"end":{"line":29,"column":62}},{"start":{},"end":{}}],"line":29},"4":{"loc":{"start":{"line":39,"column":4},"end":{"line":43,"column":5}},"type":"if","locations":[{"start":{"line":39,"column":4},"end":{"line":43,"column":5}},{"start":{"line":41,"column":11},"end":{"line":43,"column":5}}],"line":39},"5":{"loc":{"start":{"line":45,"column":4},"end":{"line":45,"column":60}},"type":"if","locations":[{"start":{"line":45,"column":4},"end":{"line":45,"column":60}},{"start":{},"end":{}}],"line":45},"6":{"loc":{"start":{"line":83,"column":4},"end":{"line":83,"column":61}},"type":"if","locations":[{"start":{"line":83,"column":4},"end":{"line":83,"column":61}},{"start":{},"end":{}}],"line":83},"7":{"loc":{"start":{"line":84,"column":4},"end":{"line":84,"column":61}},"type":"if","locations":[{"start":{"line":84,"column":4},"end":{"line":84,"column":61}},{"start":{},"end":{}}],"line":84}},"s":{"0":11,"1":11,"2":11,"3":11,"4":0,"5":0,"6":0,"7":0,"8":0,"9":0,"10":0,"11":0,"12":11,"13":0,"14":0,"15":0,"16":0,"17":0,"18":0,"19":0,"20":0,"21":0,"22":11,"23":0,"24":0,"25":0,"26":0,"27":0,"28":0,"29":0,"30":0,"31":0,"32":11,"33":0,"34":0,"35":0,"36":0,"37":0,"38":11,"39":0,"40":0,"41":0,"42":0,"43":11,"44":0,"45":0,"46":0,"47":0,"48":0,"49":0,"50":0,"51":0,"52":11,"53":0,"54":0,"55":0,"56":0,"57":11,"58":0,"59":0,"60":0,"61":0,"62":11},"f":{"0":0,"1":0,"2":0,"3":0,"4":0,"5":0,"6":0,"7":0},"b":{"0":[0,0],"1":[0,0],"2":[0,0],"3":[0,0],"4":[0,0],"5":[0,0],"6":[0,0],"7":[0,0]},"_coverageSchema":"1a1c01bbd47fc00a2c39e90264f33305004495a9","hash":"8b98447a4cedba89308d7c5fb3cfb42005101e49"}
,"/home/taba/myorders-pro/app/models/articolo.js": {"path":"/home/taba/myorders-pro/app/models/articolo.js","statementMap":{"0":{"start":{"line":1,"column":21},"end":{"line":1,"column":39}},"1":{"start":{"line":2,"column":15},"end":{"line":2,"column":34}},"2":{"start":{"line":3,"column":13},"end":{"line":3,"column":28}},"3":{"start":{"line":5,"column":23},"end":{"line":18,"column":2}},"4":{"start":{"line":20,"column":15},"end":{"line":20,"column":56}},"5":{"start":{"line":22,"column":0},"end":{"line":22,"column":24}}},"fnMap":{},"branchMap":{},"s":{"0":11,"1":11,"2":11,"3":11,"4":11,"5":11},"f":{},"b":{},"_coverageSchema":"1a1c01bbd47fc00a2c39e90264f33305004495a9","hash":"bbd3e06cd2bed429fe79808fa03c0934c522a85f"}
,"/home/taba/myorders-pro/app/models/azienda.js": {"path":"/home/taba/myorders-pro/app/models/azienda.js","statementMap":{"0":{"start":{"line":1,"column":17},"end":{"line":1,"column":36}},"1":{"start":{"line":2,"column":13},"end":{"line":2,"column":28}},"2":{"start":{"line":4,"column":22},"end":{"line":12,"column":2}},"3":{"start":{"line":14,"column":16},"end":{"line":14,"column":56}},"4":{"start":{"line":16,"column":0},"end":{"line":16,"column":25}}},"fnMap":{},"branchMap":{},"s":{"0":11,"1":11,"2":11,"3":11,"4":11},"f":{},"b":{},"_coverageSchema":"1a1c01bbd47fc00a2c39e90264f33305004495a9","hash":"15fe7734cc2dbebf8d60a5d7d0b535ac9c7ba53a"}
,"/home/taba/myorders-pro/app/models/catalogo.js": {"path":"/home/taba/myorders-pro/app/models/catalogo.js","statementMap":{"0":{"start":{"line":1,"column":17},"end":{"line":1,"column":36}},"1":{"start":{"line":2,"column":13},"end":{"line":2,"column":28}},"2":{"start":{"line":4,"column":23},"end":{"line":12,"column":2}},"3":{"start":{"line":14,"column":17},"end":{"line":14,"column":59}},"4":{"start":{"line":16,"column":0},"end":{"line":16,"column":26}}},"fnMap":{},"branchMap":{},"s":{"0":11,"1":11,"2":11,"3":11,"4":11},"f":{},"b":{},"_coverageSchema":"1a1c01bbd47fc00a2c39e90264f33305004495a9","hash":"192d89b64d1977ad47fa5ea4e5aa95f2540a2a7f"}
,"/home/taba/myorders-pro/app/models/chiave.js": {"path":"/home/taba/myorders-pro/app/models/chiave.js","statementMap":{"0":{"start":{"line":1,"column":15},"end":{"line":1,"column":34}},"1":{"start":{"line":2,"column":13},"end":{"line":2,"column":28}},"2":{"start":{"line":4,"column":21},"end":{"line":10,"column":2}},"3":{"start":{"line":12,"column":13},"end":{"line":12,"column":50}},"4":{"start":{"line":14,"column":0},"end":{"line":14,"column":22}}},"fnMap":{},"branchMap":{},"s":{"0":11,"1":11,"2":11,"3":11,"4":11},"f":{},"b":{},"_coverageSchema":"1a1c01bbd47fc00a2c39e90264f33305004495a9","hash":"f17212637cde0b0d925ca318e4402e274c1ec72e"}
,"/home/taba/myorders-pro/app/models/cliente.js": {"path":"/home/taba/myorders-pro/app/models/cliente.js","statementMap":{"0":{"start":{"line":1,"column":17},"end":{"line":1,"column":36}},"1":{"start":{"line":2,"column":13},"end":{"line":2,"column":28}},"2":{"start":{"line":4,"column":22},"end":{"line":11,"column":2}},"3":{"start":{"line":13,"column":16},"end":{"line":13,"column":56}},"4":{"start":{"line":15,"column":0},"end":{"line":15,"column":25}}},"fnMap":{},"branchMap":{},"s":{"0":11,"1":11,"2":11,"3":11,"4":11},"f":{},"b":{},"_coverageSchema":"1a1c01bbd47fc00a2c39e90264f33305004495a9","hash":"9a38d27b74d39ec06bf705776525d23ee4e3609c"}
,"/home/taba/myorders-pro/app/models/dipendente.js": {"path":"/home/taba/myorders-pro/app/models/dipendente.js","statementMap":{"0":{"start":{"line":1,"column":17},"end":{"line":1,"column":36}},"1":{"start":{"line":2,"column":13},"end":{"line":2,"column":28}},"2":{"start":{"line":4,"column":25},"end":{"line":10,"column":2}},"3":{"start":{"line":12,"column":19},"end":{"line":12,"column":65}},"4":{"start":{"line":14,"column":0},"end":{"line":14,"column":28}}},"fnMap":{},"branchMap":{},"s":{"0":11,"1":11,"2":11,"3":11,"4":11},"f":{},"b":{},"_coverageSchema":"1a1c01bbd47fc00a2c39e90264f33305004495a9","hash":"22d14ae4d7de0a7434a060e436e9caa339b1bafa"}
,"/home/taba/myorders-pro/app/models/ordine.js": {"path":"/home/taba/myorders-pro/app/models/ordine.js","statementMap":{"0":{"start":{"line":1,"column":17},"end":{"line":1,"column":36}},"1":{"start":{"line":2,"column":13},"end":{"line":2,"column":28}},"2":{"start":{"line":4,"column":21},"end":{"line":17,"column":2}},"3":{"start":{"line":19,"column":15},"end":{"line":19,"column":53}},"4":{"start":{"line":21,"column":0},"end":{"line":21,"column":24}}},"fnMap":{},"branchMap":{},"s":{"0":11,"1":11,"2":11,"3":11,"4":11},"f":{},"b":{},"_coverageSchema":"1a1c01bbd47fc00a2c39e90264f33305004495a9","hash":"699988e34362f16dde7e118980f5ca9ca7659062"}
,"/home/taba/myorders-pro/app/models/subagente.js": {"path":"/home/taba/myorders-pro/app/models/subagente.js","statementMap":{"0":{"start":{"line":1,"column":17},"end":{"line":1,"column":36}},"1":{"start":{"line":2,"column":13},"end":{"line":2,"column":28}},"2":{"start":{"line":4,"column":24},"end":{"line":13,"column":2}},"3":{"start":{"line":15,"column":18},"end":{"line":15,"column":62}},"4":{"start":{"line":17,"column":0},"end":{"line":17,"column":27}}},"fnMap":{},"branchMap":{},"s":{"0":11,"1":11,"2":11,"3":11,"4":11},"f":{},"b":{},"_coverageSchema":"1a1c01bbd47fc00a2c39e90264f33305004495a9","hash":"6e8421ea980cdab6ea7fe4201245ef50a6f1b621"}
,"/home/taba/myorders-pro/app/models/tecnico.js": {"path":"/home/taba/myorders-pro/app/models/tecnico.js","statementMap":{"0":{"start":{"line":1,"column":17},"end":{"line":1,"column":36}},"1":{"start":{"line":2,"column":13},"end":{"line":2,"column":28}},"2":{"start":{"line":4,"column":22},"end":{"line":10,"column":2}},"3":{"start":{"line":12,"column":16},"end":{"line":12,"column":56}},"4":{"start":{"line":14,"column":0},"end":{"line":14,"column":25}}},"fnMap":{},"branchMap":{},"s":{"0":11,"1":11,"2":11,"3":11,"4":11},"f":{},"b":{},"_coverageSchema":"1a1c01bbd47fc00a2c39e90264f33305004495a9","hash":"ce80fb3cd7a8cc6dffb1bc2d6937050898a6c813"}
,"/home/taba/myorders-pro/app/models/user.js": {"path":"/home/taba/myorders-pro/app/models/user.js","statementMap":{"0":{"start":{"line":1,"column":15},"end":{"line":1,"column":34}},"1":{"start":{"line":2,"column":13},"end":{"line":2,"column":28}},"2":{"start":{"line":4,"column":17},"end":{"line":16,"column":2}},"3":{"start":{"line":18,"column":11},"end":{"line":18,"column":44}},"4":{"start":{"line":20,"column":0},"end":{"line":20,"column":20}}},"fnMap":{},"branchMap":{},"s":{"0":11,"1":11,"2":11,"3":11,"4":11},"f":{},"b":{},"_coverageSchema":"1a1c01bbd47fc00a2c39e90264f33305004495a9","hash":"9212e2eab7d6871a1ddd9252f150e19e7c891e86"}
}
