TN:
SF:app/app.js
FN:23,(anonymous_0)
FN:84,(anonymous_1)
FN:129,(anonymous_2)
FNF:3
FNH:2
FNDA:6,(anonymous_0)
FNDA:5,(anonymous_1)
FNDA:0,(anonymous_2)
DA:1,6
DA:2,6
DA:4,6
DA:5,6
DA:7,6
DA:8,6
DA:9,6
DA:10,6
DA:11,6
DA:12,6
DA:13,6
DA:14,6
DA:15,6
DA:16,6
DA:18,6
DA:23,6
DA:24,6
DA:27,6
DA:28,6
DA:29,6
DA:30,6
DA:33,0
DA:34,0
DA:37,6
DA:38,6
DA:39,6
DA:40,6
DA:43,0
DA:44,0
DA:47,6
DA:48,6
DA:49,6
DA:50,6
DA:53,0
DA:54,0
DA:57,6
DA:59,6
DA:62,6
DA:66,6
DA:71,6
DA:72,6
DA:77,6
DA:79,6
DA:84,6
DA:85,5
DA:86,5
DA:92,6
DA:102,6
DA:103,6
DA:104,6
DA:105,6
DA:106,6
DA:107,6
DA:108,6
DA:109,6
DA:110,6
DA:111,6
DA:117,6
DA:118,6
DA:119,6
DA:120,6
DA:121,6
DA:122,6
DA:123,6
DA:124,6
DA:125,6
DA:126,6
DA:129,6
DA:130,0
DA:131,0
DA:134,6
LF:71
LH:63
BRDA:24,0,0,6
BRDA:24,0,1,0
BRDA:30,1,0,0
BRDA:30,1,1,6
BRDA:33,2,0,0
BRDA:33,2,1,0
BRDA:40,3,0,0
BRDA:40,3,1,6
BRDA:43,4,0,0
BRDA:43,4,1,0
BRDA:50,5,0,0
BRDA:50,5,1,6
BRDA:53,6,0,0
BRDA:53,6,1,0
BRDA:57,7,0,0
BRDA:57,7,1,6
BRDA:77,8,0,6
BRDA:77,8,1,6
BRDA:85,9,0,0
BRDA:85,9,1,5
BRF:20
BRH:8
end_of_record
TN:
SF:app/articoli.js
FN:12,(anonymous_0)
FN:29,(anonymous_1)
FN:45,(anonymous_2)
FN:65,(anonymous_3)
FN:75,(anonymous_4)
FN:89,(anonymous_5)
FN:100,(anonymous_6)
FN:113,(anonymous_7)
FN:119,(anonymous_8)
FN:122,(anonymous_9)
FN:132,insertRecordToMongoDB
FNF:11
FNH:1
FNDA:0,(anonymous_0)
FNDA:1,(anonymous_1)
FNDA:0,(anonymous_2)
FNDA:0,(anonymous_3)
FNDA:0,(anonymous_4)
FNDA:0,(anonymous_5)
FNDA:0,(anonymous_6)
FNDA:0,(anonymous_7)
FNDA:0,(anonymous_8)
FNDA:0,(anonymous_9)
FNDA:0,insertRecordToMongoDB
DA:1,6
DA:2,6
DA:4,6
DA:5,6
DA:7,6
DA:9,6
DA:12,6
DA:13,0
DA:14,0
DA:15,0
DA:16,0
DA:17,0
DA:19,0
DA:23,0
DA:24,0
DA:29,6
DA:30,1
DA:31,1
DA:32,1
DA:33,1
DA:34,1
DA:36,0
DA:39,0
DA:40,0
DA:45,6
DA:46,0
DA:47,0
DA:48,0
DA:49,0
DA:60,0
DA:65,6
DA:66,0
DA:67,0
DA:68,0
DA:70,0
DA:75,6
DA:76,0
DA:77,0
DA:82,0
DA:84,0
DA:89,6
DA:90,0
DA:91,0
DA:92,0
DA:94,0
DA:100,6
DA:101,0
DA:102,0
DA:103,0
DA:105,0
DA:111,6
DA:113,6
DA:114,0
DA:115,0
DA:117,0
DA:120,0
DA:123,0
DA:124,0
DA:127,0
DA:128,0
DA:133,0
DA:134,0
DA:135,0
DA:136,0
DA:138,0
DA:139,0
DA:141,0
DA:145,6
LF:68
LH:21
BRDA:15,0,0,0
BRDA:15,0,1,0
BRDA:16,1,0,0
BRDA:16,1,1,0
BRDA:23,2,0,0
BRDA:23,2,1,0
BRDA:33,3,0,1
BRDA:33,3,1,0
BRDA:39,4,0,0
BRDA:39,4,1,0
BRDA:123,5,0,0
BRDA:123,5,1,0
BRDA:127,6,0,0
BRDA:127,6,1,0
BRDA:139,7,0,0
BRDA:139,7,1,0
BRDA:141,8,0,0
BRDA:141,8,1,0
BRF:18
BRH:1
end_of_record
TN:
SF:app/authentication.js
FN:9,(anonymous_0)
FNF:1
FNH:0
FNDA:0,(anonymous_0)
DA:1,6
DA:2,6
DA:3,6
DA:4,6
DA:9,6
DA:11,0
DA:13,0
DA:16,0
DA:20,0
DA:21,0
DA:22,0
DA:23,0
DA:24,0
DA:27,0
DA:28,0
DA:29,0
DA:30,0
DA:33,0
DA:37,0
DA:41,0
DA:47,0
DA:51,0
DA:53,0
DA:64,6
LF:24
LH:6
BRDA:13,0,0,0
BRDA:13,0,1,0
BRDA:20,1,0,0
BRDA:20,1,1,0
BRDA:21,2,0,0
BRDA:21,2,1,0
BRDA:22,3,0,0
BRDA:22,3,1,0
BRDA:27,4,0,0
BRDA:27,4,1,0
BRDA:28,5,0,0
BRDA:28,5,1,0
BRF:12
BRH:0
end_of_record
TN:
SF:app/aziende.js
FN:7,(anonymous_0)
FN:20,(anonymous_1)
FN:34,(anonymous_2)
FN:54,(anonymous_3)
FN:64,(anonymous_4)
FN:76,(anonymous_5)
FN:86,(anonymous_6)
FNF:7
FNH:1
FNDA:0,(anonymous_0)
FNDA:0,(anonymous_1)
FNDA:0,(anonymous_2)
FNDA:0,(anonymous_3)
FNDA:0,(anonymous_4)
FNDA:0,(anonymous_5)
FNDA:1,(anonymous_6)
DA:1,6
DA:2,6
DA:4,6
DA:7,6
DA:8,0
DA:9,0
DA:11,0
DA:12,0
DA:14,0
DA:15,0
DA:20,6
DA:21,0
DA:22,0
DA:23,0
DA:25,0
DA:26,0
DA:28,0
DA:29,0
DA:34,6
DA:35,0
DA:36,0
DA:37,0
DA:38,0
DA:49,0
DA:54,6
DA:55,0
DA:56,0
DA:57,0
DA:59,0
DA:64,6
DA:65,0
DA:66,0
DA:67,0
DA:68,0
DA:69,0
DA:71,0
DA:76,6
DA:77,0
DA:78,0
DA:79,0
DA:81,0
DA:86,6
DA:87,1
DA:88,1
DA:89,1
DA:90,1
DA:92,0
DA:96,6
LF:48
LH:15
BRDA:11,0,0,0
BRDA:11,0,1,0
BRDA:14,1,0,0
BRDA:14,1,1,0
BRDA:25,2,0,0
BRDA:25,2,1,0
BRDA:28,3,0,0
BRDA:28,3,1,0
BRF:8
BRH:0
end_of_record
TN:
SF:app/cataloghi.js
FN:7,(anonymous_0)
FN:23,(anonymous_1)
FN:40,(anonymous_2)
FN:60,(anonymous_3)
FN:70,(anonymous_4)
FN:82,(anonymous_5)
FN:92,(anonymous_6)
FNF:7
FNH:1
FNDA:0,(anonymous_0)
FNDA:1,(anonymous_1)
FNDA:0,(anonymous_2)
FNDA:0,(anonymous_3)
FNDA:0,(anonymous_4)
FNDA:0,(anonymous_5)
FNDA:0,(anonymous_6)
DA:1,6
DA:2,6
DA:4,6
DA:7,6
DA:8,0
DA:9,0
DA:11,0
DA:12,0
DA:14,0
DA:17,0
DA:18,0
DA:23,6
DA:24,1
DA:25,1
DA:26,1
DA:28,1
DA:29,1
DA:31,0
DA:34,0
DA:35,0
DA:40,6
DA:41,0
DA:42,0
DA:43,0
DA:44,0
DA:55,0
DA:60,6
DA:61,0
DA:62,0
DA:63,0
DA:65,0
DA:70,6
DA:71,0
DA:72,0
DA:73,0
DA:74,0
DA:75,0
DA:77,0
DA:82,6
DA:83,0
DA:84,0
DA:85,0
DA:87,0
DA:92,6
DA:93,0
DA:94,0
DA:95,0
DA:96,0
DA:98,0
DA:102,6
LF:50
LH:16
BRDA:11,0,0,0
BRDA:11,0,1,0
BRDA:17,1,0,0
BRDA:17,1,1,0
BRDA:28,2,0,1
BRDA:28,2,1,0
BRDA:34,3,0,0
BRDA:34,3,1,0
BRF:8
BRH:1
end_of_record
TN:
SF:app/clienti.js
FN:7,(anonymous_0)
FN:24,(anonymous_1)
FN:40,(anonymous_2)
FN:61,(anonymous_3)
FN:71,(anonymous_4)
FN:83,(anonymous_5)
FN:93,(anonymous_6)
FNF:7
FNH:1
FNDA:0,(anonymous_0)
FNDA:1,(anonymous_1)
FNDA:0,(anonymous_2)
FNDA:0,(anonymous_3)
FNDA:0,(anonymous_4)
FNDA:0,(anonymous_5)
FNDA:0,(anonymous_6)
DA:1,6
DA:2,6
DA:4,6
DA:7,6
DA:8,0
DA:10,0
DA:12,0
DA:13,0
DA:15,0
DA:18,0
DA:19,0
DA:24,6
DA:25,1
DA:26,1
DA:27,1
DA:28,1
DA:29,1
DA:31,0
DA:34,0
DA:35,0
DA:40,6
DA:41,0
DA:42,0
DA:43,0
DA:44,0
DA:45,0
DA:56,0
DA:61,6
DA:62,0
DA:63,0
DA:64,0
DA:66,0
DA:71,6
DA:72,0
DA:73,0
DA:74,0
DA:75,0
DA:76,0
DA:78,0
DA:83,6
DA:84,0
DA:85,0
DA:86,0
DA:88,0
DA:93,6
DA:94,0
DA:95,0
DA:96,0
DA:97,0
DA:99,0
DA:103,6
LF:51
LH:16
BRDA:12,0,0,0
BRDA:12,0,1,0
BRDA:18,1,0,0
BRDA:18,1,1,0
BRDA:28,2,0,1
BRDA:28,2,1,0
BRDA:34,3,0,0
BRDA:34,3,1,0
BRDA:42,4,0,0
BRDA:42,4,1,0
BRF:10
BRH:1
end_of_record
TN:
SF:app/dipendenti.js
FN:7,(anonymous_0)
FN:19,(anonymous_1)
FN:33,(anonymous_2)
FN:53,(anonymous_3)
FN:63,(anonymous_4)
FN:75,(anonymous_5)
FN:85,(anonymous_6)
FNF:7
FNH:0
FNDA:0,(anonymous_0)
FNDA:0,(anonymous_1)
FNDA:0,(anonymous_2)
FNDA:0,(anonymous_3)
FNDA:0,(anonymous_4)
FNDA:0,(anonymous_5)
FNDA:0,(anonymous_6)
DA:1,6
DA:2,6
DA:4,6
DA:7,6
DA:8,0
DA:9,0
DA:10,0
DA:11,0
DA:13,0
DA:14,0
DA:19,6
DA:20,0
DA:21,0
DA:22,0
DA:24,0
DA:25,0
DA:27,0
DA:28,0
DA:33,6
DA:34,0
DA:35,0
DA:36,0
DA:37,0
DA:48,0
DA:53,6
DA:54,0
DA:55,0
DA:56,0
DA:58,0
DA:63,6
DA:64,0
DA:65,0
DA:66,0
DA:67,0
DA:68,0
DA:70,0
DA:75,6
DA:76,0
DA:77,0
DA:78,0
DA:80,0
DA:85,6
DA:86,0
DA:87,0
DA:88,0
DA:89,0
DA:91,0
DA:95,6
LF:48
LH:11
BRDA:10,0,0,0
BRDA:10,0,1,0
BRDA:13,1,0,0
BRDA:13,1,1,0
BRDA:24,2,0,0
BRDA:24,2,1,0
BRDA:27,3,0,0
BRDA:27,3,1,0
BRF:8
BRH:0
end_of_record
TN:
SF:app/ordini.js
FN:7,(anonymous_0)
FN:24,(anonymous_1)
FN:41,(anonymous_2)
FN:61,(anonymous_3)
FN:71,(anonymous_4)
FN:83,(anonymous_5)
FN:93,(anonymous_6)
FNF:7
FNH:0
FNDA:0,(anonymous_0)
FNDA:0,(anonymous_1)
FNDA:0,(anonymous_2)
FNDA:0,(anonymous_3)
FNDA:0,(anonymous_4)
FNDA:0,(anonymous_5)
FNDA:0,(anonymous_6)
DA:1,6
DA:2,6
DA:4,6
DA:7,6
DA:8,0
DA:9,0
DA:11,0
DA:12,0
DA:14,0
DA:18,0
DA:19,0
DA:24,6
DA:25,0
DA:26,0
DA:27,0
DA:29,0
DA:30,0
DA:32,0
DA:35,0
DA:36,0
DA:41,6
DA:42,0
DA:43,0
DA:44,0
DA:45,0
DA:56,0
DA:61,6
DA:62,0
DA:63,0
DA:64,0
DA:66,0
DA:71,6
DA:72,0
DA:73,0
DA:74,0
DA:75,0
DA:76,0
DA:78,0
DA:83,6
DA:84,0
DA:85,0
DA:86,0
DA:88,0
DA:93,6
DA:94,0
DA:95,0
DA:96,0
DA:97,0
DA:99,0
DA:103,6
LF:50
LH:11
BRDA:11,0,0,0
BRDA:11,0,1,0
BRDA:18,1,0,0
BRDA:18,1,1,0
BRDA:29,2,0,0
BRDA:29,2,1,0
BRDA:35,3,0,0
BRDA:35,3,1,0
BRF:8
BRH:0
end_of_record
TN:
SF:app/reimpostaPassword.js
FN:8,(anonymous_0)
FN:37,(anonymous_1)
FN:42,(anonymous_2)
FNF:3
FNH:0
FNDA:0,(anonymous_0)
FNDA:0,(anonymous_1)
FNDA:0,(anonymous_2)
DA:1,6
DA:2,6
DA:4,6
DA:5,6
DA:8,6
DA:10,0
DA:12,0
DA:13,0
DA:15,0
DA:17,0
DA:20,0
DA:21,0
DA:23,0
DA:27,0
DA:28,0
DA:29,0
DA:37,0
DA:38,0
DA:39,0
DA:40,0
DA:43,0
DA:47,0
DA:51,0
DA:54,0
DA:55,0
DA:59,6
LF:26
LH:6
BRDA:10,0,0,0
BRDA:10,0,1,0
BRDA:15,1,0,0
BRDA:15,1,1,0
BRDA:20,2,0,0
BRDA:20,2,1,0
BRDA:21,3,0,0
BRDA:21,3,1,0
BRDA:27,4,0,0
BRDA:27,4,1,0
BRDA:28,5,0,0
BRDA:28,5,1,0
BRDA:38,6,0,0
BRDA:38,6,1,0
BRDA:39,7,0,0
BRDA:39,7,1,0
BRDA:43,8,0,0
BRDA:43,8,1,0
BRDA:54,9,0,0
BRDA:54,9,1,0
BRF:20
BRH:0
end_of_record
TN:
SF:app/subagenti.js
FN:7,(anonymous_0)
FN:23,(anonymous_1)
FN:40,(anonymous_2)
FN:60,(anonymous_3)
FN:70,(anonymous_4)
FN:82,(anonymous_5)
FN:92,(anonymous_6)
FNF:7
FNH:0
FNDA:0,(anonymous_0)
FNDA:0,(anonymous_1)
FNDA:0,(anonymous_2)
FNDA:0,(anonymous_3)
FNDA:0,(anonymous_4)
FNDA:0,(anonymous_5)
FNDA:0,(anonymous_6)
DA:1,6
DA:2,6
DA:4,6
DA:7,6
DA:8,0
DA:9,0
DA:11,0
DA:12,0
DA:14,0
DA:17,0
DA:18,0
DA:23,6
DA:24,0
DA:25,0
DA:26,0
DA:28,0
DA:29,0
DA:31,0
DA:34,0
DA:35,0
DA:40,6
DA:41,0
DA:42,0
DA:43,0
DA:44,0
DA:55,0
DA:60,6
DA:61,0
DA:62,0
DA:63,0
DA:65,0
DA:70,6
DA:71,0
DA:72,0
DA:73,0
DA:74,0
DA:75,0
DA:77,0
DA:82,6
DA:83,0
DA:84,0
DA:85,0
DA:87,0
DA:92,6
DA:93,0
DA:94,0
DA:95,0
DA:96,0
DA:98,0
DA:102,6
LF:50
LH:11
BRDA:11,0,0,0
BRDA:11,0,1,0
BRDA:17,1,0,0
BRDA:17,1,1,0
BRDA:28,2,0,0
BRDA:28,2,1,0
BRDA:34,3,0,0
BRDA:34,3,1,0
BRF:8
BRH:0
end_of_record
TN:
SF:app/tecnici.js
FN:7,(anonymous_0)
FN:20,(anonymous_1)
FN:34,(anonymous_2)
FN:54,(anonymous_3)
FN:64,(anonymous_4)
FN:76,(anonymous_5)
FN:86,(anonymous_6)
FNF:7
FNH:0
FNDA:0,(anonymous_0)
FNDA:0,(anonymous_1)
FNDA:0,(anonymous_2)
FNDA:0,(anonymous_3)
FNDA:0,(anonymous_4)
FNDA:0,(anonymous_5)
FNDA:0,(anonymous_6)
DA:1,6
DA:2,6
DA:4,6
DA:7,6
DA:8,0
DA:9,0
DA:11,0
DA:12,0
DA:14,0
DA:15,0
DA:20,6
DA:21,0
DA:22,0
DA:23,0
DA:25,0
DA:26,0
DA:28,0
DA:29,0
DA:34,6
DA:35,0
DA:36,0
DA:37,0
DA:38,0
DA:49,0
DA:54,6
DA:55,0
DA:56,0
DA:57,0
DA:59,0
DA:64,6
DA:65,0
DA:66,0
DA:67,0
DA:68,0
DA:69,0
DA:71,0
DA:76,6
DA:77,0
DA:78,0
DA:79,0
DA:81,0
DA:86,6
DA:87,0
DA:88,0
DA:89,0
DA:90,0
DA:92,0
DA:96,6
LF:48
LH:11
BRDA:11,0,0,0
BRDA:11,0,1,0
BRDA:14,1,0,0
BRDA:14,1,1,0
BRDA:25,2,0,0
BRDA:25,2,1,0
BRDA:28,3,0,0
BRDA:28,3,1,0
BRF:8
BRH:0
end_of_record
TN:
SF:app/tokenChecker.js
FN:3,(anonymous_0)
FN:30,(anonymous_1)
FNF:2
FNH:1
FNDA:5,(anonymous_0)
FNDA:0,(anonymous_1)
DA:1,6
DA:3,6
DA:5,5
DA:6,5
DA:8,5
DA:11,5
DA:14,5
DA:15,0
DA:21,5
DA:23,5
DA:24,5
DA:25,5
DA:30,0
DA:31,0
DA:32,0
DA:38,0
DA:39,0
DA:40,0
DA:47,6
LF:19
LH:12
BRDA:8,0,0,0
BRDA:8,0,1,5
BRDA:11,1,0,5
BRDA:11,1,1,5
BRDA:11,1,2,5
BRDA:14,2,0,0
BRDA:14,2,1,5
BRDA:21,3,0,5
BRDA:21,3,1,0
BRDA:23,4,0,0
BRDA:23,4,1,5
BRDA:31,5,0,0
BRDA:31,5,1,0
BRDA:38,6,0,0
BRDA:38,6,1,0
BRF:15
BRH:7
end_of_record
TN:
SF:app/users.js
FN:7,(anonymous_0)
FN:19,(anonymous_1)
FN:35,(anonymous_2)
FN:51,(anonymous_3)
FN:71,(anonymous_4)
FN:81,(anonymous_5)
FN:98,(anonymous_6)
FN:109,(anonymous_7)
FNF:8
FNH:1
FNDA:0,(anonymous_0)
FNDA:1,(anonymous_1)
FNDA:0,(anonymous_2)
FNDA:0,(anonymous_3)
FNDA:0,(anonymous_4)
FNDA:0,(anonymous_5)
FNDA:0,(anonymous_6)
FNDA:0,(anonymous_7)
DA:1,6
DA:2,6
DA:4,6
DA:7,6
DA:8,0
DA:9,0
DA:10,0
DA:11,0
DA:13,0
DA:14,0
DA:19,6
DA:20,1
DA:21,1
DA:22,1
DA:23,1
DA:24,1
DA:26,0
DA:29,0
DA:30,0
DA:35,6
DA:36,0
DA:37,0
DA:38,0
DA:39,0
DA:40,0
DA:42,0
DA:45,0
DA:46,0
DA:51,6
DA:52,0
DA:53,0
DA:54,0
DA:55,0
DA:66,0
DA:71,6
DA:72,0
DA:73,0
DA:74,0
DA:76,0
DA:81,6
DA:82,0
DA:83,0
DA:84,0
DA:86,0
DA:91,0
DA:93,0
DA:98,6
DA:99,0
DA:100,0
DA:101,0
DA:103,0
DA:109,6
DA:110,0
DA:111,0
DA:112,0
DA:114,0
DA:118,6
LF:57
LH:17
BRDA:10,0,0,0
BRDA:10,0,1,0
BRDA:13,1,0,0
BRDA:13,1,1,0
BRDA:23,2,0,1
BRDA:23,2,1,0
BRDA:29,3,0,0
BRDA:29,3,1,0
BRDA:39,4,0,0
BRDA:39,4,1,0
BRDA:45,5,0,0
BRDA:45,5,1,0
BRDA:83,6,0,0
BRDA:83,6,1,0
BRDA:84,7,0,0
BRDA:84,7,1,0
BRF:16
BRH:1
end_of_record
TN:
SF:app/models/articolo.js
FNF:0
FNH:0
DA:1,6
DA:2,6
DA:4,6
DA:18,6
DA:20,6
LF:5
LH:5
BRF:0
BRH:0
end_of_record
TN:
SF:app/models/azienda.js
FNF:0
FNH:0
DA:1,6
DA:2,6
DA:4,6
DA:14,6
DA:16,6
LF:5
LH:5
BRF:0
BRH:0
end_of_record
TN:
SF:app/models/catalogo.js
FNF:0
FNH:0
DA:1,6
DA:2,6
DA:4,6
DA:14,6
DA:16,6
LF:5
LH:5
BRF:0
BRH:0
end_of_record
TN:
SF:app/models/chiave.js
FNF:0
FNH:0
DA:1,6
DA:2,6
DA:4,6
DA:12,6
DA:14,6
LF:5
LH:5
BRF:0
BRH:0
end_of_record
TN:
SF:app/models/cliente.js
FNF:0
FNH:0
DA:1,6
DA:2,6
DA:4,6
DA:13,6
DA:15,6
LF:5
LH:5
BRF:0
BRH:0
end_of_record
TN:
SF:app/models/dipendente.js
FNF:0
FNH:0
DA:1,6
DA:2,6
DA:4,6
DA:12,6
DA:14,6
LF:5
LH:5
BRF:0
BRH:0
end_of_record
TN:
SF:app/models/ordine.js
FNF:0
FNH:0
DA:1,6
DA:2,6
DA:4,6
DA:18,6
DA:20,6
LF:5
LH:5
BRF:0
BRH:0
end_of_record
TN:
SF:app/models/subagente.js
FNF:0
FNH:0
DA:1,6
DA:2,6
DA:4,6
DA:16,6
DA:18,6
LF:5
LH:5
BRF:0
BRH:0
end_of_record
TN:
SF:app/models/tecnico.js
FNF:0
FNH:0
DA:1,6
DA:2,6
DA:4,6
DA:12,6
DA:14,6
LF:5
LH:5
BRF:0
BRH:0
end_of_record
TN:
SF:app/models/user.js
FNF:0
FNH:0
DA:1,6
DA:2,6
DA:4,6
DA:18,6
DA:20,6
LF:5
LH:5
BRF:0
BRH:0
end_of_record
