TN:
SF:app/app.js
FN:24,(anonymous_0)
FN:85,(anonymous_1)
FN:132,(anonymous_2)
FNF:3
FNH:2
FNDA:1,(anonymous_0)
FNDA:1,(anonymous_1)
FNDA:0,(anonymous_2)
DA:1,11
DA:2,11
DA:4,11
DA:5,11
DA:7,11
DA:8,11
DA:9,11
DA:10,11
DA:11,11
DA:12,11
DA:13,11
DA:14,11
DA:15,11
DA:16,11
DA:17,11
DA:19,11
DA:24,11
DA:25,1
DA:28,1
DA:29,1
DA:30,1
DA:31,1
DA:34,0
DA:35,0
DA:38,1
DA:39,1
DA:40,1
DA:41,1
DA:44,0
DA:45,0
DA:48,1
DA:49,1
DA:50,1
DA:51,1
DA:54,0
DA:55,0
DA:58,1
DA:60,1
DA:63,1
DA:67,11
DA:72,11
DA:73,11
DA:78,11
DA:80,11
DA:85,11
DA:86,1
DA:87,1
DA:93,11
DA:103,11
DA:104,11
DA:105,11
DA:106,11
DA:107,11
DA:108,11
DA:109,11
DA:110,11
DA:111,11
DA:112,11
DA:113,11
DA:119,11
DA:120,11
DA:121,11
DA:122,11
DA:123,11
DA:124,11
DA:125,11
DA:126,11
DA:127,11
DA:128,11
DA:129,11
DA:132,11
DA:133,0
DA:134,0
DA:137,11
LF:74
LH:66
BRDA:25,0,0,1
BRDA:25,0,1,0
BRDA:31,1,0,0
BRDA:31,1,1,1
BRDA:34,2,0,0
BRDA:34,2,1,0
BRDA:41,3,0,0
BRDA:41,3,1,1
BRDA:44,4,0,0
BRDA:44,4,1,0
BRDA:51,5,0,0
BRDA:51,5,1,1
BRDA:54,6,0,0
BRDA:54,6,1,0
BRDA:58,7,0,0
BRDA:58,7,1,1
BRDA:78,8,0,11
BRDA:78,8,1,11
BRDA:86,9,0,0
BRDA:86,9,1,1
BRF:20
BRH:8
end_of_record
TN:
SF:app/articoli.js
FN:12,(anonymous_0)
FN:29,(anonymous_1)
FN:44,(anonymous_2)
FN:61,(anonymous_3)
FN:81,(anonymous_4)
FN:91,(anonymous_5)
FN:105,(anonymous_6)
FN:116,(anonymous_7)
FN:129,(anonymous_8)
FN:135,(anonymous_9)
FN:141,(anonymous_10)
FN:152,insertRecordToMongoDB
FNF:12
FNH:0
FNDA:0,(anonymous_0)
FNDA:0,(anonymous_1)
FNDA:0,(anonymous_2)
FNDA:0,(anonymous_3)
FNDA:0,(anonymous_4)
FNDA:0,(anonymous_5)
FNDA:0,(anonymous_6)
FNDA:0,(anonymous_7)
FNDA:0,(anonymous_8)
FNDA:0,(anonymous_9)
FNDA:0,(anonymous_10)
FNDA:0,insertRecordToMongoDB
DA:1,11
DA:2,11
DA:4,11
DA:5,11
DA:7,11
DA:9,11
DA:12,11
DA:13,0
DA:14,0
DA:15,0
DA:16,0
DA:17,0
DA:19,0
DA:23,0
DA:24,0
DA:29,11
DA:30,0
DA:31,0
DA:32,0
DA:33,0
DA:34,0
DA:36,0
DA:39,0
DA:40,0
DA:44,11
DA:45,0
DA:46,0
DA:47,0
DA:49,0
DA:50,0
DA:52,0
DA:55,0
DA:56,0
DA:61,11
DA:62,0
DA:63,0
DA:64,0
DA:65,0
DA:76,0
DA:81,11
DA:82,0
DA:83,0
DA:84,0
DA:86,0
DA:91,11
DA:92,0
DA:93,0
DA:98,0
DA:100,0
DA:105,11
DA:106,0
DA:107,0
DA:108,0
DA:110,0
DA:116,11
DA:117,0
DA:118,0
DA:119,0
DA:121,0
DA:127,11
DA:129,11
DA:130,0
DA:131,0
DA:133,0
DA:136,0
DA:137,0
DA:142,0
DA:143,0
DA:147,0
DA:148,0
DA:153,0
DA:154,0
DA:155,0
DA:156,0
DA:157,0
DA:159,0
DA:160,0
DA:162,0
DA:166,11
LF:79
LH:17
BRDA:15,0,0,0
BRDA:15,0,1,0
BRDA:16,1,0,0
BRDA:16,1,1,0
BRDA:23,2,0,0
BRDA:23,2,1,0
BRDA:33,3,0,0
BRDA:33,3,1,0
BRDA:39,4,0,0
BRDA:39,4,1,0
BRDA:49,5,0,0
BRDA:49,5,1,0
BRDA:55,6,0,0
BRDA:55,6,1,0
BRDA:136,7,0,0
BRDA:136,7,1,0
BRDA:147,8,0,0
BRDA:147,8,1,0
BRDA:160,9,0,0
BRDA:160,9,1,0
BRDA:162,10,0,0
BRDA:162,10,1,0
BRF:22
BRH:0
end_of_record
TN:
SF:app/authentication.js
FN:9,(anonymous_0)
FNF:1
FNH:0
FNDA:0,(anonymous_0)
DA:1,11
DA:2,11
DA:3,11
DA:4,11
DA:9,11
DA:11,0
DA:13,0
DA:16,0
DA:20,0
DA:21,0
DA:22,0
DA:23,0
DA:24,0
DA:27,0
DA:28,0
DA:29,0
DA:30,0
DA:33,0
DA:37,0
DA:41,0
DA:47,0
DA:51,0
DA:53,0
DA:64,11
LF:24
LH:6
BRDA:13,0,0,0
BRDA:13,0,1,0
BRDA:20,1,0,0
BRDA:20,1,1,0
BRDA:21,2,0,0
BRDA:21,2,1,0
BRDA:22,3,0,0
BRDA:22,3,1,0
BRDA:27,4,0,0
BRDA:27,4,1,0
BRDA:28,5,0,0
BRDA:28,5,1,0
BRF:12
BRH:0
end_of_record
TN:
SF:app/aziende.js
FN:7,(anonymous_0)
FN:20,(anonymous_1)
FN:34,(anonymous_2)
FN:54,(anonymous_3)
FN:64,(anonymous_4)
FN:76,(anonymous_5)
FN:86,(anonymous_6)
FNF:7
FNH:0
FNDA:0,(anonymous_0)
FNDA:0,(anonymous_1)
FNDA:0,(anonymous_2)
FNDA:0,(anonymous_3)
FNDA:0,(anonymous_4)
FNDA:0,(anonymous_5)
FNDA:0,(anonymous_6)
DA:1,11
DA:2,11
DA:4,11
DA:7,11
DA:8,0
DA:9,0
DA:11,0
DA:12,0
DA:14,0
DA:15,0
DA:20,11
DA:21,0
DA:22,0
DA:23,0
DA:25,0
DA:26,0
DA:28,0
DA:29,0
DA:34,11
DA:35,0
DA:36,0
DA:37,0
DA:38,0
DA:49,0
DA:54,11
DA:55,0
DA:56,0
DA:57,0
DA:59,0
DA:64,11
DA:65,0
DA:66,0
DA:67,0
DA:68,0
DA:69,0
DA:71,0
DA:76,11
DA:77,0
DA:78,0
DA:79,0
DA:81,0
DA:86,11
DA:87,0
DA:88,0
DA:89,0
DA:90,0
DA:92,0
DA:96,11
LF:48
LH:11
BRDA:11,0,0,0
BRDA:11,0,1,0
BRDA:14,1,0,0
BRDA:14,1,1,0
BRDA:25,2,0,0
BRDA:25,2,1,0
BRDA:28,3,0,0
BRDA:28,3,1,0
BRF:8
BRH:0
end_of_record
TN:
SF:app/cataloghi.js
FN:7,(anonymous_0)
FN:23,(anonymous_1)
FN:39,(anonymous_2)
FN:56,(anonymous_3)
FN:76,(anonymous_4)
FN:86,(anonymous_5)
FN:98,(anonymous_6)
FN:108,(anonymous_7)
FNF:8
FNH:0
FNDA:0,(anonymous_0)
FNDA:0,(anonymous_1)
FNDA:0,(anonymous_2)
FNDA:0,(anonymous_3)
FNDA:0,(anonymous_4)
FNDA:0,(anonymous_5)
FNDA:0,(anonymous_6)
FNDA:0,(anonymous_7)
DA:1,11
DA:2,11
DA:4,11
DA:7,11
DA:8,0
DA:9,0
DA:11,0
DA:12,0
DA:14,0
DA:17,0
DA:18,0
DA:23,11
DA:24,0
DA:25,0
DA:26,0
DA:28,0
DA:29,0
DA:31,0
DA:34,0
DA:35,0
DA:39,11
DA:40,0
DA:41,0
DA:42,0
DA:44,0
DA:45,0
DA:47,0
DA:50,0
DA:51,0
DA:56,11
DA:57,0
DA:58,0
DA:59,0
DA:60,0
DA:71,0
DA:76,11
DA:77,0
DA:78,0
DA:79,0
DA:81,0
DA:86,11
DA:87,0
DA:88,0
DA:89,0
DA:90,0
DA:91,0
DA:93,0
DA:98,11
DA:99,0
DA:100,0
DA:101,0
DA:103,0
DA:108,11
DA:109,0
DA:110,0
DA:111,0
DA:112,0
DA:114,0
DA:118,11
LF:59
LH:12
BRDA:11,0,0,0
BRDA:11,0,1,0
BRDA:17,1,0,0
BRDA:17,1,1,0
BRDA:28,2,0,0
BRDA:28,2,1,0
BRDA:34,3,0,0
BRDA:34,3,1,0
BRDA:44,4,0,0
BRDA:44,4,1,0
BRDA:50,5,0,0
BRDA:50,5,1,0
BRF:12
BRH:0
end_of_record
TN:
SF:app/clienti.js
FN:7,(anonymous_0)
FN:24,(anonymous_1)
FN:40,(anonymous_2)
FN:61,(anonymous_3)
FN:71,(anonymous_4)
FN:83,(anonymous_5)
FN:93,(anonymous_6)
FNF:7
FNH:0
FNDA:0,(anonymous_0)
FNDA:0,(anonymous_1)
FNDA:0,(anonymous_2)
FNDA:0,(anonymous_3)
FNDA:0,(anonymous_4)
FNDA:0,(anonymous_5)
FNDA:0,(anonymous_6)
DA:1,11
DA:2,11
DA:4,11
DA:7,11
DA:8,0
DA:10,0
DA:12,0
DA:13,0
DA:15,0
DA:18,0
DA:19,0
DA:24,11
DA:25,0
DA:26,0
DA:27,0
DA:28,0
DA:29,0
DA:31,0
DA:34,0
DA:35,0
DA:40,11
DA:41,0
DA:42,0
DA:43,0
DA:44,0
DA:45,0
DA:56,0
DA:61,11
DA:62,0
DA:63,0
DA:64,0
DA:66,0
DA:71,11
DA:72,0
DA:73,0
DA:74,0
DA:75,0
DA:76,0
DA:78,0
DA:83,11
DA:84,0
DA:85,0
DA:86,0
DA:88,0
DA:93,11
DA:94,0
DA:95,0
DA:96,0
DA:97,0
DA:99,0
DA:103,11
LF:51
LH:11
BRDA:12,0,0,0
BRDA:12,0,1,0
BRDA:18,1,0,0
BRDA:18,1,1,0
BRDA:28,2,0,0
BRDA:28,2,1,0
BRDA:34,3,0,0
BRDA:34,3,1,0
BRDA:42,4,0,0
BRDA:42,4,1,0
BRF:10
BRH:0
end_of_record
TN:
SF:app/dipendenti.js
FN:7,(anonymous_0)
FN:19,(anonymous_1)
FN:33,(anonymous_2)
FN:53,(anonymous_3)
FN:63,(anonymous_4)
FN:75,(anonymous_5)
FN:85,(anonymous_6)
FNF:7
FNH:0
FNDA:0,(anonymous_0)
FNDA:0,(anonymous_1)
FNDA:0,(anonymous_2)
FNDA:0,(anonymous_3)
FNDA:0,(anonymous_4)
FNDA:0,(anonymous_5)
FNDA:0,(anonymous_6)
DA:1,11
DA:2,11
DA:4,11
DA:7,11
DA:8,0
DA:9,0
DA:10,0
DA:11,0
DA:13,0
DA:14,0
DA:19,11
DA:20,0
DA:21,0
DA:22,0
DA:24,0
DA:25,0
DA:27,0
DA:28,0
DA:33,11
DA:34,0
DA:35,0
DA:36,0
DA:37,0
DA:48,0
DA:53,11
DA:54,0
DA:55,0
DA:56,0
DA:58,0
DA:63,11
DA:64,0
DA:65,0
DA:66,0
DA:67,0
DA:68,0
DA:70,0
DA:75,11
DA:76,0
DA:77,0
DA:78,0
DA:80,0
DA:85,11
DA:86,0
DA:87,0
DA:88,0
DA:89,0
DA:91,0
DA:95,11
LF:48
LH:11
BRDA:10,0,0,0
BRDA:10,0,1,0
BRDA:13,1,0,0
BRDA:13,1,1,0
BRDA:24,2,0,0
BRDA:24,2,1,0
BRDA:27,3,0,0
BRDA:27,3,1,0
BRF:8
BRH:0
end_of_record
TN:
SF:app/exportPDF.js
FN:7,exportTableToPdf
FN:121,(anonymous_1)
FN:126,(anonymous_2)
FN:152,(anonymous_3)
FN:155,(anonymous_4)
FN:160,(anonymous_5)
FNF:6
FNH:3
FNDA:1,exportTableToPdf
FNDA:1,(anonymous_1)
FNDA:0,(anonymous_2)
FNDA:0,(anonymous_3)
FNDA:0,(anonymous_4)
FNDA:1,(anonymous_5)
DA:1,11
DA:2,11
DA:3,11
DA:4,11
DA:5,11
DA:8,1
DA:9,1
DA:12,1
DA:104,1
DA:116,0
DA:121,11
DA:122,1
DA:123,1
DA:125,1
DA:127,0
DA:129,0
DA:131,0
DA:132,0
DA:135,0
DA:151,0
DA:153,0
DA:156,0
DA:160,1
DA:163,11
LF:24
LH:15
BRF:0
BRH:0
end_of_record
TN:
SF:app/ordini.js
FN:7,(anonymous_0)
FN:24,(anonymous_1)
FN:41,(anonymous_2)
FN:58,(anonymous_3)
FN:76,(anonymous_4)
FN:96,(anonymous_5)
FN:106,(anonymous_6)
FN:118,(anonymous_7)
FN:128,(anonymous_8)
FNF:9
FNH:0
FNDA:0,(anonymous_0)
FNDA:0,(anonymous_1)
FNDA:0,(anonymous_2)
FNDA:0,(anonymous_3)
FNDA:0,(anonymous_4)
FNDA:0,(anonymous_5)
FNDA:0,(anonymous_6)
FNDA:0,(anonymous_7)
FNDA:0,(anonymous_8)
DA:1,11
DA:2,11
DA:4,11
DA:7,11
DA:8,0
DA:9,0
DA:11,0
DA:12,0
DA:14,0
DA:18,0
DA:19,0
DA:24,11
DA:25,0
DA:26,0
DA:27,0
DA:29,0
DA:30,0
DA:32,0
DA:35,0
DA:36,0
DA:41,11
DA:42,0
DA:43,0
DA:44,0
DA:46,0
DA:47,0
DA:49,0
DA:52,0
DA:53,0
DA:58,11
DA:59,0
DA:60,0
DA:61,0
DA:63,0
DA:64,0
DA:66,0
DA:69,0
DA:70,0
DA:76,11
DA:77,0
DA:78,0
DA:79,0
DA:80,0
DA:91,0
DA:96,11
DA:97,0
DA:98,0
DA:99,0
DA:101,0
DA:106,11
DA:107,0
DA:108,0
DA:109,0
DA:110,0
DA:111,0
DA:113,0
DA:118,11
DA:119,0
DA:120,0
DA:121,0
DA:123,0
DA:128,11
DA:129,0
DA:130,0
DA:131,0
DA:132,0
DA:134,0
DA:138,11
LF:68
LH:13
BRDA:11,0,0,0
BRDA:11,0,1,0
BRDA:18,1,0,0
BRDA:18,1,1,0
BRDA:29,2,0,0
BRDA:29,2,1,0
BRDA:35,3,0,0
BRDA:35,3,1,0
BRDA:46,4,0,0
BRDA:46,4,1,0
BRDA:52,5,0,0
BRDA:52,5,1,0
BRDA:63,6,0,0
BRDA:63,6,1,0
BRDA:69,7,0,0
BRDA:69,7,1,0
BRF:16
BRH:0
end_of_record
TN:
SF:app/reimpostaPassword.js
FN:8,(anonymous_0)
FN:37,(anonymous_1)
FN:42,(anonymous_2)
FNF:3
FNH:0
FNDA:0,(anonymous_0)
FNDA:0,(anonymous_1)
FNDA:0,(anonymous_2)
DA:1,11
DA:2,11
DA:4,11
DA:5,11
DA:8,11
DA:10,0
DA:12,0
DA:13,0
DA:15,0
DA:17,0
DA:20,0
DA:21,0
DA:23,0
DA:27,0
DA:28,0
DA:29,0
DA:37,0
DA:38,0
DA:39,0
DA:40,0
DA:43,0
DA:47,0
DA:51,0
DA:54,0
DA:55,0
DA:59,11
LF:26
LH:6
BRDA:10,0,0,0
BRDA:10,0,1,0
BRDA:15,1,0,0
BRDA:15,1,1,0
BRDA:20,2,0,0
BRDA:20,2,1,0
BRDA:21,3,0,0
BRDA:21,3,1,0
BRDA:27,4,0,0
BRDA:27,4,1,0
BRDA:28,5,0,0
BRDA:28,5,1,0
BRDA:38,6,0,0
BRDA:38,6,1,0
BRDA:39,7,0,0
BRDA:39,7,1,0
BRDA:43,8,0,0
BRDA:43,8,1,0
BRDA:54,9,0,0
BRDA:54,9,1,0
BRF:20
BRH:0
end_of_record
TN:
SF:app/subagenti.js
FN:7,(anonymous_0)
FN:23,(anonymous_1)
FN:40,(anonymous_2)
FN:60,(anonymous_3)
FN:70,(anonymous_4)
FN:82,(anonymous_5)
FN:97,(anonymous_6)
FN:112,(anonymous_7)
FN:122,(anonymous_8)
FNF:9
FNH:0
FNDA:0,(anonymous_0)
FNDA:0,(anonymous_1)
FNDA:0,(anonymous_2)
FNDA:0,(anonymous_3)
FNDA:0,(anonymous_4)
FNDA:0,(anonymous_5)
FNDA:0,(anonymous_6)
FNDA:0,(anonymous_7)
FNDA:0,(anonymous_8)
DA:1,11
DA:2,11
DA:4,11
DA:7,11
DA:8,0
DA:9,0
DA:11,0
DA:12,0
DA:14,0
DA:17,0
DA:18,0
DA:23,11
DA:24,0
DA:25,0
DA:26,0
DA:28,0
DA:29,0
DA:31,0
DA:34,0
DA:35,0
DA:40,11
DA:41,0
DA:42,0
DA:43,0
DA:44,0
DA:55,0
DA:60,11
DA:61,0
DA:62,0
DA:63,0
DA:65,0
DA:70,11
DA:71,0
DA:72,0
DA:73,0
DA:74,0
DA:75,0
DA:77,0
DA:82,11
DA:83,0
DA:84,0
DA:85,0
DA:86,0
DA:90,0
DA:92,0
DA:97,11
DA:98,0
DA:99,0
DA:100,0
DA:101,0
DA:105,0
DA:107,0
DA:112,11
DA:113,0
DA:114,0
DA:115,0
DA:117,0
DA:122,11
DA:123,0
DA:124,0
DA:125,0
DA:126,0
DA:128,0
DA:132,11
LF:64
LH:13
BRDA:11,0,0,0
BRDA:11,0,1,0
BRDA:17,1,0,0
BRDA:17,1,1,0
BRDA:28,2,0,0
BRDA:28,2,1,0
BRDA:34,3,0,0
BRDA:34,3,1,0
BRF:8
BRH:0
end_of_record
TN:
SF:app/tecnici.js
FN:7,(anonymous_0)
FN:20,(anonymous_1)
FN:34,(anonymous_2)
FN:54,(anonymous_3)
FN:64,(anonymous_4)
FN:76,(anonymous_5)
FN:86,(anonymous_6)
FNF:7
FNH:0
FNDA:0,(anonymous_0)
FNDA:0,(anonymous_1)
FNDA:0,(anonymous_2)
FNDA:0,(anonymous_3)
FNDA:0,(anonymous_4)
FNDA:0,(anonymous_5)
FNDA:0,(anonymous_6)
DA:1,11
DA:2,11
DA:4,11
DA:7,11
DA:8,0
DA:9,0
DA:11,0
DA:12,0
DA:14,0
DA:15,0
DA:20,11
DA:21,0
DA:22,0
DA:23,0
DA:25,0
DA:26,0
DA:28,0
DA:29,0
DA:34,11
DA:35,0
DA:36,0
DA:37,0
DA:38,0
DA:49,0
DA:54,11
DA:55,0
DA:56,0
DA:57,0
DA:59,0
DA:64,11
DA:65,0
DA:66,0
DA:67,0
DA:68,0
DA:69,0
DA:71,0
DA:76,11
DA:77,0
DA:78,0
DA:79,0
DA:81,0
DA:86,11
DA:87,0
DA:88,0
DA:89,0
DA:90,0
DA:92,0
DA:96,11
LF:48
LH:11
BRDA:11,0,0,0
BRDA:11,0,1,0
BRDA:14,1,0,0
BRDA:14,1,1,0
BRDA:25,2,0,0
BRDA:25,2,1,0
BRDA:28,3,0,0
BRDA:28,3,1,0
BRF:8
BRH:0
end_of_record
TN:
SF:app/tokenChecker.js
FN:3,(anonymous_0)
FN:30,(anonymous_1)
FNF:2
FNH:1
FNDA:1,(anonymous_0)
FNDA:0,(anonymous_1)
DA:1,11
DA:3,11
DA:5,1
DA:6,1
DA:8,1
DA:11,1
DA:14,1
DA:15,0
DA:21,1
DA:23,1
DA:24,1
DA:25,1
DA:30,0
DA:31,0
DA:32,0
DA:38,0
DA:39,0
DA:40,0
DA:47,11
LF:19
LH:12
BRDA:8,0,0,0
BRDA:8,0,1,1
BRDA:11,1,0,1
BRDA:11,1,1,1
BRDA:11,1,2,1
BRDA:14,2,0,0
BRDA:14,2,1,1
BRDA:21,3,0,1
BRDA:21,3,1,0
BRDA:23,4,0,0
BRDA:23,4,1,1
BRDA:31,5,0,0
BRDA:31,5,1,0
BRDA:38,6,0,0
BRDA:38,6,1,0
BRF:15
BRH:7
end_of_record
TN:
SF:app/users.js
FN:7,(anonymous_0)
FN:19,(anonymous_1)
FN:35,(anonymous_2)
FN:51,(anonymous_3)
FN:71,(anonymous_4)
FN:81,(anonymous_5)
FN:98,(anonymous_6)
FN:109,(anonymous_7)
FNF:8
FNH:0
FNDA:0,(anonymous_0)
FNDA:0,(anonymous_1)
FNDA:0,(anonymous_2)
FNDA:0,(anonymous_3)
FNDA:0,(anonymous_4)
FNDA:0,(anonymous_5)
FNDA:0,(anonymous_6)
FNDA:0,(anonymous_7)
DA:1,11
DA:2,11
DA:4,11
DA:7,11
DA:8,0
DA:9,0
DA:10,0
DA:11,0
DA:13,0
DA:14,0
DA:19,11
DA:20,0
DA:21,0
DA:22,0
DA:23,0
DA:24,0
DA:26,0
DA:29,0
DA:30,0
DA:35,11
DA:36,0
DA:37,0
DA:38,0
DA:39,0
DA:40,0
DA:42,0
DA:45,0
DA:46,0
DA:51,11
DA:52,0
DA:53,0
DA:54,0
DA:55,0
DA:66,0
DA:71,11
DA:72,0
DA:73,0
DA:74,0
DA:76,0
DA:81,11
DA:82,0
DA:83,0
DA:84,0
DA:86,0
DA:91,0
DA:93,0
DA:98,11
DA:99,0
DA:100,0
DA:101,0
DA:103,0
DA:109,11
DA:110,0
DA:111,0
DA:112,0
DA:114,0
DA:118,11
LF:57
LH:12
BRDA:10,0,0,0
BRDA:10,0,1,0
BRDA:13,1,0,0
BRDA:13,1,1,0
BRDA:23,2,0,0
BRDA:23,2,1,0
BRDA:29,3,0,0
BRDA:29,3,1,0
BRDA:39,4,0,0
BRDA:39,4,1,0
BRDA:45,5,0,0
BRDA:45,5,1,0
BRDA:83,6,0,0
BRDA:83,6,1,0
BRDA:84,7,0,0
BRDA:84,7,1,0
BRF:16
BRH:0
end_of_record
TN:
SF:app/models/articolo.js
FNF:0
FNH:0
DA:1,11
DA:2,11
DA:3,11
DA:5,11
DA:20,11
DA:22,11
LF:6
LH:6
BRF:0
BRH:0
end_of_record
TN:
SF:app/models/azienda.js
FNF:0
FNH:0
DA:1,11
DA:2,11
DA:4,11
DA:14,11
DA:16,11
LF:5
LH:5
BRF:0
BRH:0
end_of_record
TN:
SF:app/models/catalogo.js
FNF:0
FNH:0
DA:1,11
DA:2,11
DA:4,11
DA:14,11
DA:16,11
LF:5
LH:5
BRF:0
BRH:0
end_of_record
TN:
SF:app/models/chiave.js
FNF:0
FNH:0
DA:1,11
DA:2,11
DA:4,11
DA:12,11
DA:14,11
LF:5
LH:5
BRF:0
BRH:0
end_of_record
TN:
SF:app/models/cliente.js
FNF:0
FNH:0
DA:1,11
DA:2,11
DA:4,11
DA:13,11
DA:15,11
LF:5
LH:5
BRF:0
BRH:0
end_of_record
TN:
SF:app/models/dipendente.js
FNF:0
FNH:0
DA:1,11
DA:2,11
DA:4,11
DA:12,11
DA:14,11
LF:5
LH:5
BRF:0
BRH:0
end_of_record
TN:
SF:app/models/ordine.js
FNF:0
FNH:0
DA:1,11
DA:2,11
DA:4,11
DA:19,11
DA:21,11
LF:5
LH:5
BRF:0
BRH:0
end_of_record
TN:
SF:app/models/subagente.js
FNF:0
FNH:0
DA:1,11
DA:2,11
DA:4,11
DA:15,11
DA:17,11
LF:5
LH:5
BRF:0
BRH:0
end_of_record
TN:
SF:app/models/tecnico.js
FNF:0
FNH:0
DA:1,11
DA:2,11
DA:4,11
DA:12,11
DA:14,11
LF:5
LH:5
BRF:0
BRH:0
end_of_record
TN:
SF:app/models/user.js
FNF:0
FNH:0
DA:1,11
DA:2,11
DA:4,11
DA:18,11
DA:20,11
LF:5
LH:5
BRF:0
BRH:0
end_of_record
